<?xml version="1.0" encoding="UTF-8"?>
<testsuite xmlns:xsi="http://www.w3.org/2001/XMLSchema-instance" xsi:noNamespaceSchemaLocation="https://maven.apache.org/surefire/maven-failsafe-plugin/xsd/failsafe-test-report-3.0.xsd" version="3.0" name="runners.CucumberTestSuite" time="20.518" tests="2" errors="0" skipped="0" failures="1">
  <properties>
[...]
</properties>
  <testcase name="Validar que make appointment fue exitosa #1" classname="Funcionalidad make appointment" time="12.338">
    <system-out><![CDATA[19:44:56.015 [main] DEBUG net.thucydides.core.guice.Injectors - Created injector for module net.thucydides.core.guice.ThucydidesModule
19:44:56.197 [main] INFO io.cucumber.core.plugin.SerenityReporter - Running feature from file:///C:/Users/MSI/Downloads/serenityBDD-master/ProyectoSerenityBDD/src/test/resources/features/loginkatalon.feature
19:44:56.322 [main] DEBUG net.thucydides.core.guice.Injectors - Created injector for module net.thucydides.core.guice.webdriver.WebDriverModule
19:44:56.342 [main] INFO  - 

-------------------------------------------------------------------------------------
     _______. _______ .______       _______ .__   __.  __  .___________.____    ____ 
    /       ||   ____||   _  \     |   ____||  \ |  | |  | |           |\   \  /   / 
   |   (----`|  |__   |  |_)  |    |  |__   |   \|  | |  | `---|  |----` \   \/   /  
    \   \    |   __|  |      /     |   __|  |  . `  | |  |     |  |       \_    _/   
.----)   |   |  |____ |  |\  \----.|  |____ |  |\   | |  |     |  |         |  |     
|_______/    |_______|| _| `._____||_______||__| \__| |__|     |__|         |__|    
                                                                                     
 News and tutorials at http://www.serenity-bdd.info                                  
 Documentation at https://wakaleo.gitbooks.io/the-serenity-book/content/             
 Join the Serenity Community on Gitter: https://gitter.im/serenity-bdd/serenity-core 
 Serenity BDD Support and Training at http://serenity-bdd.info/#/trainingandsupport  
-------------------------------------------------------------------------------------

19:44:56.344 [main] DEBUG net.thucydides.core.steps.StepEventBus - Test suite started for story net.thucydides.core.model.Story@f092bf87
19:44:56.345 [main] INFO  - Test Suite Started: Funcionalidad make appointment
19:44:56.358 [main] INFO io.cucumber.core.plugin.SerenityReporter - Running feature from file:///C:/Users/MSI/Downloads/serenityBDD-master/ProyectoSerenityBDD/src/test/resources/features/loginkatalon.feature
19:44:56.360 [main] DEBUG net.thucydides.core.steps.StepEventBus - Test suite started for story net.thucydides.core.model.Story@f092bf87
19:44:56.360 [main] INFO  - Test Suite Started: Funcionalidad make appointment
19:44:56.422 [main] INFO io.cucumber.core.plugin.SerenityReporter - Running feature from file:///C:/Users/MSI/Downloads/serenityBDD-master/ProyectoSerenityBDD/src/test/resources/features/loginkatalon.feature
19:44:56.541 [main] INFO  - 
  _____   ___   ___   _____     ___   _____     _     ___   _____   ___   ___  
 |_   _| | __| / __| |_   _|   / __| |_   _|   /_\   | _ \ |_   _| | __| |   \ 
   | |   | _|  \__ \   | |     \__ \   | |    / _ \  |   /   | |   | _|  | |) |
   |_|   |___| |___/   |_|     |___/   |_|   /_/ \_\ |_|_\   |_|   |___| |___/ 

Validar que make appointment fue exitosa(funcionalidad-make-appointment;validar-que-make-appointment-fue-exitosa)
--------------------------------------------------------------------------------
19:44:57.384 [main] INFO net.serenitybdd.core.webdriver.driverproviders.DriverProvider - Using WebDriverManager configuration for chrome
19:44:57.683 [main] DEBUG io.github.bonigarcia.wdm.cache.ResolutionCache - Resolution chrome=108 in cache (valid until 20:22:52 11/01/2023 COT)
19:44:57.683 [main] DEBUG io.github.bonigarcia.wdm.cache.ResolutionCache - Resolution chrome108=108.0.5359.71 in cache (valid until 10:17:15 12/01/2023 COT)
19:44:57.684 [main] INFO io.github.bonigarcia.wdm.WebDriverManager - Using chromedriver 108.0.5359.71 (resolved driver for Chrome 108)
19:44:57.694 [main] DEBUG io.github.bonigarcia.wdm.WebDriverManager - Driver chromedriver 108.0.5359.71 found in cache
19:44:57.695 [main] INFO io.github.bonigarcia.wdm.WebDriverManager - Exporting webdriver.chrome.driver as C:\Users\MSI\.cache\selenium\chromedriver\win32\108.0.5359.71\chromedriver.exe
19:44:57.763 [main] INFO net.serenitybdd.core.webdriver.driverproviders.ChromeDriverProvider - Starting Chrome driver instance with capabilities:
19:44:57.765 [main] INFO net.serenitybdd.core.webdriver.driverproviders.ChromeDriverProvider - Capabilities {acceptInsecureCerts: false, browserName: chrome, goog:chromeOptions: {args: [], extensions: []}}
19:44:57.818 [main] DEBUG io.netty.util.internal.logging.InternalLoggerFactory - Using SLF4J as the default logging framework
19:44:57.821 [main] DEBUG io.netty.util.ResourceLeakDetector - -Dio.netty.leakDetection.level: simple
19:44:57.821 [main] DEBUG io.netty.util.ResourceLeakDetector - -Dio.netty.leakDetection.targetRecords: 4
19:44:57.824 [main] DEBUG io.netty.util.ResourceLeakDetectorFactory - Loaded default ResourceLeakDetector: io.netty.util.ResourceLeakDetector@5feb82b3
19:44:57.841 [main] DEBUG io.netty.util.internal.PlatformDependent0 - -Dio.netty.noUnsafe: false
19:44:57.841 [main] DEBUG io.netty.util.internal.PlatformDependent0 - Java version: 11
19:44:57.841 [main] DEBUG io.netty.util.internal.PlatformDependent0 - sun.misc.Unsafe.theUnsafe: available
19:44:57.842 [main] DEBUG io.netty.util.internal.PlatformDependent0 - sun.misc.Unsafe.copyMemory: available
19:44:57.842 [main] DEBUG io.netty.util.internal.PlatformDependent0 - sun.misc.Unsafe.storeFence: available
19:44:57.842 [main] DEBUG io.netty.util.internal.PlatformDependent0 - java.nio.Buffer.address: available
19:44:57.843 [main] DEBUG io.netty.util.internal.PlatformDependent0 - direct buffer constructor: unavailable: Reflective setAccessible(true) disabled
19:44:57.843 [main] DEBUG io.netty.util.internal.PlatformDependent0 - java.nio.Bits.unaligned: available, true
19:44:57.844 [main] DEBUG io.netty.util.internal.PlatformDependent0 - jdk.internal.misc.Unsafe.allocateUninitializedArray(int): unavailable: class io.netty.util.internal.PlatformDependent0$7 cannot access class jdk.internal.misc.Unsafe (in module java.base) because module java.base does not export jdk.internal.misc to unnamed module @5f577419
19:44:57.845 [main] DEBUG io.netty.util.internal.PlatformDependent0 - java.nio.DirectByteBuffer.<init>(long, int): unavailable
19:44:57.845 [main] DEBUG io.netty.util.internal.PlatformDependent - sun.misc.Unsafe: available
19:44:57.846 [main] DEBUG io.netty.util.internal.PlatformDependent - maxDirectMemory: 4248829952 bytes (maybe)
19:44:57.846 [main] DEBUG io.netty.util.internal.PlatformDependent - -Dio.netty.tmpdir: C:\Users\MSI\AppData\Local\Temp (java.io.tmpdir)
19:44:57.847 [main] DEBUG io.netty.util.internal.PlatformDependent - -Dio.netty.bitMode: 64 (sun.arch.data.model)
19:44:57.847 [main] DEBUG io.netty.util.internal.PlatformDependent - Platform: Windows
19:44:57.848 [main] DEBUG io.netty.util.internal.PlatformDependent - -Dio.netty.maxDirectMemory: -1 bytes
19:44:57.848 [main] DEBUG io.netty.util.internal.PlatformDependent - -Dio.netty.uninitializedArrayAllocationThreshold: -1
19:44:57.849 [main] DEBUG io.netty.util.internal.CleanerJava9 - java.nio.ByteBuffer.cleaner(): available
19:44:57.849 [main] DEBUG io.netty.util.internal.PlatformDependent - -Dio.netty.noPreferDirect: false
19:44:57.855 [main] DEBUG io.netty.util.internal.PlatformDependent - org.jctools-core.MpscChunkedArrayQueue: available
19:44:57.873 [main] DEBUG io.netty.util.internal.InternalThreadLocalMap - -Dio.netty.threadLocalMap.stringBuilder.initialSize: 1024
19:44:57.873 [main] DEBUG io.netty.util.internal.InternalThreadLocalMap - -Dio.netty.threadLocalMap.stringBuilder.maxSize: 4096
19:44:57.905 [main] DEBUG io.netty.handler.ssl.JdkSslContext - Default protocols (JDK): [TLSv1.3, TLSv1.2] 
19:44:57.905 [main] DEBUG io.netty.handler.ssl.JdkSslContext - Default cipher suites (JDK): [TLS_ECDHE_ECDSA_WITH_AES_256_GCM_SHA384, TLS_ECDHE_ECDSA_WITH_AES_128_GCM_SHA256, TLS_ECDHE_RSA_WITH_AES_128_GCM_SHA256, TLS_ECDHE_RSA_WITH_AES_256_GCM_SHA384, TLS_ECDHE_RSA_WITH_AES_128_CBC_SHA, TLS_ECDHE_RSA_WITH_AES_256_CBC_SHA, TLS_RSA_WITH_AES_128_GCM_SHA256, TLS_RSA_WITH_AES_128_CBC_SHA, TLS_RSA_WITH_AES_256_CBC_SHA, TLS_AES_128_GCM_SHA256, TLS_AES_256_GCM_SHA384]
19:44:57.928 [main] DEBUG io.netty.channel.MultithreadEventLoopGroup - -Dio.netty.eventLoopThreads: 24
19:44:57.935 [main] DEBUG io.netty.channel.nio.NioEventLoop - -Dio.netty.noKeySetOptimization: false
19:44:57.936 [main] DEBUG io.netty.channel.nio.NioEventLoop - -Dio.netty.selectorAutoRebuildThreshold: 512
19:44:57.973 [main] DEBUG io.netty.buffer.PooledByteBufAllocator - -Dio.netty.allocator.numHeapArenas: 24
19:44:57.973 [main] DEBUG io.netty.buffer.PooledByteBufAllocator - -Dio.netty.allocator.numDirectArenas: 24
19:44:57.973 [main] DEBUG io.netty.buffer.PooledByteBufAllocator - -Dio.netty.allocator.pageSize: 8192
19:44:57.973 [main] DEBUG io.netty.buffer.PooledByteBufAllocator - -Dio.netty.allocator.maxOrder: 9
19:44:57.973 [main] DEBUG io.netty.buffer.PooledByteBufAllocator - -Dio.netty.allocator.chunkSize: 4194304
19:44:57.973 [main] DEBUG io.netty.buffer.PooledByteBufAllocator - -Dio.netty.allocator.smallCacheSize: 256
19:44:57.973 [main] DEBUG io.netty.buffer.PooledByteBufAllocator - -Dio.netty.allocator.normalCacheSize: 64
19:44:57.973 [main] DEBUG io.netty.buffer.PooledByteBufAllocator - -Dio.netty.allocator.maxCachedBufferCapacity: 32768
19:44:57.973 [main] DEBUG io.netty.buffer.PooledByteBufAllocator - -Dio.netty.allocator.cacheTrimInterval: 8192
19:44:57.973 [main] DEBUG io.netty.buffer.PooledByteBufAllocator - -Dio.netty.allocator.cacheTrimIntervalMillis: 0
19:44:57.973 [main] DEBUG io.netty.buffer.PooledByteBufAllocator - -Dio.netty.allocator.useCacheForAllThreads: false
19:44:57.973 [main] DEBUG io.netty.buffer.PooledByteBufAllocator - -Dio.netty.allocator.maxCachedByteBuffersPerChunk: 1023
19:44:57.982 [main] DEBUG io.netty.buffer.ByteBufUtil - -Dio.netty.allocator.type: pooled
19:44:57.983 [main] DEBUG io.netty.buffer.ByteBufUtil - -Dio.netty.threadLocalDirectBufferSize: 0
19:44:57.983 [main] DEBUG io.netty.buffer.ByteBufUtil - -Dio.netty.maxThreadLocalCharBufferSize: 16384
19:44:58.696 [Forwarding newSession on session null to remote] DEBUG io.netty.channel.DefaultChannelId - -Dio.netty.processId: 19416 (auto-detected)
19:44:58.698 [Forwarding newSession on session null to remote] DEBUG io.netty.util.NetUtil - -Djava.net.preferIPv4Stack: false
19:44:58.698 [Forwarding newSession on session null to remote] DEBUG io.netty.util.NetUtil - -Djava.net.preferIPv6Addresses: false
19:44:58.784 [Forwarding newSession on session null to remote] DEBUG io.netty.util.NetUtilInitializations - Loopback interface: lo (Software Loopback Interface 1, 127.0.0.1)
19:44:58.785 [Forwarding newSession on session null to remote] DEBUG io.netty.util.NetUtil - Failed to get SOMAXCONN from sysctl and file \proc\sys\net\core\somaxconn. Default: 200
19:44:58.875 [Forwarding newSession on session null to remote] DEBUG io.netty.channel.DefaultChannelId - -Dio.netty.machineId: 34:c9:3d:ff:fe:a7:bc:d7 (auto-detected)
19:44:58.921 [AsyncHttpClient-1-2] DEBUG io.netty.buffer.AbstractByteBuf - -Dio.netty.buffer.checkAccessible: true
19:44:58.921 [AsyncHttpClient-1-2] DEBUG io.netty.buffer.AbstractByteBuf - -Dio.netty.buffer.checkBounds: true
19:44:58.921 [AsyncHttpClient-1-2] DEBUG io.netty.util.ResourceLeakDetectorFactory - Loaded default ResourceLeakDetector: io.netty.util.ResourceLeakDetector@476fad14
19:44:58.932 [AsyncHttpClient-1-2] DEBUG org.asynchttpclient.netty.channel.NettyConnectListener - Using new Channel '[id: 0x9bb442fe, L:/127.0.0.1:64207 - R:localhost/127.0.0.1:58436]' for 'POST' to '/session'
19:44:58.946 [AsyncHttpClient-1-2] DEBUG io.netty.util.Recycler - -Dio.netty.recycler.maxCapacityPerThread: 4096
19:44:58.946 [AsyncHttpClient-1-2] DEBUG io.netty.util.Recycler - -Dio.netty.recycler.ratio: 8
19:44:58.946 [AsyncHttpClient-1-2] DEBUG io.netty.util.Recycler - -Dio.netty.recycler.chunkSize: 32
19:44:58.946 [AsyncHttpClient-1-2] DEBUG io.netty.util.Recycler - -Dio.netty.recycler.blocking: false
19:44:59.539 [AsyncHttpClient-1-2] DEBUG io.netty.handler.codec.compression.Brotli - brotli4j not in the classpath; Brotli support will be unavailable.
19:44:59.539 [AsyncHttpClient-1-2] DEBUG org.asynchttpclient.netty.handler.HttpHandler - 

Request DefaultHttpRequest(decodeResult: success, version: HTTP/1.1)
POST /session HTTP/1.1
User-Agent: selenium/4.4.0 (java windows)
Content-Length: 437
Content-Type: application/json; charset=utf-8
host: localhost:58436
accept: */*

Response DefaultHttpResponse(decodeResult: success, version: HTTP/1.1)
HTTP/1.1 200 OK
Content-Type: application/json; charset=utf-8
cache-control: no-cache
content-length: 790

19:44:59.545 [AsyncHttpClient-1-2] DEBUG org.asynchttpclient.netty.channel.ChannelManager - Adding key: http://localhost:58436 for channel [id: 0x9bb442fe, L:/127.0.0.1:64207 - R:localhost/127.0.0.1:58436]
19:44:59.636 [AsyncHttpClient-1-3] DEBUG org.asynchttpclient.netty.channel.NettyConnectListener - Using new Channel '[id: 0x7e5f51d7, L:/127.0.0.1:64217 - R:localhost/127.0.0.1:64210]' for 'GET' to '/json/version'
19:44:59.638 [AsyncHttpClient-1-3] DEBUG org.asynchttpclient.netty.handler.HttpHandler - 

Request DefaultFullHttpRequest(decodeResult: success, version: HTTP/1.1, content: EmptyByteBufBE)
GET /json/version HTTP/1.1
User-Agent: selenium/4.4.0 (java windows)
host: localhost:64210
accept: */*

Response DefaultHttpResponse(decodeResult: success, version: HTTP/1.1)
HTTP/1.1 200 OK
Content-Type: application/json; charset=UTF-8
content-length: 424

19:44:59.638 [AsyncHttpClient-1-3] DEBUG org.asynchttpclient.netty.channel.ChannelManager - Adding key: http://localhost:64210 for channel [id: 0x7e5f51d7, L:/127.0.0.1:64217 - R:localhost/127.0.0.1:64210]
19:44:59.649 [main] DEBUG io.netty.util.internal.ThreadLocalRandom - -Dio.netty.initialSeedUniquifier: 0xc2af52b69443bcb1
19:44:59.657 [AsyncHttpClient-1-4] DEBUG org.asynchttpclient.netty.channel.NettyConnectListener - Using new Channel '[id: 0x34f8e04f, L:/127.0.0.1:64218 - R:localhost/127.0.0.1:64210]' for 'GET' to '/devtools/browser/b75d2b57-0caa-4749-8ceb-df2f9e609728'
19:44:59.660 [AsyncHttpClient-1-4] DEBUG org.asynchttpclient.netty.handler.WebSocketHandler - 

Request DefaultFullHttpRequest(decodeResult: success, version: HTTP/1.1, content: EmptyByteBufBE)
GET /devtools/browser/b75d2b57-0caa-4749-8ceb-df2f9e609728 HTTP/1.1
upgrade: websocket
connection: upgrade
sec-websocket-key: sjRia8g1lKXkGHSybSVaDg==
sec-websocket-version: 13
origin: http://localhost:64210
host: localhost:64210
accept: */*
user-agent: AHC/2.1

Response DefaultHttpResponse(decodeResult: success, version: HTTP/1.1)
HTTP/1.1 101 WebSocket Protocol Handshake
Upgrade: WebSocket
Connection: Upgrade
Sec-WebSocket-Accept: lJVIjgcDvFKgH31LSMoSCp29ffo=

19:45:00.059 [AsyncHttpClient-1-1] DEBUG org.asynchttpclient.netty.channel.DefaultChannelPool - Entry count for : http://localhost:58436 : 1
19:45:00.059 [AsyncHttpClient-1-1] DEBUG org.asynchttpclient.netty.channel.DefaultChannelPool - Entry count for : http://localhost:64210 : 1
19:45:00.395 [main] DEBUG net.thucydides.core.reflection.ClassFinder - Could not load class .actions.SelectOptions
19:45:00.395 [main] DEBUG net.thucydides.core.reflection.ClassFinder - Could not load class .pageobject.Appointment
19:45:00.395 [main] DEBUG net.thucydides.core.reflection.ClassFinder - Could not load class .pageobject.Home
19:45:00.395 [main] DEBUG net.thucydides.core.reflection.ClassFinder - Could not load class .pageobject.Login
19:45:00.395 [main] DEBUG net.thucydides.core.reflection.ClassFinder - Could not load class .pageobject.MakeAppointment
19:45:00.395 [main] DEBUG net.thucydides.core.reflection.ClassFinder - Could not load class .runners.CucumberTestSuite
19:45:00.395 [main] DEBUG net.thucydides.core.reflection.ClassFinder - Could not load class .stepsdefinitions.AppointmentStepsDefinitions
19:45:00.396 [main] DEBUG net.thucydides.core.reflection.ClassFinder - Could not load class META-INF.versions.9.com.sun.istack.logging.StackHelper
19:45:00.397 [main] DEBUG net.thucydides.core.reflection.ClassFinder - Could not load class META-INF.versions.9.com.sun.xml.bind.v2.runtime.reflect.opt.AccessorInjector
19:45:00.397 [main] DEBUG net.thucydides.core.reflection.ClassFinder - Could not load class META-INF.versions.9.com.sun.xml.bind.v2.runtime.reflect.opt.Injector
19:45:00.397 [main] DEBUG net.thucydides.core.reflection.ClassFinder - Could not load class META-INF.versions.9.com.sun.xml.bind.v2.runtime.reflect.opt.OptimizedAccessorFactory
19:45:00.398 [main] DEBUG net.thucydides.core.reflection.ClassFinder - Could not load class META-INF.versions.9.com.sun.xml.bind.v2.runtime.reflect.opt.OptimizedTransducedAccessorFactory
19:45:00.398 [main] DEBUG net.thucydides.core.reflection.ClassFinder - Could not load class META-INF.versions.9.io.opentelemetry.sdk.internal.CurrentJavaVersionSpecific
19:45:00.398 [main] DEBUG net.thucydides.core.reflection.ClassFinder - Could not load class META-INF.versions.9.io.opentelemetry.sdk.internal.Java9VersionSpecific
19:45:00.399 [main] DEBUG net.thucydides.core.reflection.ClassFinder - Could not load class META-INF.versions.9.javax.xml.bind.ModuleUtil
19:45:00.399 [main] DEBUG net.thucydides.core.reflection.ClassFinder - Could not load class META-INF.versions.9.module-info
19:45:00.400 [main] DEBUG net.thucydides.core.reflection.ClassFinder - Could not load class META-INF.versions.9.org.junit.platform.commons.util.ModuleUtils
19:45:00.796 [main] DEBUG net.thucydides.core.reflection.ClassFinder - Could not load class com.google.gson.internal.
19:45:01.027 [main] DEBUG net.thucydides.core.reflection.ClassFinder - Could not load class com.sun.xml.bind.v2.runtime.output.FastInfosetStreamWriterOutput
19:45:01.163 [AsyncHttpClient-1-1] DEBUG org.asynchttpclient.netty.channel.DefaultChannelPool - Entry count for : http://localhost:58436 : 1
19:45:01.163 [AsyncHttpClient-1-1] DEBUG org.asynchttpclient.netty.channel.DefaultChannelPool - Entry count for : http://localhost:64210 : 1
19:45:01.505 [main] DEBUG net.thucydides.core.reflection.ClassFinder - Could not load class module-info
19:45:02.269 [AsyncHttpClient-1-1] DEBUG org.asynchttpclient.netty.channel.DefaultChannelPool - Entry count for : http://localhost:58436 : 1
19:45:02.269 [AsyncHttpClient-1-1] DEBUG org.asynchttpclient.netty.channel.DefaultChannelPool - Entry count for : http://localhost:64210 : 1
19:45:03.359 [AsyncHttpClient-1-1] DEBUG org.asynchttpclient.netty.channel.DefaultChannelPool - Entry count for : http://localhost:58436 : 1
19:45:03.359 [AsyncHttpClient-1-1] DEBUG org.asynchttpclient.netty.channel.DefaultChannelPool - Entry count for : http://localhost:64210 : 1
19:45:04.001 [Forwarding get on session 5d26fa4adb8f24efb33bdefc3d69120c to remote] DEBUG org.asynchttpclient.netty.request.NettyRequestSender - Using pooled Channel '[id: 0x9bb442fe, L:/127.0.0.1:64207 - R:localhost/127.0.0.1:58436]' for 'POST' to 'http://localhost:58436/session/5d26fa4adb8f24efb33bdefc3d69120c/url'
19:45:04.001 [Forwarding get on session 5d26fa4adb8f24efb33bdefc3d69120c to remote] DEBUG org.asynchttpclient.netty.request.NettyRequestSender - Using open Channel [id: 0x9bb442fe, L:/127.0.0.1:64207 - R:localhost/127.0.0.1:58436] for POST '/session/5d26fa4adb8f24efb33bdefc3d69120c/url'
19:45:04.461 [AsyncHttpClient-1-1] DEBUG org.asynchttpclient.netty.channel.DefaultChannelPool - Entry count for : http://localhost:64210 : 1
19:45:05.266 [AsyncHttpClient-1-2] DEBUG org.asynchttpclient.netty.handler.HttpHandler - 

Request DefaultHttpRequest(decodeResult: success, version: HTTP/1.1)
POST /session/5d26fa4adb8f24efb33bdefc3d69120c/url HTTP/1.1
User-Agent: selenium/4.4.0 (java windows)
Content-Length: 70
Content-Type: application/json; charset=utf-8
host: localhost:58436
accept: */*

Response DefaultHttpResponse(decodeResult: success, version: HTTP/1.1)
HTTP/1.1 200 OK
Content-Type: application/json; charset=utf-8
cache-control: no-cache
content-length: 14

19:45:05.267 [AsyncHttpClient-1-2] DEBUG org.asynchttpclient.netty.channel.ChannelManager - Adding key: http://localhost:58436 for channel [id: 0x9bb442fe, L:/127.0.0.1:64207 - R:localhost/127.0.0.1:58436]
19:45:05.273 [Forwarding setTimeout on session 5d26fa4adb8f24efb33bdefc3d69120c to remote] DEBUG org.asynchttpclient.netty.request.NettyRequestSender - Using pooled Channel '[id: 0x9bb442fe, L:/127.0.0.1:64207 - R:localhost/127.0.0.1:58436]' for 'POST' to 'http://localhost:58436/session/5d26fa4adb8f24efb33bdefc3d69120c/timeouts'
19:45:05.273 [Forwarding setTimeout on session 5d26fa4adb8f24efb33bdefc3d69120c to remote] DEBUG org.asynchttpclient.netty.request.NettyRequestSender - Using open Channel [id: 0x9bb442fe, L:/127.0.0.1:64207 - R:localhost/127.0.0.1:58436] for POST '/session/5d26fa4adb8f24efb33bdefc3d69120c/timeouts'
19:45:05.275 [AsyncHttpClient-1-2] DEBUG org.asynchttpclient.netty.handler.HttpHandler - 

Request DefaultHttpRequest(decodeResult: success, version: HTTP/1.1)
POST /session/5d26fa4adb8f24efb33bdefc3d69120c/timeouts HTTP/1.1
User-Agent: selenium/4.4.0 (java windows)
Content-Length: 22
Content-Type: application/json; charset=utf-8
host: localhost:58436
accept: */*

Response DefaultHttpResponse(decodeResult: success, version: HTTP/1.1)
HTTP/1.1 200 OK
Content-Type: application/json; charset=utf-8
cache-control: no-cache
content-length: 14

19:45:05.276 [AsyncHttpClient-1-2] DEBUG org.asynchttpclient.netty.channel.ChannelManager - Adding key: http://localhost:58436 for channel [id: 0x9bb442fe, L:/127.0.0.1:64207 - R:localhost/127.0.0.1:58436]
19:45:05.281 [Forwarding getCurrentUrl on session 5d26fa4adb8f24efb33bdefc3d69120c to remote] DEBUG org.asynchttpclient.netty.request.NettyRequestSender - Using pooled Channel '[id: 0x9bb442fe, L:/127.0.0.1:64207 - R:localhost/127.0.0.1:58436]' for 'GET' to 'http://localhost:58436/session/5d26fa4adb8f24efb33bdefc3d69120c/url'
19:45:05.281 [Forwarding getCurrentUrl on session 5d26fa4adb8f24efb33bdefc3d69120c to remote] DEBUG org.asynchttpclient.netty.request.NettyRequestSender - Using open Channel [id: 0x9bb442fe, L:/127.0.0.1:64207 - R:localhost/127.0.0.1:58436] for GET '/session/5d26fa4adb8f24efb33bdefc3d69120c/url'
19:45:05.286 [AsyncHttpClient-1-2] DEBUG org.asynchttpclient.netty.handler.HttpHandler - 

Request DefaultFullHttpRequest(decodeResult: success, version: HTTP/1.1, content: EmptyByteBufBE)
GET /session/5d26fa4adb8f24efb33bdefc3d69120c/url HTTP/1.1
User-Agent: selenium/4.4.0 (java windows)
Cache-Control: no-cache
Content-Type: application/json; charset=utf-8
host: localhost:58436
accept: */*

Response DefaultHttpResponse(decodeResult: success, version: HTTP/1.1)
HTTP/1.1 200 OK
Content-Type: application/json; charset=utf-8
cache-control: no-cache
content-length: 52

19:45:05.286 [AsyncHttpClient-1-2] DEBUG org.asynchttpclient.netty.channel.ChannelManager - Adding key: http://localhost:58436 for channel [id: 0x9bb442fe, L:/127.0.0.1:64207 - R:localhost/127.0.0.1:58436]
19:45:05.290 [Forwarding getCurrentUrl on session 5d26fa4adb8f24efb33bdefc3d69120c to remote] DEBUG org.asynchttpclient.netty.request.NettyRequestSender - Using pooled Channel '[id: 0x9bb442fe, L:/127.0.0.1:64207 - R:localhost/127.0.0.1:58436]' for 'GET' to 'http://localhost:58436/session/5d26fa4adb8f24efb33bdefc3d69120c/url'
19:45:05.290 [Forwarding getCurrentUrl on session 5d26fa4adb8f24efb33bdefc3d69120c to remote] DEBUG org.asynchttpclient.netty.request.NettyRequestSender - Using open Channel [id: 0x9bb442fe, L:/127.0.0.1:64207 - R:localhost/127.0.0.1:58436] for GET '/session/5d26fa4adb8f24efb33bdefc3d69120c/url'
19:45:05.294 [AsyncHttpClient-1-2] DEBUG org.asynchttpclient.netty.handler.HttpHandler - 

Request DefaultFullHttpRequest(decodeResult: success, version: HTTP/1.1, content: EmptyByteBufBE)
GET /session/5d26fa4adb8f24efb33bdefc3d69120c/url HTTP/1.1
User-Agent: selenium/4.4.0 (java windows)
Cache-Control: no-cache
Content-Type: application/json; charset=utf-8
host: localhost:58436
accept: */*

Response DefaultHttpResponse(decodeResult: success, version: HTTP/1.1)
HTTP/1.1 200 OK
Content-Type: application/json; charset=utf-8
cache-control: no-cache
content-length: 52

19:45:05.294 [AsyncHttpClient-1-2] DEBUG org.asynchttpclient.netty.channel.ChannelManager - Adding key: http://localhost:58436 for channel [id: 0x9bb442fe, L:/127.0.0.1:64207 - R:localhost/127.0.0.1:58436]
19:45:05.352 [Forwarding findElement on session 5d26fa4adb8f24efb33bdefc3d69120c to remote] DEBUG org.asynchttpclient.netty.request.NettyRequestSender - Using pooled Channel '[id: 0x9bb442fe, L:/127.0.0.1:64207 - R:localhost/127.0.0.1:58436]' for 'POST' to 'http://localhost:58436/session/5d26fa4adb8f24efb33bdefc3d69120c/element'
19:45:05.352 [Forwarding findElement on session 5d26fa4adb8f24efb33bdefc3d69120c to remote] DEBUG org.asynchttpclient.netty.request.NettyRequestSender - Using open Channel [id: 0x9bb442fe, L:/127.0.0.1:64207 - R:localhost/127.0.0.1:58436] for POST '/session/5d26fa4adb8f24efb33bdefc3d69120c/element'
19:45:05.363 [AsyncHttpClient-1-2] DEBUG org.asynchttpclient.netty.handler.HttpHandler - 

Request DefaultHttpRequest(decodeResult: success, version: HTTP/1.1)
POST /session/5d26fa4adb8f24efb33bdefc3d69120c/element HTTP/1.1
User-Agent: selenium/4.4.0 (java windows)
Content-Length: 69
Content-Type: application/json; charset=utf-8
host: localhost:58436
accept: */*

Response DefaultHttpResponse(decodeResult: success, version: HTTP/1.1)
HTTP/1.1 200 OK
Content-Type: application/json; charset=utf-8
cache-control: no-cache
content-length: 88

19:45:05.363 [AsyncHttpClient-1-2] DEBUG org.asynchttpclient.netty.channel.ChannelManager - Adding key: http://localhost:58436 for channel [id: 0x9bb442fe, L:/127.0.0.1:64207 - R:localhost/127.0.0.1:58436]
19:45:05.369 [Forwarding isElementDisplayed on session 5d26fa4adb8f24efb33bdefc3d69120c to remote] DEBUG org.asynchttpclient.netty.request.NettyRequestSender - Using pooled Channel '[id: 0x9bb442fe, L:/127.0.0.1:64207 - R:localhost/127.0.0.1:58436]' for 'POST' to 'http://localhost:58436/session/5d26fa4adb8f24efb33bdefc3d69120c/execute/sync'
19:45:05.369 [Forwarding isElementDisplayed on session 5d26fa4adb8f24efb33bdefc3d69120c to remote] DEBUG org.asynchttpclient.netty.request.NettyRequestSender - Using open Channel [id: 0x9bb442fe, L:/127.0.0.1:64207 - R:localhost/127.0.0.1:58436] for POST '/session/5d26fa4adb8f24efb33bdefc3d69120c/execute/sync'
19:45:05.385 [AsyncHttpClient-1-2] DEBUG org.asynchttpclient.netty.handler.HttpHandler - 

Request DefaultHttpRequest(decodeResult: success, version: HTTP/1.1)
POST /session/5d26fa4adb8f24efb33bdefc3d69120c/execute/sync HTTP/1.1
User-Agent: selenium/4.4.0 (java windows)
Content-Length: 48780
Content-Type: application/json; charset=utf-8
host: localhost:58436
accept: */*

Response DefaultHttpResponse(decodeResult: success, version: HTTP/1.1)
HTTP/1.1 200 OK
Content-Type: application/json; charset=utf-8
cache-control: no-cache
content-length: 14

19:45:05.386 [AsyncHttpClient-1-2] DEBUG org.asynchttpclient.netty.channel.ChannelManager - Adding key: http://localhost:58436 for channel [id: 0x9bb442fe, L:/127.0.0.1:64207 - R:localhost/127.0.0.1:58436]
19:45:05.387 [Forwarding getElementTagName on session 5d26fa4adb8f24efb33bdefc3d69120c to remote] DEBUG org.asynchttpclient.netty.request.NettyRequestSender - Using pooled Channel '[id: 0x9bb442fe, L:/127.0.0.1:64207 - R:localhost/127.0.0.1:58436]' for 'GET' to 'http://localhost:58436/session/5d26fa4adb8f24efb33bdefc3d69120c/element/4676a968-2044-43f9-a934-da54a63c41ae/name'
19:45:05.387 [Forwarding getElementTagName on session 5d26fa4adb8f24efb33bdefc3d69120c to remote] DEBUG org.asynchttpclient.netty.request.NettyRequestSender - Using open Channel [id: 0x9bb442fe, L:/127.0.0.1:64207 - R:localhost/127.0.0.1:58436] for GET '/session/5d26fa4adb8f24efb33bdefc3d69120c/element/4676a968-2044-43f9-a934-da54a63c41ae/name'
19:45:05.391 [AsyncHttpClient-1-2] DEBUG org.asynchttpclient.netty.handler.HttpHandler - 

Request DefaultFullHttpRequest(decodeResult: success, version: HTTP/1.1, content: EmptyByteBufBE)
GET /session/5d26fa4adb8f24efb33bdefc3d69120c/element/4676a968-2044-43f9-a934-da54a63c41ae/name HTTP/1.1
User-Agent: selenium/4.4.0 (java windows)
Cache-Control: no-cache
Content-Type: application/json; charset=utf-8
host: localhost:58436
accept: */*

Response DefaultHttpResponse(decodeResult: success, version: HTTP/1.1)
HTTP/1.1 200 OK
Content-Type: application/json; charset=utf-8
cache-control: no-cache
content-length: 13

19:45:05.391 [AsyncHttpClient-1-2] DEBUG org.asynchttpclient.netty.channel.ChannelManager - Adding key: http://localhost:58436 for channel [id: 0x9bb442fe, L:/127.0.0.1:64207 - R:localhost/127.0.0.1:58436]
19:45:05.393 [Forwarding getElementTagName on session 5d26fa4adb8f24efb33bdefc3d69120c to remote] DEBUG org.asynchttpclient.netty.request.NettyRequestSender - Using pooled Channel '[id: 0x9bb442fe, L:/127.0.0.1:64207 - R:localhost/127.0.0.1:58436]' for 'GET' to 'http://localhost:58436/session/5d26fa4adb8f24efb33bdefc3d69120c/element/4676a968-2044-43f9-a934-da54a63c41ae/name'
19:45:05.393 [Forwarding getElementTagName on session 5d26fa4adb8f24efb33bdefc3d69120c to remote] DEBUG org.asynchttpclient.netty.request.NettyRequestSender - Using open Channel [id: 0x9bb442fe, L:/127.0.0.1:64207 - R:localhost/127.0.0.1:58436] for GET '/session/5d26fa4adb8f24efb33bdefc3d69120c/element/4676a968-2044-43f9-a934-da54a63c41ae/name'
19:45:05.396 [AsyncHttpClient-1-2] DEBUG org.asynchttpclient.netty.handler.HttpHandler - 

Request DefaultFullHttpRequest(decodeResult: success, version: HTTP/1.1, content: EmptyByteBufBE)
GET /session/5d26fa4adb8f24efb33bdefc3d69120c/element/4676a968-2044-43f9-a934-da54a63c41ae/name HTTP/1.1
User-Agent: selenium/4.4.0 (java windows)
Cache-Control: no-cache
Content-Type: application/json; charset=utf-8
host: localhost:58436
accept: */*

Response DefaultHttpResponse(decodeResult: success, version: HTTP/1.1)
HTTP/1.1 200 OK
Content-Type: application/json; charset=utf-8
cache-control: no-cache
content-length: 13

19:45:05.396 [AsyncHttpClient-1-2] DEBUG org.asynchttpclient.netty.channel.ChannelManager - Adding key: http://localhost:58436 for channel [id: 0x9bb442fe, L:/127.0.0.1:64207 - R:localhost/127.0.0.1:58436]
19:45:05.399 [Forwarding findElement on session 5d26fa4adb8f24efb33bdefc3d69120c to remote] DEBUG org.asynchttpclient.netty.request.NettyRequestSender - Using pooled Channel '[id: 0x9bb442fe, L:/127.0.0.1:64207 - R:localhost/127.0.0.1:58436]' for 'POST' to 'http://localhost:58436/session/5d26fa4adb8f24efb33bdefc3d69120c/element'
19:45:05.399 [Forwarding findElement on session 5d26fa4adb8f24efb33bdefc3d69120c to remote] DEBUG org.asynchttpclient.netty.request.NettyRequestSender - Using open Channel [id: 0x9bb442fe, L:/127.0.0.1:64207 - R:localhost/127.0.0.1:58436] for POST '/session/5d26fa4adb8f24efb33bdefc3d69120c/element'
19:45:05.407 [AsyncHttpClient-1-2] DEBUG org.asynchttpclient.netty.handler.HttpHandler - 

Request DefaultHttpRequest(decodeResult: success, version: HTTP/1.1)
POST /session/5d26fa4adb8f24efb33bdefc3d69120c/element HTTP/1.1
User-Agent: selenium/4.4.0 (java windows)
Content-Length: 69
Content-Type: application/json; charset=utf-8
host: localhost:58436
accept: */*

Response DefaultHttpResponse(decodeResult: success, version: HTTP/1.1)
HTTP/1.1 200 OK
Content-Type: application/json; charset=utf-8
cache-control: no-cache
content-length: 88

19:45:05.407 [AsyncHttpClient-1-2] DEBUG org.asynchttpclient.netty.channel.ChannelManager - Adding key: http://localhost:58436 for channel [id: 0x9bb442fe, L:/127.0.0.1:64207 - R:localhost/127.0.0.1:58436]
19:45:05.413 [Forwarding isElementDisplayed on session 5d26fa4adb8f24efb33bdefc3d69120c to remote] DEBUG org.asynchttpclient.netty.request.NettyRequestSender - Using pooled Channel '[id: 0x9bb442fe, L:/127.0.0.1:64207 - R:localhost/127.0.0.1:58436]' for 'POST' to 'http://localhost:58436/session/5d26fa4adb8f24efb33bdefc3d69120c/execute/sync'
19:45:05.413 [Forwarding isElementDisplayed on session 5d26fa4adb8f24efb33bdefc3d69120c to remote] DEBUG org.asynchttpclient.netty.request.NettyRequestSender - Using open Channel [id: 0x9bb442fe, L:/127.0.0.1:64207 - R:localhost/127.0.0.1:58436] for POST '/session/5d26fa4adb8f24efb33bdefc3d69120c/execute/sync'
19:45:05.425 [AsyncHttpClient-1-2] DEBUG org.asynchttpclient.netty.handler.HttpHandler - 

Request DefaultHttpRequest(decodeResult: success, version: HTTP/1.1)
POST /session/5d26fa4adb8f24efb33bdefc3d69120c/execute/sync HTTP/1.1
User-Agent: selenium/4.4.0 (java windows)
Content-Length: 48780
Content-Type: application/json; charset=utf-8
host: localhost:58436
accept: */*

Response DefaultHttpResponse(decodeResult: success, version: HTTP/1.1)
HTTP/1.1 200 OK
Content-Type: application/json; charset=utf-8
cache-control: no-cache
content-length: 14

19:45:05.426 [AsyncHttpClient-1-2] DEBUG org.asynchttpclient.netty.channel.ChannelManager - Adding key: http://localhost:58436 for channel [id: 0x9bb442fe, L:/127.0.0.1:64207 - R:localhost/127.0.0.1:58436]
19:45:05.427 [Forwarding clickElement on session 5d26fa4adb8f24efb33bdefc3d69120c to remote] DEBUG org.asynchttpclient.netty.request.NettyRequestSender - Using pooled Channel '[id: 0x9bb442fe, L:/127.0.0.1:64207 - R:localhost/127.0.0.1:58436]' for 'POST' to 'http://localhost:58436/session/5d26fa4adb8f24efb33bdefc3d69120c/element/4676a968-2044-43f9-a934-da54a63c41ae/click'
19:45:05.427 [Forwarding clickElement on session 5d26fa4adb8f24efb33bdefc3d69120c to remote] DEBUG org.asynchttpclient.netty.request.NettyRequestSender - Using open Channel [id: 0x9bb442fe, L:/127.0.0.1:64207 - R:localhost/127.0.0.1:58436] for POST '/session/5d26fa4adb8f24efb33bdefc3d69120c/element/4676a968-2044-43f9-a934-da54a63c41ae/click'
19:45:05.561 [AsyncHttpClient-1-1] DEBUG org.asynchttpclient.netty.channel.DefaultChannelPool - Entry count for : http://localhost:64210 : 1
19:45:05.768 [AsyncHttpClient-1-2] DEBUG org.asynchttpclient.netty.handler.HttpHandler - 

Request DefaultHttpRequest(decodeResult: success, version: HTTP/1.1)
POST /session/5d26fa4adb8f24efb33bdefc3d69120c/element/4676a968-2044-43f9-a934-da54a63c41ae/click HTTP/1.1
User-Agent: selenium/4.4.0 (java windows)
Content-Length: 50
Content-Type: application/json; charset=utf-8
host: localhost:58436
accept: */*

Response DefaultHttpResponse(decodeResult: success, version: HTTP/1.1)
HTTP/1.1 200 OK
Content-Type: application/json; charset=utf-8
cache-control: no-cache
content-length: 14

19:45:05.768 [AsyncHttpClient-1-2] DEBUG org.asynchttpclient.netty.channel.ChannelManager - Adding key: http://localhost:58436 for channel [id: 0x9bb442fe, L:/127.0.0.1:64207 - R:localhost/127.0.0.1:58436]
19:45:05.794 [main] DEBUG net.serenitybdd.core.photography.Darkroom - Opening darkroom
19:45:05.798 [Darkroom Processing Line] DEBUG net.serenitybdd.core.photography.DarkroomProcessingLine - Darkroom processing line starting up
19:45:05.802 [Forwarding getCurrentWindowHandle on session 5d26fa4adb8f24efb33bdefc3d69120c to remote] DEBUG org.asynchttpclient.netty.request.NettyRequestSender - Using pooled Channel '[id: 0x9bb442fe, L:/127.0.0.1:64207 - R:localhost/127.0.0.1:58436]' for 'GET' to 'http://localhost:58436/session/5d26fa4adb8f24efb33bdefc3d69120c/window'
19:45:05.802 [Forwarding getCurrentWindowHandle on session 5d26fa4adb8f24efb33bdefc3d69120c to remote] DEBUG org.asynchttpclient.netty.request.NettyRequestSender - Using open Channel [id: 0x9bb442fe, L:/127.0.0.1:64207 - R:localhost/127.0.0.1:58436] for GET '/session/5d26fa4adb8f24efb33bdefc3d69120c/window'
19:45:05.805 [AsyncHttpClient-1-2] DEBUG org.asynchttpclient.netty.handler.HttpHandler - 

Request DefaultFullHttpRequest(decodeResult: success, version: HTTP/1.1, content: EmptyByteBufBE)
GET /session/5d26fa4adb8f24efb33bdefc3d69120c/window HTTP/1.1
User-Agent: selenium/4.4.0 (java windows)
Cache-Control: no-cache
Content-Type: application/json; charset=utf-8
host: localhost:58436
accept: */*

Response DefaultHttpResponse(decodeResult: success, version: HTTP/1.1)
HTTP/1.1 200 OK
Content-Type: application/json; charset=utf-8
cache-control: no-cache
content-length: 53

19:45:05.806 [AsyncHttpClient-1-2] DEBUG org.asynchttpclient.netty.channel.ChannelManager - Adding key: http://localhost:58436 for channel [id: 0x9bb442fe, L:/127.0.0.1:64207 - R:localhost/127.0.0.1:58436]
19:45:05.807 [Forwarding getAlertText on session 5d26fa4adb8f24efb33bdefc3d69120c to remote] DEBUG org.asynchttpclient.netty.request.NettyRequestSender - Using pooled Channel '[id: 0x9bb442fe, L:/127.0.0.1:64207 - R:localhost/127.0.0.1:58436]' for 'GET' to 'http://localhost:58436/session/5d26fa4adb8f24efb33bdefc3d69120c/alert/text'
19:45:05.807 [Forwarding getAlertText on session 5d26fa4adb8f24efb33bdefc3d69120c to remote] DEBUG org.asynchttpclient.netty.request.NettyRequestSender - Using open Channel [id: 0x9bb442fe, L:/127.0.0.1:64207 - R:localhost/127.0.0.1:58436] for GET '/session/5d26fa4adb8f24efb33bdefc3d69120c/alert/text'
19:45:05.812 [AsyncHttpClient-1-2] DEBUG org.asynchttpclient.netty.handler.HttpHandler - 

Request DefaultFullHttpRequest(decodeResult: success, version: HTTP/1.1, content: EmptyByteBufBE)
GET /session/5d26fa4adb8f24efb33bdefc3d69120c/alert/text HTTP/1.1
User-Agent: selenium/4.4.0 (java windows)
Cache-Control: no-cache
Content-Type: application/json; charset=utf-8
host: localhost:58436
accept: */*

Response DefaultHttpResponse(decodeResult: success, version: HTTP/1.1)
HTTP/1.1 404 Not Found
Content-Type: application/json; charset=utf-8
cache-control: no-cache
content-length: 815

19:45:05.812 [AsyncHttpClient-1-2] DEBUG org.asynchttpclient.netty.channel.ChannelManager - Adding key: http://localhost:58436 for channel [id: 0x9bb442fe, L:/127.0.0.1:64207 - R:localhost/127.0.0.1:58436]
19:45:05.817 [Forwarding switchToWindow on session 5d26fa4adb8f24efb33bdefc3d69120c to remote] DEBUG org.asynchttpclient.netty.request.NettyRequestSender - Using pooled Channel '[id: 0x9bb442fe, L:/127.0.0.1:64207 - R:localhost/127.0.0.1:58436]' for 'POST' to 'http://localhost:58436/session/5d26fa4adb8f24efb33bdefc3d69120c/window'
19:45:05.817 [Forwarding switchToWindow on session 5d26fa4adb8f24efb33bdefc3d69120c to remote] DEBUG org.asynchttpclient.netty.request.NettyRequestSender - Using open Channel [id: 0x9bb442fe, L:/127.0.0.1:64207 - R:localhost/127.0.0.1:58436] for POST '/session/5d26fa4adb8f24efb33bdefc3d69120c/window'
19:45:05.821 [AsyncHttpClient-1-2] DEBUG org.asynchttpclient.netty.handler.HttpHandler - 

Request DefaultHttpRequest(decodeResult: success, version: HTTP/1.1)
POST /session/5d26fa4adb8f24efb33bdefc3d69120c/window HTTP/1.1
User-Agent: selenium/4.4.0 (java windows)
Content-Length: 59
Content-Type: application/json; charset=utf-8
host: localhost:58436
accept: */*

Response DefaultHttpResponse(decodeResult: success, version: HTTP/1.1)
HTTP/1.1 200 OK
Content-Type: application/json; charset=utf-8
cache-control: no-cache
content-length: 14

19:45:05.821 [AsyncHttpClient-1-2] DEBUG org.asynchttpclient.netty.channel.ChannelManager - Adding key: http://localhost:58436 for channel [id: 0x9bb442fe, L:/127.0.0.1:64207 - R:localhost/127.0.0.1:58436]
19:45:05.822 [Forwarding getCurrentUrl on session 5d26fa4adb8f24efb33bdefc3d69120c to remote] DEBUG org.asynchttpclient.netty.request.NettyRequestSender - Using pooled Channel '[id: 0x9bb442fe, L:/127.0.0.1:64207 - R:localhost/127.0.0.1:58436]' for 'GET' to 'http://localhost:58436/session/5d26fa4adb8f24efb33bdefc3d69120c/url'
19:45:05.822 [Forwarding getCurrentUrl on session 5d26fa4adb8f24efb33bdefc3d69120c to remote] DEBUG org.asynchttpclient.netty.request.NettyRequestSender - Using open Channel [id: 0x9bb442fe, L:/127.0.0.1:64207 - R:localhost/127.0.0.1:58436] for GET '/session/5d26fa4adb8f24efb33bdefc3d69120c/url'
19:45:05.826 [AsyncHttpClient-1-2] DEBUG org.asynchttpclient.netty.handler.HttpHandler - 

Request DefaultFullHttpRequest(decodeResult: success, version: HTTP/1.1, content: EmptyByteBufBE)
GET /session/5d26fa4adb8f24efb33bdefc3d69120c/url HTTP/1.1
User-Agent: selenium/4.4.0 (java windows)
Cache-Control: no-cache
Content-Type: application/json; charset=utf-8
host: localhost:58436
accept: */*

Response DefaultHttpResponse(decodeResult: success, version: HTTP/1.1)
HTTP/1.1 200 OK
Content-Type: application/json; charset=utf-8
cache-control: no-cache
content-length: 69

19:45:05.826 [AsyncHttpClient-1-2] DEBUG org.asynchttpclient.netty.channel.ChannelManager - Adding key: http://localhost:58436 for channel [id: 0x9bb442fe, L:/127.0.0.1:64207 - R:localhost/127.0.0.1:58436]
19:45:05.828 [Forwarding screenshot on session 5d26fa4adb8f24efb33bdefc3d69120c to remote] DEBUG org.asynchttpclient.netty.request.NettyRequestSender - Using pooled Channel '[id: 0x9bb442fe, L:/127.0.0.1:64207 - R:localhost/127.0.0.1:58436]' for 'GET' to 'http://localhost:58436/session/5d26fa4adb8f24efb33bdefc3d69120c/screenshot'
19:45:05.828 [Forwarding screenshot on session 5d26fa4adb8f24efb33bdefc3d69120c to remote] DEBUG org.asynchttpclient.netty.request.NettyRequestSender - Using open Channel [id: 0x9bb442fe, L:/127.0.0.1:64207 - R:localhost/127.0.0.1:58436] for GET '/session/5d26fa4adb8f24efb33bdefc3d69120c/screenshot'
19:45:05.922 [AsyncHttpClient-1-2] DEBUG org.asynchttpclient.netty.handler.HttpHandler - 

Request DefaultFullHttpRequest(decodeResult: success, version: HTTP/1.1, content: EmptyByteBufBE)
GET /session/5d26fa4adb8f24efb33bdefc3d69120c/screenshot HTTP/1.1
User-Agent: selenium/4.4.0 (java windows)
Cache-Control: no-cache
Content-Type: application/json; charset=utf-8
host: localhost:58436
accept: */*

Response DefaultHttpResponse(decodeResult: success, version: HTTP/1.1)
HTTP/1.1 200 OK
Content-Type: application/json; charset=utf-8
cache-control: no-cache
content-length: 18920

19:45:05.922 [AsyncHttpClient-1-2] DEBUG org.asynchttpclient.netty.channel.ChannelManager - Adding key: http://localhost:58436 for channel [id: 0x9bb442fe, L:/127.0.0.1:64207 - R:localhost/127.0.0.1:58436]
19:45:05.977 [main] DEBUG net.serenitybdd.core.photography.Darkroom - Send negative for processing for target\site\serenity\99240aa820035720ab1dff2910dad729ff8bac5080815d2bfaa66c19b8211aef.png
19:45:05.978 [Darkroom Processing Line] DEBUG net.serenitybdd.core.photography.DarkroomProcessingLine - Processing screenshot image in /var/screenshots/screenshot-5346518661790037828
19:45:05.978 [Darkroom Processing Line] DEBUG net.serenitybdd.core.photography.DarkroomProcessingLine - Saving screenshot to target\site\serenity\99240aa820035720ab1dff2910dad729ff8bac5080815d2bfaa66c19b8211aef.png
19:45:05.991 [Forwarding getPageSource on session 5d26fa4adb8f24efb33bdefc3d69120c to remote] DEBUG org.asynchttpclient.netty.request.NettyRequestSender - Using pooled Channel '[id: 0x9bb442fe, L:/127.0.0.1:64207 - R:localhost/127.0.0.1:58436]' for 'POST' to 'http://localhost:58436/session/5d26fa4adb8f24efb33bdefc3d69120c/execute/sync'
19:45:05.991 [Forwarding getPageSource on session 5d26fa4adb8f24efb33bdefc3d69120c to remote] DEBUG org.asynchttpclient.netty.request.NettyRequestSender - Using open Channel [id: 0x9bb442fe, L:/127.0.0.1:64207 - R:localhost/127.0.0.1:58436] for POST '/session/5d26fa4adb8f24efb33bdefc3d69120c/execute/sync'
19:45:05.997 [AsyncHttpClient-1-2] DEBUG org.asynchttpclient.netty.handler.HttpHandler - 

Request DefaultHttpRequest(decodeResult: success, version: HTTP/1.1)
POST /session/5d26fa4adb8f24efb33bdefc3d69120c/execute/sync HTTP/1.1
User-Agent: selenium/4.4.0 (java windows)
Content-Length: 176
Content-Type: application/json; charset=utf-8
host: localhost:58436
accept: */*

Response DefaultHttpResponse(decodeResult: success, version: HTTP/1.1)
HTTP/1.1 200 OK
Content-Type: application/json; charset=utf-8
cache-control: no-cache
content-length: 8791

19:45:05.997 [AsyncHttpClient-1-2] DEBUG org.asynchttpclient.netty.channel.ChannelManager - Adding key: http://localhost:58436 for channel [id: 0x9bb442fe, L:/127.0.0.1:64207 - R:localhost/127.0.0.1:58436]
19:45:06.066 [Forwarding getCurrentUrl on session 5d26fa4adb8f24efb33bdefc3d69120c to remote] DEBUG org.asynchttpclient.netty.request.NettyRequestSender - Using pooled Channel '[id: 0x9bb442fe, L:/127.0.0.1:64207 - R:localhost/127.0.0.1:58436]' for 'GET' to 'http://localhost:58436/session/5d26fa4adb8f24efb33bdefc3d69120c/url'
19:45:06.067 [Forwarding getCurrentUrl on session 5d26fa4adb8f24efb33bdefc3d69120c to remote] DEBUG org.asynchttpclient.netty.request.NettyRequestSender - Using open Channel [id: 0x9bb442fe, L:/127.0.0.1:64207 - R:localhost/127.0.0.1:58436] for GET '/session/5d26fa4adb8f24efb33bdefc3d69120c/url'
19:45:06.070 [AsyncHttpClient-1-2] DEBUG org.asynchttpclient.netty.handler.HttpHandler - 

Request DefaultFullHttpRequest(decodeResult: success, version: HTTP/1.1, content: EmptyByteBufBE)
GET /session/5d26fa4adb8f24efb33bdefc3d69120c/url HTTP/1.1
User-Agent: selenium/4.4.0 (java windows)
Cache-Control: no-cache
Content-Type: application/json; charset=utf-8
host: localhost:58436
accept: */*

Response DefaultHttpResponse(decodeResult: success, version: HTTP/1.1)
HTTP/1.1 200 OK
Content-Type: application/json; charset=utf-8
cache-control: no-cache
content-length: 69

19:45:06.071 [AsyncHttpClient-1-2] DEBUG org.asynchttpclient.netty.channel.ChannelManager - Adding key: http://localhost:58436 for channel [id: 0x9bb442fe, L:/127.0.0.1:64207 - R:localhost/127.0.0.1:58436]
19:45:06.079 [Forwarding findElement on session 5d26fa4adb8f24efb33bdefc3d69120c to remote] DEBUG org.asynchttpclient.netty.request.NettyRequestSender - Using pooled Channel '[id: 0x9bb442fe, L:/127.0.0.1:64207 - R:localhost/127.0.0.1:58436]' for 'POST' to 'http://localhost:58436/session/5d26fa4adb8f24efb33bdefc3d69120c/element'
19:45:06.079 [Forwarding findElement on session 5d26fa4adb8f24efb33bdefc3d69120c to remote] DEBUG org.asynchttpclient.netty.request.NettyRequestSender - Using open Channel [id: 0x9bb442fe, L:/127.0.0.1:64207 - R:localhost/127.0.0.1:58436] for POST '/session/5d26fa4adb8f24efb33bdefc3d69120c/element'
19:45:06.088 [AsyncHttpClient-1-2] DEBUG org.asynchttpclient.netty.handler.HttpHandler - 

Request DefaultHttpRequest(decodeResult: success, version: HTTP/1.1)
POST /session/5d26fa4adb8f24efb33bdefc3d69120c/element HTTP/1.1
User-Agent: selenium/4.4.0 (java windows)
Content-Length: 59
Content-Type: application/json; charset=utf-8
host: localhost:58436
accept: */*

Response DefaultHttpResponse(decodeResult: success, version: HTTP/1.1)
HTTP/1.1 200 OK
Content-Type: application/json; charset=utf-8
cache-control: no-cache
content-length: 88

19:45:06.088 [AsyncHttpClient-1-2] DEBUG org.asynchttpclient.netty.channel.ChannelManager - Adding key: http://localhost:58436 for channel [id: 0x9bb442fe, L:/127.0.0.1:64207 - R:localhost/127.0.0.1:58436]
19:45:06.091 [Forwarding isElementDisplayed on session 5d26fa4adb8f24efb33bdefc3d69120c to remote] DEBUG org.asynchttpclient.netty.request.NettyRequestSender - Using pooled Channel '[id: 0x9bb442fe, L:/127.0.0.1:64207 - R:localhost/127.0.0.1:58436]' for 'POST' to 'http://localhost:58436/session/5d26fa4adb8f24efb33bdefc3d69120c/execute/sync'
19:45:06.091 [Forwarding isElementDisplayed on session 5d26fa4adb8f24efb33bdefc3d69120c to remote] DEBUG org.asynchttpclient.netty.request.NettyRequestSender - Using open Channel [id: 0x9bb442fe, L:/127.0.0.1:64207 - R:localhost/127.0.0.1:58436] for POST '/session/5d26fa4adb8f24efb33bdefc3d69120c/execute/sync'
19:45:06.105 [AsyncHttpClient-1-2] DEBUG org.asynchttpclient.netty.handler.HttpHandler - 

Request DefaultHttpRequest(decodeResult: success, version: HTTP/1.1)
POST /session/5d26fa4adb8f24efb33bdefc3d69120c/execute/sync HTTP/1.1
User-Agent: selenium/4.4.0 (java windows)
Content-Length: 48780
Content-Type: application/json; charset=utf-8
host: localhost:58436
accept: */*

Response DefaultHttpResponse(decodeResult: success, version: HTTP/1.1)
HTTP/1.1 200 OK
Content-Type: application/json; charset=utf-8
cache-control: no-cache
content-length: 14

19:45:06.105 [AsyncHttpClient-1-2] DEBUG org.asynchttpclient.netty.channel.ChannelManager - Adding key: http://localhost:58436 for channel [id: 0x9bb442fe, L:/127.0.0.1:64207 - R:localhost/127.0.0.1:58436]
19:45:06.106 [Forwarding clearElement on session 5d26fa4adb8f24efb33bdefc3d69120c to remote] DEBUG org.asynchttpclient.netty.request.NettyRequestSender - Using pooled Channel '[id: 0x9bb442fe, L:/127.0.0.1:64207 - R:localhost/127.0.0.1:58436]' for 'POST' to 'http://localhost:58436/session/5d26fa4adb8f24efb33bdefc3d69120c/element/4a76b0b3-a8ed-4f45-b4d9-f49860aa56a6/clear'
19:45:06.106 [Forwarding clearElement on session 5d26fa4adb8f24efb33bdefc3d69120c to remote] DEBUG org.asynchttpclient.netty.request.NettyRequestSender - Using open Channel [id: 0x9bb442fe, L:/127.0.0.1:64207 - R:localhost/127.0.0.1:58436] for POST '/session/5d26fa4adb8f24efb33bdefc3d69120c/element/4a76b0b3-a8ed-4f45-b4d9-f49860aa56a6/clear'
19:45:06.129 [AsyncHttpClient-1-2] DEBUG org.asynchttpclient.netty.handler.HttpHandler - 

Request DefaultHttpRequest(decodeResult: success, version: HTTP/1.1)
POST /session/5d26fa4adb8f24efb33bdefc3d69120c/element/4a76b0b3-a8ed-4f45-b4d9-f49860aa56a6/clear HTTP/1.1
User-Agent: selenium/4.4.0 (java windows)
Content-Length: 50
Content-Type: application/json; charset=utf-8
host: localhost:58436
accept: */*

Response DefaultHttpResponse(decodeResult: success, version: HTTP/1.1)
HTTP/1.1 200 OK
Content-Type: application/json; charset=utf-8
cache-control: no-cache
content-length: 14

19:45:06.129 [AsyncHttpClient-1-2] DEBUG org.asynchttpclient.netty.channel.ChannelManager - Adding key: http://localhost:58436 for channel [id: 0x9bb442fe, L:/127.0.0.1:64207 - R:localhost/127.0.0.1:58436]
19:45:06.133 [Forwarding sendKeysToElement on session 5d26fa4adb8f24efb33bdefc3d69120c to remote] DEBUG org.asynchttpclient.netty.request.NettyRequestSender - Using pooled Channel '[id: 0x9bb442fe, L:/127.0.0.1:64207 - R:localhost/127.0.0.1:58436]' for 'POST' to 'http://localhost:58436/session/5d26fa4adb8f24efb33bdefc3d69120c/element/4a76b0b3-a8ed-4f45-b4d9-f49860aa56a6/value'
19:45:06.133 [Forwarding sendKeysToElement on session 5d26fa4adb8f24efb33bdefc3d69120c to remote] DEBUG org.asynchttpclient.netty.request.NettyRequestSender - Using open Channel [id: 0x9bb442fe, L:/127.0.0.1:64207 - R:localhost/127.0.0.1:58436] for POST '/session/5d26fa4adb8f24efb33bdefc3d69120c/element/4a76b0b3-a8ed-4f45-b4d9-f49860aa56a6/value'
19:45:06.171 [AsyncHttpClient-1-2] DEBUG org.asynchttpclient.netty.handler.HttpHandler - 

Request DefaultHttpRequest(decodeResult: success, version: HTTP/1.1)
POST /session/5d26fa4adb8f24efb33bdefc3d69120c/element/4a76b0b3-a8ed-4f45-b4d9-f49860aa56a6/value HTTP/1.1
User-Agent: selenium/4.4.0 (java windows)
Content-Length: 161
Content-Type: application/json; charset=utf-8
host: localhost:58436
accept: */*

Response DefaultHttpResponse(decodeResult: success, version: HTTP/1.1)
HTTP/1.1 200 OK
Content-Type: application/json; charset=utf-8
cache-control: no-cache
content-length: 14

19:45:06.171 [AsyncHttpClient-1-2] DEBUG org.asynchttpclient.netty.channel.ChannelManager - Adding key: http://localhost:58436 for channel [id: 0x9bb442fe, L:/127.0.0.1:64207 - R:localhost/127.0.0.1:58436]
19:45:06.177 [Forwarding findElement on session 5d26fa4adb8f24efb33bdefc3d69120c to remote] DEBUG org.asynchttpclient.netty.request.NettyRequestSender - Using pooled Channel '[id: 0x9bb442fe, L:/127.0.0.1:64207 - R:localhost/127.0.0.1:58436]' for 'POST' to 'http://localhost:58436/session/5d26fa4adb8f24efb33bdefc3d69120c/element'
19:45:06.177 [Forwarding findElement on session 5d26fa4adb8f24efb33bdefc3d69120c to remote] DEBUG org.asynchttpclient.netty.request.NettyRequestSender - Using open Channel [id: 0x9bb442fe, L:/127.0.0.1:64207 - R:localhost/127.0.0.1:58436] for POST '/session/5d26fa4adb8f24efb33bdefc3d69120c/element'
19:45:06.187 [AsyncHttpClient-1-2] DEBUG org.asynchttpclient.netty.handler.HttpHandler - 

Request DefaultHttpRequest(decodeResult: success, version: HTTP/1.1)
POST /session/5d26fa4adb8f24efb33bdefc3d69120c/element HTTP/1.1
User-Agent: selenium/4.4.0 (java windows)
Content-Length: 59
Content-Type: application/json; charset=utf-8
host: localhost:58436
accept: */*

Response DefaultHttpResponse(decodeResult: success, version: HTTP/1.1)
HTTP/1.1 200 OK
Content-Type: application/json; charset=utf-8
cache-control: no-cache
content-length: 88

19:45:06.187 [AsyncHttpClient-1-2] DEBUG org.asynchttpclient.netty.channel.ChannelManager - Adding key: http://localhost:58436 for channel [id: 0x9bb442fe, L:/127.0.0.1:64207 - R:localhost/127.0.0.1:58436]
19:45:06.190 [Forwarding isElementDisplayed on session 5d26fa4adb8f24efb33bdefc3d69120c to remote] DEBUG org.asynchttpclient.netty.request.NettyRequestSender - Using pooled Channel '[id: 0x9bb442fe, L:/127.0.0.1:64207 - R:localhost/127.0.0.1:58436]' for 'POST' to 'http://localhost:58436/session/5d26fa4adb8f24efb33bdefc3d69120c/execute/sync'
19:45:06.190 [Forwarding isElementDisplayed on session 5d26fa4adb8f24efb33bdefc3d69120c to remote] DEBUG org.asynchttpclient.netty.request.NettyRequestSender - Using open Channel [id: 0x9bb442fe, L:/127.0.0.1:64207 - R:localhost/127.0.0.1:58436] for POST '/session/5d26fa4adb8f24efb33bdefc3d69120c/execute/sync'
19:45:06.200 [AsyncHttpClient-1-2] DEBUG org.asynchttpclient.netty.handler.HttpHandler - 

Request DefaultHttpRequest(decodeResult: success, version: HTTP/1.1)
POST /session/5d26fa4adb8f24efb33bdefc3d69120c/execute/sync HTTP/1.1
User-Agent: selenium/4.4.0 (java windows)
Content-Length: 48780
Content-Type: application/json; charset=utf-8
host: localhost:58436
accept: */*

Response DefaultHttpResponse(decodeResult: success, version: HTTP/1.1)
HTTP/1.1 200 OK
Content-Type: application/json; charset=utf-8
cache-control: no-cache
content-length: 14

19:45:06.201 [AsyncHttpClient-1-2] DEBUG org.asynchttpclient.netty.channel.ChannelManager - Adding key: http://localhost:58436 for channel [id: 0x9bb442fe, L:/127.0.0.1:64207 - R:localhost/127.0.0.1:58436]
19:45:06.202 [Forwarding clearElement on session 5d26fa4adb8f24efb33bdefc3d69120c to remote] DEBUG org.asynchttpclient.netty.request.NettyRequestSender - Using pooled Channel '[id: 0x9bb442fe, L:/127.0.0.1:64207 - R:localhost/127.0.0.1:58436]' for 'POST' to 'http://localhost:58436/session/5d26fa4adb8f24efb33bdefc3d69120c/element/b5ee3c4d-df26-4db6-ba3a-33b10260073d/clear'
19:45:06.202 [Forwarding clearElement on session 5d26fa4adb8f24efb33bdefc3d69120c to remote] DEBUG org.asynchttpclient.netty.request.NettyRequestSender - Using open Channel [id: 0x9bb442fe, L:/127.0.0.1:64207 - R:localhost/127.0.0.1:58436] for POST '/session/5d26fa4adb8f24efb33bdefc3d69120c/element/b5ee3c4d-df26-4db6-ba3a-33b10260073d/clear'
19:45:06.231 [AsyncHttpClient-1-2] DEBUG org.asynchttpclient.netty.handler.HttpHandler - 

Request DefaultHttpRequest(decodeResult: success, version: HTTP/1.1)
POST /session/5d26fa4adb8f24efb33bdefc3d69120c/element/b5ee3c4d-df26-4db6-ba3a-33b10260073d/clear HTTP/1.1
User-Agent: selenium/4.4.0 (java windows)
Content-Length: 50
Content-Type: application/json; charset=utf-8
host: localhost:58436
accept: */*

Response DefaultHttpResponse(decodeResult: success, version: HTTP/1.1)
HTTP/1.1 200 OK
Content-Type: application/json; charset=utf-8
cache-control: no-cache
content-length: 14

19:45:06.232 [AsyncHttpClient-1-2] DEBUG org.asynchttpclient.netty.channel.ChannelManager - Adding key: http://localhost:58436 for channel [id: 0x9bb442fe, L:/127.0.0.1:64207 - R:localhost/127.0.0.1:58436]
19:45:06.234 [Forwarding sendKeysToElement on session 5d26fa4adb8f24efb33bdefc3d69120c to remote] DEBUG org.asynchttpclient.netty.request.NettyRequestSender - Using pooled Channel '[id: 0x9bb442fe, L:/127.0.0.1:64207 - R:localhost/127.0.0.1:58436]' for 'POST' to 'http://localhost:58436/session/5d26fa4adb8f24efb33bdefc3d69120c/element/b5ee3c4d-df26-4db6-ba3a-33b10260073d/value'
19:45:06.234 [Forwarding sendKeysToElement on session 5d26fa4adb8f24efb33bdefc3d69120c to remote] DEBUG org.asynchttpclient.netty.request.NettyRequestSender - Using open Channel [id: 0x9bb442fe, L:/127.0.0.1:64207 - R:localhost/127.0.0.1:58436] for POST '/session/5d26fa4adb8f24efb33bdefc3d69120c/element/b5ee3c4d-df26-4db6-ba3a-33b10260073d/value'
19:45:06.276 [AsyncHttpClient-1-2] DEBUG org.asynchttpclient.netty.handler.HttpHandler - 

Request DefaultHttpRequest(decodeResult: success, version: HTTP/1.1)
POST /session/5d26fa4adb8f24efb33bdefc3d69120c/element/b5ee3c4d-df26-4db6-ba3a-33b10260073d/value HTTP/1.1
User-Agent: selenium/4.4.0 (java windows)
Content-Length: 261
Content-Type: application/json; charset=utf-8
host: localhost:58436
accept: */*

Response DefaultHttpResponse(decodeResult: success, version: HTTP/1.1)
HTTP/1.1 200 OK
Content-Type: application/json; charset=utf-8
cache-control: no-cache
content-length: 14

19:45:06.276 [AsyncHttpClient-1-2] DEBUG org.asynchttpclient.netty.channel.ChannelManager - Adding key: http://localhost:58436 for channel [id: 0x9bb442fe, L:/127.0.0.1:64207 - R:localhost/127.0.0.1:58436]
19:45:06.281 [Forwarding findElement on session 5d26fa4adb8f24efb33bdefc3d69120c to remote] DEBUG org.asynchttpclient.netty.request.NettyRequestSender - Using pooled Channel '[id: 0x9bb442fe, L:/127.0.0.1:64207 - R:localhost/127.0.0.1:58436]' for 'POST' to 'http://localhost:58436/session/5d26fa4adb8f24efb33bdefc3d69120c/element'
19:45:06.281 [Forwarding findElement on session 5d26fa4adb8f24efb33bdefc3d69120c to remote] DEBUG org.asynchttpclient.netty.request.NettyRequestSender - Using open Channel [id: 0x9bb442fe, L:/127.0.0.1:64207 - R:localhost/127.0.0.1:58436] for POST '/session/5d26fa4adb8f24efb33bdefc3d69120c/element'
19:45:06.290 [AsyncHttpClient-1-2] DEBUG org.asynchttpclient.netty.handler.HttpHandler - 

Request DefaultHttpRequest(decodeResult: success, version: HTTP/1.1)
POST /session/5d26fa4adb8f24efb33bdefc3d69120c/element HTTP/1.1
User-Agent: selenium/4.4.0 (java windows)
Content-Length: 56
Content-Type: application/json; charset=utf-8
host: localhost:58436
accept: */*

Response DefaultHttpResponse(decodeResult: success, version: HTTP/1.1)
HTTP/1.1 200 OK
Content-Type: application/json; charset=utf-8
cache-control: no-cache
content-length: 88

19:45:06.290 [AsyncHttpClient-1-2] DEBUG org.asynchttpclient.netty.channel.ChannelManager - Adding key: http://localhost:58436 for channel [id: 0x9bb442fe, L:/127.0.0.1:64207 - R:localhost/127.0.0.1:58436]
19:45:06.293 [Forwarding isElementDisplayed on session 5d26fa4adb8f24efb33bdefc3d69120c to remote] DEBUG org.asynchttpclient.netty.request.NettyRequestSender - Using pooled Channel '[id: 0x9bb442fe, L:/127.0.0.1:64207 - R:localhost/127.0.0.1:58436]' for 'POST' to 'http://localhost:58436/session/5d26fa4adb8f24efb33bdefc3d69120c/execute/sync'
19:45:06.293 [Forwarding isElementDisplayed on session 5d26fa4adb8f24efb33bdefc3d69120c to remote] DEBUG org.asynchttpclient.netty.request.NettyRequestSender - Using open Channel [id: 0x9bb442fe, L:/127.0.0.1:64207 - R:localhost/127.0.0.1:58436] for POST '/session/5d26fa4adb8f24efb33bdefc3d69120c/execute/sync'
19:45:06.301 [AsyncHttpClient-1-2] DEBUG org.asynchttpclient.netty.handler.HttpHandler - 

Request DefaultHttpRequest(decodeResult: success, version: HTTP/1.1)
POST /session/5d26fa4adb8f24efb33bdefc3d69120c/execute/sync HTTP/1.1
User-Agent: selenium/4.4.0 (java windows)
Content-Length: 48780
Content-Type: application/json; charset=utf-8
host: localhost:58436
accept: */*

Response DefaultHttpResponse(decodeResult: success, version: HTTP/1.1)
HTTP/1.1 200 OK
Content-Type: application/json; charset=utf-8
cache-control: no-cache
content-length: 14

19:45:06.301 [AsyncHttpClient-1-2] DEBUG org.asynchttpclient.netty.channel.ChannelManager - Adding key: http://localhost:58436 for channel [id: 0x9bb442fe, L:/127.0.0.1:64207 - R:localhost/127.0.0.1:58436]
19:45:06.303 [Forwarding getElementTagName on session 5d26fa4adb8f24efb33bdefc3d69120c to remote] DEBUG org.asynchttpclient.netty.request.NettyRequestSender - Using pooled Channel '[id: 0x9bb442fe, L:/127.0.0.1:64207 - R:localhost/127.0.0.1:58436]' for 'GET' to 'http://localhost:58436/session/5d26fa4adb8f24efb33bdefc3d69120c/element/c3c5fbea-bfec-42e8-8e6b-ac866a265add/name'
19:45:06.303 [Forwarding getElementTagName on session 5d26fa4adb8f24efb33bdefc3d69120c to remote] DEBUG org.asynchttpclient.netty.request.NettyRequestSender - Using open Channel [id: 0x9bb442fe, L:/127.0.0.1:64207 - R:localhost/127.0.0.1:58436] for GET '/session/5d26fa4adb8f24efb33bdefc3d69120c/element/c3c5fbea-bfec-42e8-8e6b-ac866a265add/name'
19:45:06.307 [AsyncHttpClient-1-2] DEBUG org.asynchttpclient.netty.handler.HttpHandler - 

Request DefaultFullHttpRequest(decodeResult: success, version: HTTP/1.1, content: EmptyByteBufBE)
GET /session/5d26fa4adb8f24efb33bdefc3d69120c/element/c3c5fbea-bfec-42e8-8e6b-ac866a265add/name HTTP/1.1
User-Agent: selenium/4.4.0 (java windows)
Cache-Control: no-cache
Content-Type: application/json; charset=utf-8
host: localhost:58436
accept: */*

Response DefaultHttpResponse(decodeResult: success, version: HTTP/1.1)
HTTP/1.1 200 OK
Content-Type: application/json; charset=utf-8
cache-control: no-cache
content-length: 18

19:45:06.308 [AsyncHttpClient-1-2] DEBUG org.asynchttpclient.netty.channel.ChannelManager - Adding key: http://localhost:58436 for channel [id: 0x9bb442fe, L:/127.0.0.1:64207 - R:localhost/127.0.0.1:58436]
19:45:06.309 [Forwarding getElementTagName on session 5d26fa4adb8f24efb33bdefc3d69120c to remote] DEBUG org.asynchttpclient.netty.request.NettyRequestSender - Using pooled Channel '[id: 0x9bb442fe, L:/127.0.0.1:64207 - R:localhost/127.0.0.1:58436]' for 'GET' to 'http://localhost:58436/session/5d26fa4adb8f24efb33bdefc3d69120c/element/c3c5fbea-bfec-42e8-8e6b-ac866a265add/name'
19:45:06.309 [Forwarding getElementTagName on session 5d26fa4adb8f24efb33bdefc3d69120c to remote] DEBUG org.asynchttpclient.netty.request.NettyRequestSender - Using open Channel [id: 0x9bb442fe, L:/127.0.0.1:64207 - R:localhost/127.0.0.1:58436] for GET '/session/5d26fa4adb8f24efb33bdefc3d69120c/element/c3c5fbea-bfec-42e8-8e6b-ac866a265add/name'
19:45:06.312 [AsyncHttpClient-1-2] DEBUG org.asynchttpclient.netty.handler.HttpHandler - 

Request DefaultFullHttpRequest(decodeResult: success, version: HTTP/1.1, content: EmptyByteBufBE)
GET /session/5d26fa4adb8f24efb33bdefc3d69120c/element/c3c5fbea-bfec-42e8-8e6b-ac866a265add/name HTTP/1.1
User-Agent: selenium/4.4.0 (java windows)
Cache-Control: no-cache
Content-Type: application/json; charset=utf-8
host: localhost:58436
accept: */*

Response DefaultHttpResponse(decodeResult: success, version: HTTP/1.1)
HTTP/1.1 200 OK
Content-Type: application/json; charset=utf-8
cache-control: no-cache
content-length: 18

19:45:06.312 [AsyncHttpClient-1-2] DEBUG org.asynchttpclient.netty.channel.ChannelManager - Adding key: http://localhost:58436 for channel [id: 0x9bb442fe, L:/127.0.0.1:64207 - R:localhost/127.0.0.1:58436]
19:45:06.316 [Forwarding isElementEnabled on session 5d26fa4adb8f24efb33bdefc3d69120c to remote] DEBUG org.asynchttpclient.netty.request.NettyRequestSender - Using pooled Channel '[id: 0x9bb442fe, L:/127.0.0.1:64207 - R:localhost/127.0.0.1:58436]' for 'GET' to 'http://localhost:58436/session/5d26fa4adb8f24efb33bdefc3d69120c/element/c3c5fbea-bfec-42e8-8e6b-ac866a265add/enabled'
19:45:06.316 [Forwarding isElementEnabled on session 5d26fa4adb8f24efb33bdefc3d69120c to remote] DEBUG org.asynchttpclient.netty.request.NettyRequestSender - Using open Channel [id: 0x9bb442fe, L:/127.0.0.1:64207 - R:localhost/127.0.0.1:58436] for GET '/session/5d26fa4adb8f24efb33bdefc3d69120c/element/c3c5fbea-bfec-42e8-8e6b-ac866a265add/enabled'
19:45:06.324 [AsyncHttpClient-1-2] DEBUG org.asynchttpclient.netty.handler.HttpHandler - 

Request DefaultFullHttpRequest(decodeResult: success, version: HTTP/1.1, content: EmptyByteBufBE)
GET /session/5d26fa4adb8f24efb33bdefc3d69120c/element/c3c5fbea-bfec-42e8-8e6b-ac866a265add/enabled HTTP/1.1
User-Agent: selenium/4.4.0 (java windows)
Cache-Control: no-cache
Content-Type: application/json; charset=utf-8
host: localhost:58436
accept: */*

Response DefaultHttpResponse(decodeResult: success, version: HTTP/1.1)
HTTP/1.1 200 OK
Content-Type: application/json; charset=utf-8
cache-control: no-cache
content-length: 14

19:45:06.324 [AsyncHttpClient-1-2] DEBUG org.asynchttpclient.netty.channel.ChannelManager - Adding key: http://localhost:58436 for channel [id: 0x9bb442fe, L:/127.0.0.1:64207 - R:localhost/127.0.0.1:58436]
19:45:06.326 [Forwarding isElementEnabled on session 5d26fa4adb8f24efb33bdefc3d69120c to remote] DEBUG org.asynchttpclient.netty.request.NettyRequestSender - Using pooled Channel '[id: 0x9bb442fe, L:/127.0.0.1:64207 - R:localhost/127.0.0.1:58436]' for 'GET' to 'http://localhost:58436/session/5d26fa4adb8f24efb33bdefc3d69120c/element/c3c5fbea-bfec-42e8-8e6b-ac866a265add/enabled'
19:45:06.326 [Forwarding isElementEnabled on session 5d26fa4adb8f24efb33bdefc3d69120c to remote] DEBUG org.asynchttpclient.netty.request.NettyRequestSender - Using open Channel [id: 0x9bb442fe, L:/127.0.0.1:64207 - R:localhost/127.0.0.1:58436] for GET '/session/5d26fa4adb8f24efb33bdefc3d69120c/element/c3c5fbea-bfec-42e8-8e6b-ac866a265add/enabled'
19:45:06.330 [AsyncHttpClient-1-2] DEBUG org.asynchttpclient.netty.handler.HttpHandler - 

Request DefaultFullHttpRequest(decodeResult: success, version: HTTP/1.1, content: EmptyByteBufBE)
GET /session/5d26fa4adb8f24efb33bdefc3d69120c/element/c3c5fbea-bfec-42e8-8e6b-ac866a265add/enabled HTTP/1.1
User-Agent: selenium/4.4.0 (java windows)
Cache-Control: no-cache
Content-Type: application/json; charset=utf-8
host: localhost:58436
accept: */*

Response DefaultHttpResponse(decodeResult: success, version: HTTP/1.1)
HTTP/1.1 200 OK
Content-Type: application/json; charset=utf-8
cache-control: no-cache
content-length: 14

19:45:06.331 [AsyncHttpClient-1-2] DEBUG org.asynchttpclient.netty.channel.ChannelManager - Adding key: http://localhost:58436 for channel [id: 0x9bb442fe, L:/127.0.0.1:64207 - R:localhost/127.0.0.1:58436]
19:45:06.334 [Forwarding findElement on session 5d26fa4adb8f24efb33bdefc3d69120c to remote] DEBUG org.asynchttpclient.netty.request.NettyRequestSender - Using pooled Channel '[id: 0x9bb442fe, L:/127.0.0.1:64207 - R:localhost/127.0.0.1:58436]' for 'POST' to 'http://localhost:58436/session/5d26fa4adb8f24efb33bdefc3d69120c/element'
19:45:06.334 [Forwarding findElement on session 5d26fa4adb8f24efb33bdefc3d69120c to remote] DEBUG org.asynchttpclient.netty.request.NettyRequestSender - Using open Channel [id: 0x9bb442fe, L:/127.0.0.1:64207 - R:localhost/127.0.0.1:58436] for POST '/session/5d26fa4adb8f24efb33bdefc3d69120c/element'
19:45:06.340 [AsyncHttpClient-1-2] DEBUG org.asynchttpclient.netty.handler.HttpHandler - 

Request DefaultHttpRequest(decodeResult: success, version: HTTP/1.1)
POST /session/5d26fa4adb8f24efb33bdefc3d69120c/element HTTP/1.1
User-Agent: selenium/4.4.0 (java windows)
Content-Length: 56
Content-Type: application/json; charset=utf-8
host: localhost:58436
accept: */*

Response DefaultHttpResponse(decodeResult: success, version: HTTP/1.1)
HTTP/1.1 200 OK
Content-Type: application/json; charset=utf-8
cache-control: no-cache
content-length: 88

19:45:06.340 [AsyncHttpClient-1-2] DEBUG org.asynchttpclient.netty.channel.ChannelManager - Adding key: http://localhost:58436 for channel [id: 0x9bb442fe, L:/127.0.0.1:64207 - R:localhost/127.0.0.1:58436]
19:45:06.342 [Forwarding isElementDisplayed on session 5d26fa4adb8f24efb33bdefc3d69120c to remote] DEBUG org.asynchttpclient.netty.request.NettyRequestSender - Using pooled Channel '[id: 0x9bb442fe, L:/127.0.0.1:64207 - R:localhost/127.0.0.1:58436]' for 'POST' to 'http://localhost:58436/session/5d26fa4adb8f24efb33bdefc3d69120c/execute/sync'
19:45:06.343 [Forwarding isElementDisplayed on session 5d26fa4adb8f24efb33bdefc3d69120c to remote] DEBUG org.asynchttpclient.netty.request.NettyRequestSender - Using open Channel [id: 0x9bb442fe, L:/127.0.0.1:64207 - R:localhost/127.0.0.1:58436] for POST '/session/5d26fa4adb8f24efb33bdefc3d69120c/execute/sync'
19:45:06.351 [AsyncHttpClient-1-2] DEBUG org.asynchttpclient.netty.handler.HttpHandler - 

Request DefaultHttpRequest(decodeResult: success, version: HTTP/1.1)
POST /session/5d26fa4adb8f24efb33bdefc3d69120c/execute/sync HTTP/1.1
User-Agent: selenium/4.4.0 (java windows)
Content-Length: 48780
Content-Type: application/json; charset=utf-8
host: localhost:58436
accept: */*

Response DefaultHttpResponse(decodeResult: success, version: HTTP/1.1)
HTTP/1.1 200 OK
Content-Type: application/json; charset=utf-8
cache-control: no-cache
content-length: 14

19:45:06.351 [AsyncHttpClient-1-2] DEBUG org.asynchttpclient.netty.channel.ChannelManager - Adding key: http://localhost:58436 for channel [id: 0x9bb442fe, L:/127.0.0.1:64207 - R:localhost/127.0.0.1:58436]
19:45:06.352 [Forwarding clickElement on session 5d26fa4adb8f24efb33bdefc3d69120c to remote] DEBUG org.asynchttpclient.netty.request.NettyRequestSender - Using pooled Channel '[id: 0x9bb442fe, L:/127.0.0.1:64207 - R:localhost/127.0.0.1:58436]' for 'POST' to 'http://localhost:58436/session/5d26fa4adb8f24efb33bdefc3d69120c/element/c3c5fbea-bfec-42e8-8e6b-ac866a265add/click'
19:45:06.352 [Forwarding clickElement on session 5d26fa4adb8f24efb33bdefc3d69120c to remote] DEBUG org.asynchttpclient.netty.request.NettyRequestSender - Using open Channel [id: 0x9bb442fe, L:/127.0.0.1:64207 - R:localhost/127.0.0.1:58436] for POST '/session/5d26fa4adb8f24efb33bdefc3d69120c/element/c3c5fbea-bfec-42e8-8e6b-ac866a265add/click'
19:45:06.624 [AsyncHttpClient-1-2] DEBUG org.asynchttpclient.netty.handler.HttpHandler - 

Request DefaultHttpRequest(decodeResult: success, version: HTTP/1.1)
POST /session/5d26fa4adb8f24efb33bdefc3d69120c/element/c3c5fbea-bfec-42e8-8e6b-ac866a265add/click HTTP/1.1
User-Agent: selenium/4.4.0 (java windows)
Content-Length: 50
Content-Type: application/json; charset=utf-8
host: localhost:58436
accept: */*

Response DefaultHttpResponse(decodeResult: success, version: HTTP/1.1)
HTTP/1.1 200 OK
Content-Type: application/json; charset=utf-8
cache-control: no-cache
content-length: 14

19:45:06.624 [AsyncHttpClient-1-2] DEBUG org.asynchttpclient.netty.channel.ChannelManager - Adding key: http://localhost:58436 for channel [id: 0x9bb442fe, L:/127.0.0.1:64207 - R:localhost/127.0.0.1:58436]
19:45:06.632 [Forwarding getCurrentWindowHandle on session 5d26fa4adb8f24efb33bdefc3d69120c to remote] DEBUG org.asynchttpclient.netty.request.NettyRequestSender - Using pooled Channel '[id: 0x9bb442fe, L:/127.0.0.1:64207 - R:localhost/127.0.0.1:58436]' for 'GET' to 'http://localhost:58436/session/5d26fa4adb8f24efb33bdefc3d69120c/window'
19:45:06.632 [Forwarding getCurrentWindowHandle on session 5d26fa4adb8f24efb33bdefc3d69120c to remote] DEBUG org.asynchttpclient.netty.request.NettyRequestSender - Using open Channel [id: 0x9bb442fe, L:/127.0.0.1:64207 - R:localhost/127.0.0.1:58436] for GET '/session/5d26fa4adb8f24efb33bdefc3d69120c/window'
19:45:06.633 [AsyncHttpClient-1-2] DEBUG org.asynchttpclient.netty.handler.HttpHandler - 

Request DefaultFullHttpRequest(decodeResult: success, version: HTTP/1.1, content: EmptyByteBufBE)
GET /session/5d26fa4adb8f24efb33bdefc3d69120c/window HTTP/1.1
User-Agent: selenium/4.4.0 (java windows)
Cache-Control: no-cache
Content-Type: application/json; charset=utf-8
host: localhost:58436
accept: */*

Response DefaultHttpResponse(decodeResult: success, version: HTTP/1.1)
HTTP/1.1 200 OK
Content-Type: application/json; charset=utf-8
cache-control: no-cache
content-length: 53

19:45:06.634 [AsyncHttpClient-1-2] DEBUG org.asynchttpclient.netty.channel.ChannelManager - Adding key: http://localhost:58436 for channel [id: 0x9bb442fe, L:/127.0.0.1:64207 - R:localhost/127.0.0.1:58436]
19:45:06.635 [Forwarding getAlertText on session 5d26fa4adb8f24efb33bdefc3d69120c to remote] DEBUG org.asynchttpclient.netty.request.NettyRequestSender - Using pooled Channel '[id: 0x9bb442fe, L:/127.0.0.1:64207 - R:localhost/127.0.0.1:58436]' for 'GET' to 'http://localhost:58436/session/5d26fa4adb8f24efb33bdefc3d69120c/alert/text'
19:45:06.635 [Forwarding getAlertText on session 5d26fa4adb8f24efb33bdefc3d69120c to remote] DEBUG org.asynchttpclient.netty.request.NettyRequestSender - Using open Channel [id: 0x9bb442fe, L:/127.0.0.1:64207 - R:localhost/127.0.0.1:58436] for GET '/session/5d26fa4adb8f24efb33bdefc3d69120c/alert/text'
19:45:06.638 [AsyncHttpClient-1-2] DEBUG org.asynchttpclient.netty.handler.HttpHandler - 

Request DefaultFullHttpRequest(decodeResult: success, version: HTTP/1.1, content: EmptyByteBufBE)
GET /session/5d26fa4adb8f24efb33bdefc3d69120c/alert/text HTTP/1.1
User-Agent: selenium/4.4.0 (java windows)
Cache-Control: no-cache
Content-Type: application/json; charset=utf-8
host: localhost:58436
accept: */*

Response DefaultHttpResponse(decodeResult: success, version: HTTP/1.1)
HTTP/1.1 404 Not Found
Content-Type: application/json; charset=utf-8
cache-control: no-cache
content-length: 815

19:45:06.638 [AsyncHttpClient-1-2] DEBUG org.asynchttpclient.netty.channel.ChannelManager - Adding key: http://localhost:58436 for channel [id: 0x9bb442fe, L:/127.0.0.1:64207 - R:localhost/127.0.0.1:58436]
19:45:06.640 [Forwarding switchToWindow on session 5d26fa4adb8f24efb33bdefc3d69120c to remote] DEBUG org.asynchttpclient.netty.request.NettyRequestSender - Using pooled Channel '[id: 0x9bb442fe, L:/127.0.0.1:64207 - R:localhost/127.0.0.1:58436]' for 'POST' to 'http://localhost:58436/session/5d26fa4adb8f24efb33bdefc3d69120c/window'
19:45:06.640 [Forwarding switchToWindow on session 5d26fa4adb8f24efb33bdefc3d69120c to remote] DEBUG org.asynchttpclient.netty.request.NettyRequestSender - Using open Channel [id: 0x9bb442fe, L:/127.0.0.1:64207 - R:localhost/127.0.0.1:58436] for POST '/session/5d26fa4adb8f24efb33bdefc3d69120c/window'
19:45:06.643 [AsyncHttpClient-1-2] DEBUG org.asynchttpclient.netty.handler.HttpHandler - 

Request DefaultHttpRequest(decodeResult: success, version: HTTP/1.1)
POST /session/5d26fa4adb8f24efb33bdefc3d69120c/window HTTP/1.1
User-Agent: selenium/4.4.0 (java windows)
Content-Length: 59
Content-Type: application/json; charset=utf-8
host: localhost:58436
accept: */*

Response DefaultHttpResponse(decodeResult: success, version: HTTP/1.1)
HTTP/1.1 200 OK
Content-Type: application/json; charset=utf-8
cache-control: no-cache
content-length: 14

19:45:06.644 [AsyncHttpClient-1-2] DEBUG org.asynchttpclient.netty.channel.ChannelManager - Adding key: http://localhost:58436 for channel [id: 0x9bb442fe, L:/127.0.0.1:64207 - R:localhost/127.0.0.1:58436]
19:45:06.646 [Forwarding getCurrentUrl on session 5d26fa4adb8f24efb33bdefc3d69120c to remote] DEBUG org.asynchttpclient.netty.request.NettyRequestSender - Using pooled Channel '[id: 0x9bb442fe, L:/127.0.0.1:64207 - R:localhost/127.0.0.1:58436]' for 'GET' to 'http://localhost:58436/session/5d26fa4adb8f24efb33bdefc3d69120c/url'
19:45:06.646 [Forwarding getCurrentUrl on session 5d26fa4adb8f24efb33bdefc3d69120c to remote] DEBUG org.asynchttpclient.netty.request.NettyRequestSender - Using open Channel [id: 0x9bb442fe, L:/127.0.0.1:64207 - R:localhost/127.0.0.1:58436] for GET '/session/5d26fa4adb8f24efb33bdefc3d69120c/url'
19:45:06.660 [AsyncHttpClient-1-1] DEBUG org.asynchttpclient.netty.channel.DefaultChannelPool - Entry count for : http://localhost:64210 : 1
19:45:06.660 [AsyncHttpClient-1-2] DEBUG org.asynchttpclient.netty.handler.HttpHandler - 

Request DefaultFullHttpRequest(decodeResult: success, version: HTTP/1.1, content: EmptyByteBufBE)
GET /session/5d26fa4adb8f24efb33bdefc3d69120c/url HTTP/1.1
User-Agent: selenium/4.4.0 (java windows)
Cache-Control: no-cache
Content-Type: application/json; charset=utf-8
host: localhost:58436
accept: */*

Response DefaultHttpResponse(decodeResult: success, version: HTTP/1.1)
HTTP/1.1 200 OK
Content-Type: application/json; charset=utf-8
cache-control: no-cache
content-length: 64

19:45:06.661 [AsyncHttpClient-1-2] DEBUG org.asynchttpclient.netty.channel.ChannelManager - Adding key: http://localhost:58436 for channel [id: 0x9bb442fe, L:/127.0.0.1:64207 - R:localhost/127.0.0.1:58436]
19:45:06.663 [Forwarding screenshot on session 5d26fa4adb8f24efb33bdefc3d69120c to remote] DEBUG org.asynchttpclient.netty.request.NettyRequestSender - Using pooled Channel '[id: 0x9bb442fe, L:/127.0.0.1:64207 - R:localhost/127.0.0.1:58436]' for 'GET' to 'http://localhost:58436/session/5d26fa4adb8f24efb33bdefc3d69120c/screenshot'
19:45:06.663 [Forwarding screenshot on session 5d26fa4adb8f24efb33bdefc3d69120c to remote] DEBUG org.asynchttpclient.netty.request.NettyRequestSender - Using open Channel [id: 0x9bb442fe, L:/127.0.0.1:64207 - R:localhost/127.0.0.1:58436] for GET '/session/5d26fa4adb8f24efb33bdefc3d69120c/screenshot'
19:45:06.936 [AsyncHttpClient-1-2] DEBUG org.asynchttpclient.netty.handler.HttpHandler - 

Request DefaultFullHttpRequest(decodeResult: success, version: HTTP/1.1, content: EmptyByteBufBE)
GET /session/5d26fa4adb8f24efb33bdefc3d69120c/screenshot HTTP/1.1
User-Agent: selenium/4.4.0 (java windows)
Cache-Control: no-cache
Content-Type: application/json; charset=utf-8
host: localhost:58436
accept: */*

Response DefaultHttpResponse(decodeResult: success, version: HTTP/1.1)
HTTP/1.1 200 OK
Content-Type: application/json; charset=utf-8
cache-control: no-cache
content-length: 19916

19:45:06.937 [AsyncHttpClient-1-2] DEBUG org.asynchttpclient.netty.channel.ChannelManager - Adding key: http://localhost:58436 for channel [id: 0x9bb442fe, L:/127.0.0.1:64207 - R:localhost/127.0.0.1:58436]
19:45:06.938 [main] DEBUG net.serenitybdd.core.photography.Darkroom - Send negative for processing for target\site\serenity\9e8616b8b532cd799a1caf42918866a559463beeb3f387dce41fcb7142d97e1d.png
19:45:06.938 [Darkroom Processing Line] DEBUG net.serenitybdd.core.photography.DarkroomProcessingLine - Processing screenshot image in /var/screenshots/screenshot-3519828679432205974
19:45:06.939 [Darkroom Processing Line] DEBUG net.serenitybdd.core.photography.DarkroomProcessingLine - Saving screenshot to target\site\serenity\9e8616b8b532cd799a1caf42918866a559463beeb3f387dce41fcb7142d97e1d.png
19:45:06.943 [Forwarding getPageSource on session 5d26fa4adb8f24efb33bdefc3d69120c to remote] DEBUG org.asynchttpclient.netty.request.NettyRequestSender - Using pooled Channel '[id: 0x9bb442fe, L:/127.0.0.1:64207 - R:localhost/127.0.0.1:58436]' for 'POST' to 'http://localhost:58436/session/5d26fa4adb8f24efb33bdefc3d69120c/execute/sync'
19:45:06.944 [Forwarding getPageSource on session 5d26fa4adb8f24efb33bdefc3d69120c to remote] DEBUG org.asynchttpclient.netty.request.NettyRequestSender - Using open Channel [id: 0x9bb442fe, L:/127.0.0.1:64207 - R:localhost/127.0.0.1:58436] for POST '/session/5d26fa4adb8f24efb33bdefc3d69120c/execute/sync'
19:45:06.947 [AsyncHttpClient-1-2] DEBUG org.asynchttpclient.netty.handler.HttpHandler - 

Request DefaultHttpRequest(decodeResult: success, version: HTTP/1.1)
POST /session/5d26fa4adb8f24efb33bdefc3d69120c/execute/sync HTTP/1.1
User-Agent: selenium/4.4.0 (java windows)
Content-Length: 176
Content-Type: application/json; charset=utf-8
host: localhost:58436
accept: */*

Response DefaultHttpResponse(decodeResult: success, version: HTTP/1.1)
HTTP/1.1 200 OK
Content-Type: application/json; charset=utf-8
cache-control: no-cache
content-length: 9968

19:45:06.948 [AsyncHttpClient-1-2] DEBUG org.asynchttpclient.netty.channel.ChannelManager - Adding key: http://localhost:58436 for channel [id: 0x9bb442fe, L:/127.0.0.1:64207 - R:localhost/127.0.0.1:58436]
[...]
19:45:13.281 [AsyncHttpClient-1-5] DEBUG org.asynchttpclient.netty.handler.HttpHandler - 

Request DefaultFullHttpRequest(decodeResult: success, version: HTTP/1.1, content: EmptyByteBufBE)
GET /session/86809c9cb53dc19f3b323e1f6f6fbcf4/element/1c5ea8c6-df51-47d9-a33e-9faa536e337c/text HTTP/1.1
User-Agent: selenium/4.4.0 (java windows)
Cache-Control: no-cache
Content-Type: application/json; charset=utf-8
host: localhost:64405
accept: */*

Response DefaultHttpResponse(decodeResult: success, version: HTTP/1.1)
HTTP/1.1 200 OK
Content-Type: application/json; charset=utf-8
cache-control: no-cache
content-length: 20

19:45:13.281 [AsyncHttpClient-1-5] DEBUG org.asynchttpclient.netty.channel.ChannelManager - Adding key: http://localhost:64405 for channel [id: 0x467ba2f7, L:/127.0.0.1:64260 - R:localhost/127.0.0.1:64405]
19:45:13.294 [Forwarding getCurrentWindowHandle on session 86809c9cb53dc19f3b323e1f6f6fbcf4 to remote] DEBUG org.asynchttpclient.netty.request.NettyRequestSender - Using pooled Channel '[id: 0x467ba2f7, L:/127.0.0.1:64260 - R:localhost/127.0.0.1:64405]' for 'GET' to 'http://localhost:64405/session/86809c9cb53dc19f3b323e1f6f6fbcf4/window'
19:45:13.294 [Forwarding getCurrentWindowHandle on session 86809c9cb53dc19f3b323e1f6f6fbcf4 to remote] DEBUG org.asynchttpclient.netty.request.NettyRequestSender - Using open Channel [id: 0x467ba2f7, L:/127.0.0.1:64260 - R:localhost/127.0.0.1:64405] for GET '/session/86809c9cb53dc19f3b323e1f6f6fbcf4/window'
19:45:13.295 [AsyncHttpClient-1-5] DEBUG org.asynchttpclient.netty.handler.HttpHandler - 

Request DefaultFullHttpRequest(decodeResult: success, version: HTTP/1.1, content: EmptyByteBufBE)
GET /session/86809c9cb53dc19f3b323e1f6f6fbcf4/window HTTP/1.1
User-Agent: selenium/4.4.0 (java windows)
Cache-Control: no-cache
Content-Type: application/json; charset=utf-8
host: localhost:64405
accept: */*

Response DefaultHttpResponse(decodeResult: success, version: HTTP/1.1)
HTTP/1.1 200 OK
Content-Type: application/json; charset=utf-8
cache-control: no-cache
content-length: 53

19:45:13.295 [AsyncHttpClient-1-5] DEBUG org.asynchttpclient.netty.channel.ChannelManager - Adding key: http://localhost:64405 for channel [id: 0x467ba2f7, L:/127.0.0.1:64260 - R:localhost/127.0.0.1:64405]
19:45:13.296 [Forwarding getAlertText on session 86809c9cb53dc19f3b323e1f6f6fbcf4 to remote] DEBUG org.asynchttpclient.netty.request.NettyRequestSender - Using pooled Channel '[id: 0x467ba2f7, L:/127.0.0.1:64260 - R:localhost/127.0.0.1:64405]' for 'GET' to 'http://localhost:64405/session/86809c9cb53dc19f3b323e1f6f6fbcf4/alert/text'
19:45:13.296 [Forwarding getAlertText on session 86809c9cb53dc19f3b323e1f6f6fbcf4 to remote] DEBUG org.asynchttpclient.netty.request.NettyRequestSender - Using open Channel [id: 0x467ba2f7, L:/127.0.0.1:64260 - R:localhost/127.0.0.1:64405] for GET '/session/86809c9cb53dc19f3b323e1f6f6fbcf4/alert/text'
19:45:13.298 [AsyncHttpClient-1-5] DEBUG org.asynchttpclient.netty.handler.HttpHandler - 

Request DefaultFullHttpRequest(decodeResult: success, version: HTTP/1.1, content: EmptyByteBufBE)
GET /session/86809c9cb53dc19f3b323e1f6f6fbcf4/alert/text HTTP/1.1
User-Agent: selenium/4.4.0 (java windows)
Cache-Control: no-cache
Content-Type: application/json; charset=utf-8
host: localhost:64405
accept: */*

Response DefaultHttpResponse(decodeResult: success, version: HTTP/1.1)
HTTP/1.1 404 Not Found
Content-Type: application/json; charset=utf-8
cache-control: no-cache
content-length: 815

19:45:13.298 [AsyncHttpClient-1-5] DEBUG org.asynchttpclient.netty.channel.ChannelManager - Adding key: http://localhost:64405 for channel [id: 0x467ba2f7, L:/127.0.0.1:64260 - R:localhost/127.0.0.1:64405]
19:45:13.300 [Forwarding switchToWindow on session 86809c9cb53dc19f3b323e1f6f6fbcf4 to remote] DEBUG org.asynchttpclient.netty.request.NettyRequestSender - Using pooled Channel '[id: 0x467ba2f7, L:/127.0.0.1:64260 - R:localhost/127.0.0.1:64405]' for 'POST' to 'http://localhost:64405/session/86809c9cb53dc19f3b323e1f6f6fbcf4/window'
19:45:13.300 [Forwarding switchToWindow on session 86809c9cb53dc19f3b323e1f6f6fbcf4 to remote] DEBUG org.asynchttpclient.netty.request.NettyRequestSender - Using open Channel [id: 0x467ba2f7, L:/127.0.0.1:64260 - R:localhost/127.0.0.1:64405] for POST '/session/86809c9cb53dc19f3b323e1f6f6fbcf4/window'
19:45:13.302 [AsyncHttpClient-1-5] DEBUG org.asynchttpclient.netty.handler.HttpHandler - 

Request DefaultHttpRequest(decodeResult: success, version: HTTP/1.1)
POST /session/86809c9cb53dc19f3b323e1f6f6fbcf4/window HTTP/1.1
User-Agent: selenium/4.4.0 (java windows)
Content-Length: 59
Content-Type: application/json; charset=utf-8
host: localhost:64405
accept: */*

Response DefaultHttpResponse(decodeResult: success, version: HTTP/1.1)
HTTP/1.1 200 OK
Content-Type: application/json; charset=utf-8
cache-control: no-cache
content-length: 14

19:45:13.302 [AsyncHttpClient-1-5] DEBUG org.asynchttpclient.netty.channel.ChannelManager - Adding key: http://localhost:64405 for channel [id: 0x467ba2f7, L:/127.0.0.1:64260 - R:localhost/127.0.0.1:64405]
19:45:13.302 [Forwarding getCurrentUrl on session 86809c9cb53dc19f3b323e1f6f6fbcf4 to remote] DEBUG org.asynchttpclient.netty.request.NettyRequestSender - Using pooled Channel '[id: 0x467ba2f7, L:/127.0.0.1:64260 - R:localhost/127.0.0.1:64405]' for 'GET' to 'http://localhost:64405/session/86809c9cb53dc19f3b323e1f6f6fbcf4/url'
19:45:13.302 [Forwarding getCurrentUrl on session 86809c9cb53dc19f3b323e1f6f6fbcf4 to remote] DEBUG org.asynchttpclient.netty.request.NettyRequestSender - Using open Channel [id: 0x467ba2f7, L:/127.0.0.1:64260 - R:localhost/127.0.0.1:64405] for GET '/session/86809c9cb53dc19f3b323e1f6f6fbcf4/url'
19:45:13.305 [AsyncHttpClient-1-5] DEBUG org.asynchttpclient.netty.handler.HttpHandler - 

Request DefaultFullHttpRequest(decodeResult: success, version: HTTP/1.1, content: EmptyByteBufBE)
GET /session/86809c9cb53dc19f3b323e1f6f6fbcf4/url HTTP/1.1
User-Agent: selenium/4.4.0 (java windows)
Cache-Control: no-cache
Content-Type: application/json; charset=utf-8
host: localhost:64405
accept: */*

Response DefaultHttpResponse(decodeResult: success, version: HTTP/1.1)
HTTP/1.1 200 OK
Content-Type: application/json; charset=utf-8
cache-control: no-cache
content-length: 75

19:45:13.305 [AsyncHttpClient-1-5] DEBUG org.asynchttpclient.netty.channel.ChannelManager - Adding key: http://localhost:64405 for channel [id: 0x467ba2f7, L:/127.0.0.1:64260 - R:localhost/127.0.0.1:64405]
19:45:13.306 [Forwarding screenshot on session 86809c9cb53dc19f3b323e1f6f6fbcf4 to remote] DEBUG org.asynchttpclient.netty.request.NettyRequestSender - Using pooled Channel '[id: 0x467ba2f7, L:/127.0.0.1:64260 - R:localhost/127.0.0.1:64405]' for 'GET' to 'http://localhost:64405/session/86809c9cb53dc19f3b323e1f6f6fbcf4/screenshot'
19:45:13.306 [Forwarding screenshot on session 86809c9cb53dc19f3b323e1f6f6fbcf4 to remote] DEBUG org.asynchttpclient.netty.request.NettyRequestSender - Using open Channel [id: 0x467ba2f7, L:/127.0.0.1:64260 - R:localhost/127.0.0.1:64405] for GET '/session/86809c9cb53dc19f3b323e1f6f6fbcf4/screenshot'
19:45:13.382 [AsyncHttpClient-1-5] DEBUG org.asynchttpclient.netty.handler.HttpHandler - 

Request DefaultFullHttpRequest(decodeResult: success, version: HTTP/1.1, content: EmptyByteBufBE)
GET /session/86809c9cb53dc19f3b323e1f6f6fbcf4/screenshot HTTP/1.1
User-Agent: selenium/4.4.0 (java windows)
Cache-Control: no-cache
Content-Type: application/json; charset=utf-8
host: localhost:64405
accept: */*

Response DefaultHttpResponse(decodeResult: success, version: HTTP/1.1)
HTTP/1.1 200 OK
Content-Type: application/json; charset=utf-8
cache-control: no-cache
content-length: 20996

19:45:13.382 [AsyncHttpClient-1-5] DEBUG org.asynchttpclient.netty.channel.ChannelManager - Adding key: http://localhost:64405 for channel [id: 0x467ba2f7, L:/127.0.0.1:64260 - R:localhost/127.0.0.1:64405]
19:45:13.383 [main] DEBUG net.serenitybdd.core.photography.Darkroom - Send negative for processing for target\site\serenity\e4db040bdd3e82566a663f0eefa5ee3e8453dc722f973084a275cdc69932e190.png
19:45:13.383 [Darkroom Processing Line] DEBUG net.serenitybdd.core.photography.DarkroomProcessingLine - Processing screenshot image in /var/screenshots/screenshot-11843093716562571455
19:45:13.383 [Darkroom Processing Line] DEBUG net.serenitybdd.core.photography.DarkroomProcessingLine - Saving screenshot to target\site\serenity\e4db040bdd3e82566a663f0eefa5ee3e8453dc722f973084a275cdc69932e190.png
19:45:13.384 [Forwarding getPageSource on session 86809c9cb53dc19f3b323e1f6f6fbcf4 to remote] DEBUG org.asynchttpclient.netty.request.NettyRequestSender - Using pooled Channel '[id: 0x467ba2f7, L:/127.0.0.1:64260 - R:localhost/127.0.0.1:64405]' for 'POST' to 'http://localhost:64405/session/86809c9cb53dc19f3b323e1f6f6fbcf4/execute/sync'
19:45:13.384 [Forwarding getPageSource on session 86809c9cb53dc19f3b323e1f6f6fbcf4 to remote] DEBUG org.asynchttpclient.netty.request.NettyRequestSender - Using open Channel [id: 0x467ba2f7, L:/127.0.0.1:64260 - R:localhost/127.0.0.1:64405] for POST '/session/86809c9cb53dc19f3b323e1f6f6fbcf4/execute/sync'
19:45:13.387 [AsyncHttpClient-1-5] DEBUG org.asynchttpclient.netty.handler.HttpHandler - 

Request DefaultHttpRequest(decodeResult: success, version: HTTP/1.1)
POST /session/86809c9cb53dc19f3b323e1f6f6fbcf4/execute/sync HTTP/1.1
User-Agent: selenium/4.4.0 (java windows)
Content-Length: 176
Content-Type: application/json; charset=utf-8
host: localhost:64405
accept: */*

Response DefaultHttpResponse(decodeResult: success, version: HTTP/1.1)
HTTP/1.1 200 OK
Content-Type: application/json; charset=utf-8
cache-control: no-cache
content-length: 8111

19:45:13.388 [AsyncHttpClient-1-5] DEBUG org.asynchttpclient.netty.channel.ChannelManager - Adding key: http://localhost:64405 for channel [id: 0x467ba2f7, L:/127.0.0.1:64260 - R:localhost/127.0.0.1:64405]
19:45:13.390 [Forwarding getCurrentUrl on session 86809c9cb53dc19f3b323e1f6f6fbcf4 to remote] DEBUG org.asynchttpclient.netty.request.NettyRequestSender - Using pooled Channel '[id: 0x467ba2f7, L:/127.0.0.1:64260 - R:localhost/127.0.0.1:64405]' for 'GET' to 'http://localhost:64405/session/86809c9cb53dc19f3b323e1f6f6fbcf4/url'
19:45:13.390 [Forwarding getCurrentUrl on session 86809c9cb53dc19f3b323e1f6f6fbcf4 to remote] DEBUG org.asynchttpclient.netty.request.NettyRequestSender - Using open Channel [id: 0x467ba2f7, L:/127.0.0.1:64260 - R:localhost/127.0.0.1:64405] for GET '/session/86809c9cb53dc19f3b323e1f6f6fbcf4/url'
19:45:13.393 [AsyncHttpClient-1-5] DEBUG org.asynchttpclient.netty.handler.HttpHandler - 

Request DefaultFullHttpRequest(decodeResult: success, version: HTTP/1.1, content: EmptyByteBufBE)
GET /session/86809c9cb53dc19f3b323e1f6f6fbcf4/url HTTP/1.1
User-Agent: selenium/4.4.0 (java windows)
Cache-Control: no-cache
Content-Type: application/json; charset=utf-8
host: localhost:64405
accept: */*

Response DefaultHttpResponse(decodeResult: success, version: HTTP/1.1)
HTTP/1.1 200 OK
Content-Type: application/json; charset=utf-8
cache-control: no-cache
content-length: 75

19:45:13.393 [AsyncHttpClient-1-5] DEBUG org.asynchttpclient.netty.channel.ChannelManager - Adding key: http://localhost:64405 for channel [id: 0x467ba2f7, L:/127.0.0.1:64260 - R:localhost/127.0.0.1:64405]
19:45:13.398 [Forwarding getPageSource on session 86809c9cb53dc19f3b323e1f6f6fbcf4 to remote] DEBUG org.asynchttpclient.netty.request.NettyRequestSender - Using pooled Channel '[id: 0x467ba2f7, L:/127.0.0.1:64260 - R:localhost/127.0.0.1:64405]' for 'POST' to 'http://localhost:64405/session/86809c9cb53dc19f3b323e1f6f6fbcf4/execute/sync'
19:45:13.398 [Forwarding getPageSource on session 86809c9cb53dc19f3b323e1f6f6fbcf4 to remote] DEBUG org.asynchttpclient.netty.request.NettyRequestSender - Using open Channel [id: 0x467ba2f7, L:/127.0.0.1:64260 - R:localhost/127.0.0.1:64405] for POST '/session/86809c9cb53dc19f3b323e1f6f6fbcf4/execute/sync'
19:45:13.402 [AsyncHttpClient-1-5] DEBUG org.asynchttpclient.netty.handler.HttpHandler - 

Request DefaultHttpRequest(decodeResult: success, version: HTTP/1.1)
POST /session/86809c9cb53dc19f3b323e1f6f6fbcf4/execute/sync HTTP/1.1
User-Agent: selenium/4.4.0 (java windows)
Content-Length: 176
Content-Type: application/json; charset=utf-8
host: localhost:64405
accept: */*

Response DefaultHttpResponse(decodeResult: success, version: HTTP/1.1)
HTTP/1.1 200 OK
Content-Type: application/json; charset=utf-8
cache-control: no-cache
content-length: 8111

19:45:13.402 [AsyncHttpClient-1-5] DEBUG org.asynchttpclient.netty.channel.ChannelManager - Adding key: http://localhost:64405 for channel [id: 0x467ba2f7, L:/127.0.0.1:64260 - R:localhost/127.0.0.1:64405]
19:45:13.405 [Forwarding getCurrentUrl on session 86809c9cb53dc19f3b323e1f6f6fbcf4 to remote] DEBUG org.asynchttpclient.netty.request.NettyRequestSender - Using pooled Channel '[id: 0x467ba2f7, L:/127.0.0.1:64260 - R:localhost/127.0.0.1:64405]' for 'GET' to 'http://localhost:64405/session/86809c9cb53dc19f3b323e1f6f6fbcf4/url'
19:45:13.405 [Forwarding getCurrentUrl on session 86809c9cb53dc19f3b323e1f6f6fbcf4 to remote] DEBUG org.asynchttpclient.netty.request.NettyRequestSender - Using open Channel [id: 0x467ba2f7, L:/127.0.0.1:64260 - R:localhost/127.0.0.1:64405] for GET '/session/86809c9cb53dc19f3b323e1f6f6fbcf4/url'
19:45:13.407 [AsyncHttpClient-1-5] DEBUG org.asynchttpclient.netty.handler.HttpHandler - 

Request DefaultFullHttpRequest(decodeResult: success, version: HTTP/1.1, content: EmptyByteBufBE)
GET /session/86809c9cb53dc19f3b323e1f6f6fbcf4/url HTTP/1.1
User-Agent: selenium/4.4.0 (java windows)
Cache-Control: no-cache
Content-Type: application/json; charset=utf-8
host: localhost:64405
accept: */*

Response DefaultHttpResponse(decodeResult: success, version: HTTP/1.1)
HTTP/1.1 200 OK
Content-Type: application/json; charset=utf-8
cache-control: no-cache
content-length: 75

19:45:13.407 [AsyncHttpClient-1-5] DEBUG org.asynchttpclient.netty.channel.ChannelManager - Adding key: http://localhost:64405 for channel [id: 0x467ba2f7, L:/127.0.0.1:64260 - R:localhost/127.0.0.1:64405]
19:45:13.431 [AsyncHttpClient-1-7] DEBUG org.asynchttpclient.netty.handler.WebSocketHandler - Channel Closed: [id: 0x6fa5d944, L:/127.0.0.1:64269 ! R:localhost/127.0.0.1:64261] with attribute NettyResponseFuture{currentRetry=0,
	isDone=1,
	isCancelled=0,
	asyncHandler=org.asynchttpclient.ws.WebSocketUpgradeHandler@48af9318,
	nettyRequest=org.asynchttpclient.netty.request.NettyRequest@dad0469,
	future=java.util.concurrent.CompletableFuture@70c4390c[Completed normally],
	uri=ws://localhost:64261/devtools/browser/79909a46-0b9c-4294-ae43-4f4cff1914de,
	keepAlive=true,
	redirectCount=0,
	timeoutsHolder=null,
	inAuth=0,
	touch=1673484309816}
19:45:13.431 [AsyncHttpClient-1-7] DEBUG org.asynchttpclient.netty.channel.ChannelManager - Closing Channel [id: 0x6fa5d944, L:/127.0.0.1:64269 ! R:localhost/127.0.0.1:64261] 
19:45:13.431 [Driver Command Executor] DEBUG org.asynchttpclient.netty.request.NettyRequestSender - Using pooled Channel '[id: 0x467ba2f7, L:/127.0.0.1:64260 - R:localhost/127.0.0.1:64405]' for 'DELETE' to 'http://localhost:64405/session/86809c9cb53dc19f3b323e1f6f6fbcf4'
19:45:13.431 [Driver Command Executor] DEBUG org.asynchttpclient.netty.request.NettyRequestSender - Using open Channel [id: 0x467ba2f7, L:/127.0.0.1:64260 - R:localhost/127.0.0.1:64405] for DELETE '/session/86809c9cb53dc19f3b323e1f6f6fbcf4'
19:45:13.449 [AsyncHttpClient-1-6] DEBUG org.asynchttpclient.netty.handler.HttpHandler - Unexpected I/O exception on channel [id: 0xec319552, L:/127.0.0.1:64268 - R:localhost/127.0.0.1:64261]
java.io.IOException: Se ha forzado la interrupción de una conexión existente por el host remoto
	at java.base/sun.nio.ch.SocketDispatcher.read0(Native Method)
	at java.base/sun.nio.ch.SocketDispatcher.read(SocketDispatcher.java:43)
	at java.base/sun.nio.ch.IOUtil.readIntoNativeBuffer(IOUtil.java:276)
	at java.base/sun.nio.ch.IOUtil.read(IOUtil.java:233)
	at java.base/sun.nio.ch.IOUtil.read(IOUtil.java:223)
	at java.base/sun.nio.ch.SocketChannelImpl.read(SocketChannelImpl.java:358)
	at io.netty.buffer.PooledByteBuf.setBytes(PooledByteBuf.java:258)
	at io.netty.buffer.AbstractByteBuf.writeBytes(AbstractByteBuf.java:1132)
	at io.netty.channel.socket.nio.NioSocketChannel.doReadBytes(NioSocketChannel.java:357)
	at io.netty.channel.nio.AbstractNioByteChannel$NioByteUnsafe.read(AbstractNioByteChannel.java:151)
	at io.netty.channel.nio.NioEventLoop.processSelectedKey(NioEventLoop.java:722)
	at io.netty.channel.nio.NioEventLoop.processSelectedKeysOptimized(NioEventLoop.java:658)
	at io.netty.channel.nio.NioEventLoop.processSelectedKeys(NioEventLoop.java:584)
	at io.netty.channel.nio.NioEventLoop.run(NioEventLoop.java:496)
	at io.netty.util.concurrent.SingleThreadEventExecutor$4.run(SingleThreadEventExecutor.java:997)
	at io.netty.util.internal.ThreadExecutorMap$2.run(ThreadExecutorMap.java:74)
	at io.netty.util.concurrent.FastThreadLocalRunnable.run(FastThreadLocalRunnable.java:30)
	at java.base/java.lang.Thread.run(Thread.java:834)
19:45:13.450 [AsyncHttpClient-1-6] DEBUG org.asynchttpclient.netty.channel.ChannelManager - Closing Channel [id: 0xec319552, L:/127.0.0.1:64268 - R:localhost/127.0.0.1:64261] 
19:45:13.450 [AsyncHttpClient-1-6] DEBUG org.asynchttpclient.netty.handler.HttpHandler - Channel Closed: [id: 0xec319552, L:/127.0.0.1:64268 ! R:localhost/127.0.0.1:64261] with attribute DISCARD
19:45:13.463 [AsyncHttpClient-1-5] DEBUG org.asynchttpclient.netty.handler.HttpHandler - 

Request DefaultFullHttpRequest(decodeResult: success, version: HTTP/1.1, content: EmptyByteBufBE)
DELETE /session/86809c9cb53dc19f3b323e1f6f6fbcf4 HTTP/1.1
User-Agent: selenium/4.4.0 (java windows)
Content-Type: application/json; charset=utf-8
host: localhost:64405
accept: */*

Response DefaultHttpResponse(decodeResult: success, version: HTTP/1.1)
HTTP/1.1 200 OK
Content-Type: application/json; charset=utf-8
cache-control: no-cache
content-length: 14

19:45:13.463 [AsyncHttpClient-1-5] DEBUG org.asynchttpclient.netty.channel.ChannelManager - Adding key: http://localhost:64405 for channel [id: 0x467ba2f7, L:/127.0.0.1:64260 - R:localhost/127.0.0.1:64405]
19:45:13.498 [AsyncHttpClient-1-5] DEBUG org.asynchttpclient.netty.handler.HttpHandler - Channel Closed: [id: 0x467ba2f7, L:/127.0.0.1:64260 ! R:localhost/127.0.0.1:64405] with attribute DISCARD
19:45:14.019 [main] ERROR  - 
  _____   ___   ___   _____     ___     _     ___   _      ___   ___  
 |_   _| | __| / __| |_   _|   | __|   /_\   |_ _| | |    | __| |   \ 
   | |   | _|  \__ \   | |     | _|   / _ \   | |  | |__  | _|  | |) |
   |_|   |___| |___/   |_|     |_|   /_/ \_\ |___| |____| |___| |___/ 

Validar que make appointment fue exitosa
-----------------------------------------------------------------------
19:45:14.021 [main] DEBUG  - RELATED ISSUES: 
19:45:14.022 [main] ERROR  -     Test failed at step: Validate data appointment: Hongkong CURA Healthcare Center, Nod, Medicare, 13/01/2023, cucumber
19:45:14.022 [main] ERROR  -     expected:<No[]> but was:<No[d]>
]]></system-out>
    <system-err><![CDATA[Starting ChromeDriver 108.0.5359.71 (1e0e3868ee06e91ad636a874420e3ca3ae3756ac-refs/branch-heads/5359@{#1016}) on port 64405
Only local connections are allowed.
Please see https://chromedriver.chromium.org/security-considerations for suggestions on keeping ChromeDriver safe.
ChromeDriver was started successfully.
ene. 11, 2023 7:45:09 P. M. org.openqa.selenium.remote.ProtocolHandshake createSession
INFO: Detected upstream dialect: W3C
ene. 11, 2023 7:45:09 P. M. org.openqa.selenium.devtools.CdpVersionFinder findNearestMatch
WARNING: Unable to find an exact match for CDP version 108, so returning the closest version found: 104
ene. 11, 2023 7:45:09 P. M. org.openqa.selenium.devtools.CdpVersionFinder findNearestMatch
INFO: Found CDP implementation for version 108 of 104
]]></system-err>
  </testcase>
</testsuite>