<?xml version="1.0" encoding="UTF-8"?>
<testsuite xmlns:xsi="http://www.w3.org/2001/XMLSchema-instance" xsi:noNamespaceSchemaLocation="https://maven.apache.org/surefire/maven-failsafe-plugin/xsd/failsafe-test-report-3.0.xsd" version="3.0" name="runners.CucumberTestSuite" time="20.426" tests="2" errors="0" skipped="0" failures="1">
  <properties>
[...]
</properties>
  <testcase name="Validar que make appointment fue exitosa #1" classname="Funcionalidad make appointment" time="11.426">
    <system-out><![CDATA[19:24:11.835 [main] DEBUG net.thucydides.core.guice.Injectors - Created injector for module net.thucydides.core.guice.ThucydidesModule
19:24:12.000 [main] INFO io.cucumber.core.plugin.SerenityReporter - Running feature from file:///C:/Users/MSI/Downloads/serenityBDD-master/ProyectoSerenityBDD/src/test/resources/features/loginkatalon.feature
19:24:12.126 [main] DEBUG net.thucydides.core.guice.Injectors - Created injector for module net.thucydides.core.guice.webdriver.WebDriverModule
19:24:12.144 [main] INFO  - 

-------------------------------------------------------------------------------------
     _______. _______ .______       _______ .__   __.  __  .___________.____    ____ 
    /       ||   ____||   _  \     |   ____||  \ |  | |  | |           |\   \  /   / 
   |   (----`|  |__   |  |_)  |    |  |__   |   \|  | |  | `---|  |----` \   \/   /  
    \   \    |   __|  |      /     |   __|  |  . `  | |  |     |  |       \_    _/   
.----)   |   |  |____ |  |\  \----.|  |____ |  |\   | |  |     |  |         |  |     
|_______/    |_______|| _| `._____||_______||__| \__| |__|     |__|         |__|    
                                                                                     
 News and tutorials at http://www.serenity-bdd.info                                  
 Documentation at https://wakaleo.gitbooks.io/the-serenity-book/content/             
 Join the Serenity Community on Gitter: https://gitter.im/serenity-bdd/serenity-core 
 Serenity BDD Support and Training at http://serenity-bdd.info/#/trainingandsupport  
-------------------------------------------------------------------------------------

19:24:12.146 [main] DEBUG net.thucydides.core.steps.StepEventBus - Test suite started for story net.thucydides.core.model.Story@f092bf87
19:24:12.147 [main] INFO  - Test Suite Started: Funcionalidad make appointment
19:24:12.156 [main] INFO io.cucumber.core.plugin.SerenityReporter - Running feature from file:///C:/Users/MSI/Downloads/serenityBDD-master/ProyectoSerenityBDD/src/test/resources/features/loginkatalon.feature
19:24:12.159 [main] DEBUG net.thucydides.core.steps.StepEventBus - Test suite started for story net.thucydides.core.model.Story@f092bf87
19:24:12.159 [main] INFO  - Test Suite Started: Funcionalidad make appointment
19:24:12.215 [main] INFO io.cucumber.core.plugin.SerenityReporter - Running feature from file:///C:/Users/MSI/Downloads/serenityBDD-master/ProyectoSerenityBDD/src/test/resources/features/loginkatalon.feature
19:24:12.312 [main] INFO  - 
  _____   ___   ___   _____     ___   _____     _     ___   _____   ___   ___  
 |_   _| | __| / __| |_   _|   / __| |_   _|   /_\   | _ \ |_   _| | __| |   \ 
   | |   | _|  \__ \   | |     \__ \   | |    / _ \  |   /   | |   | _|  | |) |
   |_|   |___| |___/   |_|     |___/   |_|   /_/ \_\ |_|_\   |_|   |___| |___/ 

Validar que make appointment fue exitosa(funcionalidad-make-appointment;validar-que-make-appointment-fue-exitosa)
--------------------------------------------------------------------------------
19:24:13.066 [main] INFO net.serenitybdd.core.webdriver.driverproviders.DriverProvider - Using WebDriverManager configuration for chrome
19:24:13.327 [main] DEBUG io.github.bonigarcia.wdm.cache.ResolutionCache - Resolution chrome=108 in cache (valid until 20:22:52 11/01/2023 COT)
19:24:13.328 [main] DEBUG io.github.bonigarcia.wdm.cache.ResolutionCache - Resolution chrome108=108.0.5359.71 in cache (valid until 10:17:15 12/01/2023 COT)
19:24:13.328 [main] INFO io.github.bonigarcia.wdm.WebDriverManager - Using chromedriver 108.0.5359.71 (resolved driver for Chrome 108)
19:24:13.339 [main] DEBUG io.github.bonigarcia.wdm.WebDriverManager - Driver chromedriver 108.0.5359.71 found in cache
19:24:13.340 [main] INFO io.github.bonigarcia.wdm.WebDriverManager - Exporting webdriver.chrome.driver as C:\Users\MSI\.cache\selenium\chromedriver\win32\108.0.5359.71\chromedriver.exe
19:24:13.409 [main] INFO net.serenitybdd.core.webdriver.driverproviders.ChromeDriverProvider - Starting Chrome driver instance with capabilities:
19:24:13.411 [main] INFO net.serenitybdd.core.webdriver.driverproviders.ChromeDriverProvider - Capabilities {acceptInsecureCerts: false, browserName: chrome, goog:chromeOptions: {args: [], extensions: []}}
19:24:13.460 [main] DEBUG io.netty.util.internal.logging.InternalLoggerFactory - Using SLF4J as the default logging framework
19:24:13.462 [main] DEBUG io.netty.util.ResourceLeakDetector - -Dio.netty.leakDetection.level: simple
19:24:13.462 [main] DEBUG io.netty.util.ResourceLeakDetector - -Dio.netty.leakDetection.targetRecords: 4
19:24:13.465 [main] DEBUG io.netty.util.ResourceLeakDetectorFactory - Loaded default ResourceLeakDetector: io.netty.util.ResourceLeakDetector@9f2376f
19:24:13.478 [main] DEBUG io.netty.util.internal.PlatformDependent0 - -Dio.netty.noUnsafe: false
19:24:13.478 [main] DEBUG io.netty.util.internal.PlatformDependent0 - Java version: 11
19:24:13.479 [main] DEBUG io.netty.util.internal.PlatformDependent0 - sun.misc.Unsafe.theUnsafe: available
19:24:13.480 [main] DEBUG io.netty.util.internal.PlatformDependent0 - sun.misc.Unsafe.copyMemory: available
19:24:13.480 [main] DEBUG io.netty.util.internal.PlatformDependent0 - sun.misc.Unsafe.storeFence: available
19:24:13.480 [main] DEBUG io.netty.util.internal.PlatformDependent0 - java.nio.Buffer.address: available
19:24:13.481 [main] DEBUG io.netty.util.internal.PlatformDependent0 - direct buffer constructor: unavailable: Reflective setAccessible(true) disabled
19:24:13.481 [main] DEBUG io.netty.util.internal.PlatformDependent0 - java.nio.Bits.unaligned: available, true
19:24:13.482 [main] DEBUG io.netty.util.internal.PlatformDependent0 - jdk.internal.misc.Unsafe.allocateUninitializedArray(int): unavailable: class io.netty.util.internal.PlatformDependent0$7 cannot access class jdk.internal.misc.Unsafe (in module java.base) because module java.base does not export jdk.internal.misc to unnamed module @5f577419
19:24:13.483 [main] DEBUG io.netty.util.internal.PlatformDependent0 - java.nio.DirectByteBuffer.<init>(long, int): unavailable
19:24:13.483 [main] DEBUG io.netty.util.internal.PlatformDependent - sun.misc.Unsafe: available
19:24:13.484 [main] DEBUG io.netty.util.internal.PlatformDependent - maxDirectMemory: 4248829952 bytes (maybe)
19:24:13.484 [main] DEBUG io.netty.util.internal.PlatformDependent - -Dio.netty.tmpdir: C:\Users\MSI\AppData\Local\Temp (java.io.tmpdir)
19:24:13.484 [main] DEBUG io.netty.util.internal.PlatformDependent - -Dio.netty.bitMode: 64 (sun.arch.data.model)
19:24:13.485 [main] DEBUG io.netty.util.internal.PlatformDependent - Platform: Windows
19:24:13.485 [main] DEBUG io.netty.util.internal.PlatformDependent - -Dio.netty.maxDirectMemory: -1 bytes
19:24:13.485 [main] DEBUG io.netty.util.internal.PlatformDependent - -Dio.netty.uninitializedArrayAllocationThreshold: -1
19:24:13.486 [main] DEBUG io.netty.util.internal.CleanerJava9 - java.nio.ByteBuffer.cleaner(): available
19:24:13.486 [main] DEBUG io.netty.util.internal.PlatformDependent - -Dio.netty.noPreferDirect: false
19:24:13.491 [main] DEBUG io.netty.util.internal.PlatformDependent - org.jctools-core.MpscChunkedArrayQueue: available
19:24:13.504 [main] DEBUG io.netty.util.internal.InternalThreadLocalMap - -Dio.netty.threadLocalMap.stringBuilder.initialSize: 1024
19:24:13.504 [main] DEBUG io.netty.util.internal.InternalThreadLocalMap - -Dio.netty.threadLocalMap.stringBuilder.maxSize: 4096
19:24:13.520 [main] DEBUG io.netty.handler.ssl.JdkSslContext - Default protocols (JDK): [TLSv1.3, TLSv1.2] 
19:24:13.520 [main] DEBUG io.netty.handler.ssl.JdkSslContext - Default cipher suites (JDK): [TLS_ECDHE_ECDSA_WITH_AES_256_GCM_SHA384, TLS_ECDHE_ECDSA_WITH_AES_128_GCM_SHA256, TLS_ECDHE_RSA_WITH_AES_128_GCM_SHA256, TLS_ECDHE_RSA_WITH_AES_256_GCM_SHA384, TLS_ECDHE_RSA_WITH_AES_128_CBC_SHA, TLS_ECDHE_RSA_WITH_AES_256_CBC_SHA, TLS_RSA_WITH_AES_128_GCM_SHA256, TLS_RSA_WITH_AES_128_CBC_SHA, TLS_RSA_WITH_AES_256_CBC_SHA, TLS_AES_128_GCM_SHA256, TLS_AES_256_GCM_SHA384]
19:24:13.538 [main] DEBUG io.netty.channel.MultithreadEventLoopGroup - -Dio.netty.eventLoopThreads: 24
19:24:13.544 [main] DEBUG io.netty.channel.nio.NioEventLoop - -Dio.netty.noKeySetOptimization: false
19:24:13.544 [main] DEBUG io.netty.channel.nio.NioEventLoop - -Dio.netty.selectorAutoRebuildThreshold: 512
19:24:13.575 [main] DEBUG io.netty.buffer.PooledByteBufAllocator - -Dio.netty.allocator.numHeapArenas: 24
19:24:13.575 [main] DEBUG io.netty.buffer.PooledByteBufAllocator - -Dio.netty.allocator.numDirectArenas: 24
19:24:13.575 [main] DEBUG io.netty.buffer.PooledByteBufAllocator - -Dio.netty.allocator.pageSize: 8192
19:24:13.575 [main] DEBUG io.netty.buffer.PooledByteBufAllocator - -Dio.netty.allocator.maxOrder: 9
19:24:13.575 [main] DEBUG io.netty.buffer.PooledByteBufAllocator - -Dio.netty.allocator.chunkSize: 4194304
19:24:13.575 [main] DEBUG io.netty.buffer.PooledByteBufAllocator - -Dio.netty.allocator.smallCacheSize: 256
19:24:13.575 [main] DEBUG io.netty.buffer.PooledByteBufAllocator - -Dio.netty.allocator.normalCacheSize: 64
19:24:13.575 [main] DEBUG io.netty.buffer.PooledByteBufAllocator - -Dio.netty.allocator.maxCachedBufferCapacity: 32768
19:24:13.576 [main] DEBUG io.netty.buffer.PooledByteBufAllocator - -Dio.netty.allocator.cacheTrimInterval: 8192
19:24:13.576 [main] DEBUG io.netty.buffer.PooledByteBufAllocator - -Dio.netty.allocator.cacheTrimIntervalMillis: 0
19:24:13.576 [main] DEBUG io.netty.buffer.PooledByteBufAllocator - -Dio.netty.allocator.useCacheForAllThreads: false
19:24:13.576 [main] DEBUG io.netty.buffer.PooledByteBufAllocator - -Dio.netty.allocator.maxCachedByteBuffersPerChunk: 1023
19:24:13.583 [main] DEBUG io.netty.buffer.ByteBufUtil - -Dio.netty.allocator.type: pooled
19:24:13.583 [main] DEBUG io.netty.buffer.ByteBufUtil - -Dio.netty.threadLocalDirectBufferSize: 0
19:24:13.583 [main] DEBUG io.netty.buffer.ByteBufUtil - -Dio.netty.maxThreadLocalCharBufferSize: 16384
19:24:14.273 [Forwarding newSession on session null to remote] DEBUG io.netty.channel.DefaultChannelId - -Dio.netty.processId: 23648 (auto-detected)
19:24:14.275 [Forwarding newSession on session null to remote] DEBUG io.netty.util.NetUtil - -Djava.net.preferIPv4Stack: false
19:24:14.275 [Forwarding newSession on session null to remote] DEBUG io.netty.util.NetUtil - -Djava.net.preferIPv6Addresses: false
19:24:14.359 [Forwarding newSession on session null to remote] DEBUG io.netty.util.NetUtilInitializations - Loopback interface: lo (Software Loopback Interface 1, 127.0.0.1)
19:24:14.360 [Forwarding newSession on session null to remote] DEBUG io.netty.util.NetUtil - Failed to get SOMAXCONN from sysctl and file \proc\sys\net\core\somaxconn. Default: 200
19:24:14.447 [Forwarding newSession on session null to remote] DEBUG io.netty.channel.DefaultChannelId - -Dio.netty.machineId: 34:c9:3d:ff:fe:a7:bc:d7 (auto-detected)
19:24:14.483 [AsyncHttpClient-1-2] DEBUG io.netty.buffer.AbstractByteBuf - -Dio.netty.buffer.checkAccessible: true
19:24:14.484 [AsyncHttpClient-1-2] DEBUG io.netty.buffer.AbstractByteBuf - -Dio.netty.buffer.checkBounds: true
19:24:14.484 [AsyncHttpClient-1-2] DEBUG io.netty.util.ResourceLeakDetectorFactory - Loaded default ResourceLeakDetector: io.netty.util.ResourceLeakDetector@7d17f8c2
19:24:14.494 [AsyncHttpClient-1-2] DEBUG org.asynchttpclient.netty.channel.NettyConnectListener - Using new Channel '[id: 0xcce9decb, L:/127.0.0.1:61759 - R:localhost/127.0.0.1:54663]' for 'POST' to '/session'
19:24:14.506 [AsyncHttpClient-1-2] DEBUG io.netty.util.Recycler - -Dio.netty.recycler.maxCapacityPerThread: 4096
19:24:14.506 [AsyncHttpClient-1-2] DEBUG io.netty.util.Recycler - -Dio.netty.recycler.ratio: 8
19:24:14.506 [AsyncHttpClient-1-2] DEBUG io.netty.util.Recycler - -Dio.netty.recycler.chunkSize: 32
19:24:14.506 [AsyncHttpClient-1-2] DEBUG io.netty.util.Recycler - -Dio.netty.recycler.blocking: false
19:24:14.988 [AsyncHttpClient-1-2] DEBUG io.netty.handler.codec.compression.Brotli - brotli4j not in the classpath; Brotli support will be unavailable.
19:24:14.988 [AsyncHttpClient-1-2] DEBUG org.asynchttpclient.netty.handler.HttpHandler - 

Request DefaultHttpRequest(decodeResult: success, version: HTTP/1.1)
POST /session HTTP/1.1
User-Agent: selenium/4.4.0 (java windows)
Content-Length: 437
Content-Type: application/json; charset=utf-8
host: localhost:54663
accept: */*

Response DefaultHttpResponse(decodeResult: success, version: HTTP/1.1)
HTTP/1.1 200 OK
Content-Type: application/json; charset=utf-8
cache-control: no-cache
content-length: 788

19:24:14.993 [AsyncHttpClient-1-2] DEBUG org.asynchttpclient.netty.channel.ChannelManager - Adding key: http://localhost:54663 for channel [id: 0xcce9decb, L:/127.0.0.1:61759 - R:localhost/127.0.0.1:54663]
19:24:15.049 [AsyncHttpClient-1-3] DEBUG org.asynchttpclient.netty.channel.NettyConnectListener - Using new Channel '[id: 0x5ad97065, L:/127.0.0.1:61766 - R:localhost/127.0.0.1:61760]' for 'GET' to '/json/version'
19:24:15.051 [AsyncHttpClient-1-3] DEBUG org.asynchttpclient.netty.handler.HttpHandler - 

Request DefaultFullHttpRequest(decodeResult: success, version: HTTP/1.1, content: EmptyByteBufBE)
GET /json/version HTTP/1.1
User-Agent: selenium/4.4.0 (java windows)
host: localhost:61760
accept: */*

Response DefaultHttpResponse(decodeResult: success, version: HTTP/1.1)
HTTP/1.1 200 OK
Content-Type: application/json; charset=UTF-8
content-length: 424

19:24:15.052 [AsyncHttpClient-1-3] DEBUG org.asynchttpclient.netty.channel.ChannelManager - Adding key: http://localhost:61760 for channel [id: 0x5ad97065, L:/127.0.0.1:61766 - R:localhost/127.0.0.1:61760]
19:24:15.058 [main] DEBUG io.netty.util.internal.ThreadLocalRandom - -Dio.netty.initialSeedUniquifier: 0x32f8f96a07d98566
19:24:15.061 [AsyncHttpClient-1-4] DEBUG org.asynchttpclient.netty.channel.NettyConnectListener - Using new Channel '[id: 0xc9e26314, L:/127.0.0.1:61767 - R:localhost/127.0.0.1:61760]' for 'GET' to '/devtools/browser/1f410209-d7ef-4144-a78e-0fc2a9598f3d'
19:24:15.063 [AsyncHttpClient-1-4] DEBUG org.asynchttpclient.netty.handler.WebSocketHandler - 

Request DefaultFullHttpRequest(decodeResult: success, version: HTTP/1.1, content: EmptyByteBufBE)
GET /devtools/browser/1f410209-d7ef-4144-a78e-0fc2a9598f3d HTTP/1.1
upgrade: websocket
connection: upgrade
sec-websocket-key: nHKbThm5ewLO7tB7ynQWAA==
sec-websocket-version: 13
origin: http://localhost:61760
host: localhost:61760
accept: */*
user-agent: AHC/2.1

Response DefaultHttpResponse(decodeResult: success, version: HTTP/1.1)
HTTP/1.1 101 WebSocket Protocol Handshake
Upgrade: WebSocket
Connection: Upgrade
Sec-WebSocket-Accept: bgRRzo2hYEg+QvT908tXzoDJZBA=

19:24:15.585 [main] DEBUG net.thucydides.core.reflection.ClassFinder - Could not load class .actions.SelectOptions
19:24:15.585 [main] DEBUG net.thucydides.core.reflection.ClassFinder - Could not load class .pageobject.Appointment
19:24:15.585 [main] DEBUG net.thucydides.core.reflection.ClassFinder - Could not load class .pageobject.Home
19:24:15.585 [main] DEBUG net.thucydides.core.reflection.ClassFinder - Could not load class .pageobject.Login
19:24:15.585 [main] DEBUG net.thucydides.core.reflection.ClassFinder - Could not load class .pageobject.MakeAppointment
19:24:15.585 [main] DEBUG net.thucydides.core.reflection.ClassFinder - Could not load class .runners.CucumberTestSuite
19:24:15.585 [main] DEBUG net.thucydides.core.reflection.ClassFinder - Could not load class .stepsdefinitions.AppointmentStepsDefinitions
19:24:15.586 [main] DEBUG net.thucydides.core.reflection.ClassFinder - Could not load class META-INF.versions.9.com.sun.istack.logging.StackHelper
19:24:15.586 [main] DEBUG net.thucydides.core.reflection.ClassFinder - Could not load class META-INF.versions.9.com.sun.xml.bind.v2.runtime.reflect.opt.AccessorInjector
19:24:15.587 [main] DEBUG net.thucydides.core.reflection.ClassFinder - Could not load class META-INF.versions.9.com.sun.xml.bind.v2.runtime.reflect.opt.Injector
19:24:15.587 [main] DEBUG net.thucydides.core.reflection.ClassFinder - Could not load class META-INF.versions.9.com.sun.xml.bind.v2.runtime.reflect.opt.OptimizedAccessorFactory
19:24:15.587 [main] DEBUG net.thucydides.core.reflection.ClassFinder - Could not load class META-INF.versions.9.com.sun.xml.bind.v2.runtime.reflect.opt.OptimizedTransducedAccessorFactory
19:24:15.587 [main] DEBUG net.thucydides.core.reflection.ClassFinder - Could not load class META-INF.versions.9.io.opentelemetry.sdk.internal.CurrentJavaVersionSpecific
19:24:15.588 [main] DEBUG net.thucydides.core.reflection.ClassFinder - Could not load class META-INF.versions.9.io.opentelemetry.sdk.internal.Java9VersionSpecific
19:24:15.588 [main] DEBUG net.thucydides.core.reflection.ClassFinder - Could not load class META-INF.versions.9.javax.xml.bind.ModuleUtil
19:24:15.588 [main] DEBUG net.thucydides.core.reflection.ClassFinder - Could not load class META-INF.versions.9.module-info
19:24:15.589 [main] DEBUG net.thucydides.core.reflection.ClassFinder - Could not load class META-INF.versions.9.org.junit.platform.commons.util.ModuleUtils
19:24:15.705 [AsyncHttpClient-1-1] DEBUG org.asynchttpclient.netty.channel.DefaultChannelPool - Entry count for : http://localhost:61760 : 1
19:24:15.705 [AsyncHttpClient-1-1] DEBUG org.asynchttpclient.netty.channel.DefaultChannelPool - Entry count for : http://localhost:54663 : 1
19:24:15.887 [main] DEBUG net.thucydides.core.reflection.ClassFinder - Could not load class com.google.gson.internal.
19:24:16.033 [main] DEBUG net.thucydides.core.reflection.ClassFinder - Could not load class com.sun.xml.bind.v2.runtime.output.FastInfosetStreamWriterOutput
19:24:16.369 [main] DEBUG net.thucydides.core.reflection.ClassFinder - Could not load class module-info
19:24:16.800 [AsyncHttpClient-1-1] DEBUG org.asynchttpclient.netty.channel.DefaultChannelPool - Entry count for : http://localhost:61760 : 1
19:24:16.800 [AsyncHttpClient-1-1] DEBUG org.asynchttpclient.netty.channel.DefaultChannelPool - Entry count for : http://localhost:54663 : 1
19:24:17.896 [AsyncHttpClient-1-1] DEBUG org.asynchttpclient.netty.channel.DefaultChannelPool - Entry count for : http://localhost:61760 : 1
19:24:17.896 [AsyncHttpClient-1-1] DEBUG org.asynchttpclient.netty.channel.DefaultChannelPool - Entry count for : http://localhost:54663 : 1
19:24:18.731 [Forwarding get on session f1159ae19cd38a284a7ec906ee09453e to remote] DEBUG org.asynchttpclient.netty.request.NettyRequestSender - Using pooled Channel '[id: 0xcce9decb, L:/127.0.0.1:61759 - R:localhost/127.0.0.1:54663]' for 'POST' to 'http://localhost:54663/session/f1159ae19cd38a284a7ec906ee09453e/url'
19:24:18.731 [Forwarding get on session f1159ae19cd38a284a7ec906ee09453e to remote] DEBUG org.asynchttpclient.netty.request.NettyRequestSender - Using open Channel [id: 0xcce9decb, L:/127.0.0.1:61759 - R:localhost/127.0.0.1:54663] for POST '/session/f1159ae19cd38a284a7ec906ee09453e/url'
19:24:18.996 [AsyncHttpClient-1-1] DEBUG org.asynchttpclient.netty.channel.DefaultChannelPool - Entry count for : http://localhost:61760 : 1
19:24:20.104 [AsyncHttpClient-1-1] DEBUG org.asynchttpclient.netty.channel.DefaultChannelPool - Entry count for : http://localhost:61760 : 1
19:24:20.143 [AsyncHttpClient-1-2] DEBUG org.asynchttpclient.netty.handler.HttpHandler - 

Request DefaultHttpRequest(decodeResult: success, version: HTTP/1.1)
POST /session/f1159ae19cd38a284a7ec906ee09453e/url HTTP/1.1
User-Agent: selenium/4.4.0 (java windows)
Content-Length: 70
Content-Type: application/json; charset=utf-8
host: localhost:54663
accept: */*

Response DefaultHttpResponse(decodeResult: success, version: HTTP/1.1)
HTTP/1.1 200 OK
Content-Type: application/json; charset=utf-8
cache-control: no-cache
content-length: 14

19:24:20.144 [AsyncHttpClient-1-2] DEBUG org.asynchttpclient.netty.channel.ChannelManager - Adding key: http://localhost:54663 for channel [id: 0xcce9decb, L:/127.0.0.1:61759 - R:localhost/127.0.0.1:54663]
19:24:20.147 [Forwarding setTimeout on session f1159ae19cd38a284a7ec906ee09453e to remote] DEBUG org.asynchttpclient.netty.request.NettyRequestSender - Using pooled Channel '[id: 0xcce9decb, L:/127.0.0.1:61759 - R:localhost/127.0.0.1:54663]' for 'POST' to 'http://localhost:54663/session/f1159ae19cd38a284a7ec906ee09453e/timeouts'
19:24:20.147 [Forwarding setTimeout on session f1159ae19cd38a284a7ec906ee09453e to remote] DEBUG org.asynchttpclient.netty.request.NettyRequestSender - Using open Channel [id: 0xcce9decb, L:/127.0.0.1:61759 - R:localhost/127.0.0.1:54663] for POST '/session/f1159ae19cd38a284a7ec906ee09453e/timeouts'
19:24:20.150 [AsyncHttpClient-1-2] DEBUG org.asynchttpclient.netty.handler.HttpHandler - 

Request DefaultHttpRequest(decodeResult: success, version: HTTP/1.1)
POST /session/f1159ae19cd38a284a7ec906ee09453e/timeouts HTTP/1.1
User-Agent: selenium/4.4.0 (java windows)
Content-Length: 22
Content-Type: application/json; charset=utf-8
host: localhost:54663
accept: */*

Response DefaultHttpResponse(decodeResult: success, version: HTTP/1.1)
HTTP/1.1 200 OK
Content-Type: application/json; charset=utf-8
cache-control: no-cache
content-length: 14

19:24:20.150 [AsyncHttpClient-1-2] DEBUG org.asynchttpclient.netty.channel.ChannelManager - Adding key: http://localhost:54663 for channel [id: 0xcce9decb, L:/127.0.0.1:61759 - R:localhost/127.0.0.1:54663]
19:24:20.154 [Forwarding getCurrentUrl on session f1159ae19cd38a284a7ec906ee09453e to remote] DEBUG org.asynchttpclient.netty.request.NettyRequestSender - Using pooled Channel '[id: 0xcce9decb, L:/127.0.0.1:61759 - R:localhost/127.0.0.1:54663]' for 'GET' to 'http://localhost:54663/session/f1159ae19cd38a284a7ec906ee09453e/url'
19:24:20.155 [Forwarding getCurrentUrl on session f1159ae19cd38a284a7ec906ee09453e to remote] DEBUG org.asynchttpclient.netty.request.NettyRequestSender - Using open Channel [id: 0xcce9decb, L:/127.0.0.1:61759 - R:localhost/127.0.0.1:54663] for GET '/session/f1159ae19cd38a284a7ec906ee09453e/url'
19:24:20.159 [AsyncHttpClient-1-2] DEBUG org.asynchttpclient.netty.handler.HttpHandler - 

Request DefaultFullHttpRequest(decodeResult: success, version: HTTP/1.1, content: EmptyByteBufBE)
GET /session/f1159ae19cd38a284a7ec906ee09453e/url HTTP/1.1
User-Agent: selenium/4.4.0 (java windows)
Cache-Control: no-cache
Content-Type: application/json; charset=utf-8
host: localhost:54663
accept: */*

Response DefaultHttpResponse(decodeResult: success, version: HTTP/1.1)
HTTP/1.1 200 OK
Content-Type: application/json; charset=utf-8
cache-control: no-cache
content-length: 52

19:24:20.160 [AsyncHttpClient-1-2] DEBUG org.asynchttpclient.netty.channel.ChannelManager - Adding key: http://localhost:54663 for channel [id: 0xcce9decb, L:/127.0.0.1:61759 - R:localhost/127.0.0.1:54663]
19:24:20.163 [Forwarding getCurrentUrl on session f1159ae19cd38a284a7ec906ee09453e to remote] DEBUG org.asynchttpclient.netty.request.NettyRequestSender - Using pooled Channel '[id: 0xcce9decb, L:/127.0.0.1:61759 - R:localhost/127.0.0.1:54663]' for 'GET' to 'http://localhost:54663/session/f1159ae19cd38a284a7ec906ee09453e/url'
19:24:20.163 [Forwarding getCurrentUrl on session f1159ae19cd38a284a7ec906ee09453e to remote] DEBUG org.asynchttpclient.netty.request.NettyRequestSender - Using open Channel [id: 0xcce9decb, L:/127.0.0.1:61759 - R:localhost/127.0.0.1:54663] for GET '/session/f1159ae19cd38a284a7ec906ee09453e/url'
19:24:20.166 [AsyncHttpClient-1-2] DEBUG org.asynchttpclient.netty.handler.HttpHandler - 

Request DefaultFullHttpRequest(decodeResult: success, version: HTTP/1.1, content: EmptyByteBufBE)
GET /session/f1159ae19cd38a284a7ec906ee09453e/url HTTP/1.1
User-Agent: selenium/4.4.0 (java windows)
Cache-Control: no-cache
Content-Type: application/json; charset=utf-8
host: localhost:54663
accept: */*

Response DefaultHttpResponse(decodeResult: success, version: HTTP/1.1)
HTTP/1.1 200 OK
Content-Type: application/json; charset=utf-8
cache-control: no-cache
content-length: 52

19:24:20.167 [AsyncHttpClient-1-2] DEBUG org.asynchttpclient.netty.channel.ChannelManager - Adding key: http://localhost:54663 for channel [id: 0xcce9decb, L:/127.0.0.1:61759 - R:localhost/127.0.0.1:54663]
19:24:20.216 [Forwarding findElement on session f1159ae19cd38a284a7ec906ee09453e to remote] DEBUG org.asynchttpclient.netty.request.NettyRequestSender - Using pooled Channel '[id: 0xcce9decb, L:/127.0.0.1:61759 - R:localhost/127.0.0.1:54663]' for 'POST' to 'http://localhost:54663/session/f1159ae19cd38a284a7ec906ee09453e/element'
19:24:20.216 [Forwarding findElement on session f1159ae19cd38a284a7ec906ee09453e to remote] DEBUG org.asynchttpclient.netty.request.NettyRequestSender - Using open Channel [id: 0xcce9decb, L:/127.0.0.1:61759 - R:localhost/127.0.0.1:54663] for POST '/session/f1159ae19cd38a284a7ec906ee09453e/element'
19:24:20.225 [AsyncHttpClient-1-2] DEBUG org.asynchttpclient.netty.handler.HttpHandler - 

Request DefaultHttpRequest(decodeResult: success, version: HTTP/1.1)
POST /session/f1159ae19cd38a284a7ec906ee09453e/element HTTP/1.1
User-Agent: selenium/4.4.0 (java windows)
Content-Length: 69
Content-Type: application/json; charset=utf-8
host: localhost:54663
accept: */*

Response DefaultHttpResponse(decodeResult: success, version: HTTP/1.1)
HTTP/1.1 200 OK
Content-Type: application/json; charset=utf-8
cache-control: no-cache
content-length: 88

19:24:20.225 [AsyncHttpClient-1-2] DEBUG org.asynchttpclient.netty.channel.ChannelManager - Adding key: http://localhost:54663 for channel [id: 0xcce9decb, L:/127.0.0.1:61759 - R:localhost/127.0.0.1:54663]
19:24:20.231 [Forwarding isElementDisplayed on session f1159ae19cd38a284a7ec906ee09453e to remote] DEBUG org.asynchttpclient.netty.request.NettyRequestSender - Using pooled Channel '[id: 0xcce9decb, L:/127.0.0.1:61759 - R:localhost/127.0.0.1:54663]' for 'POST' to 'http://localhost:54663/session/f1159ae19cd38a284a7ec906ee09453e/execute/sync'
19:24:20.231 [Forwarding isElementDisplayed on session f1159ae19cd38a284a7ec906ee09453e to remote] DEBUG org.asynchttpclient.netty.request.NettyRequestSender - Using open Channel [id: 0xcce9decb, L:/127.0.0.1:61759 - R:localhost/127.0.0.1:54663] for POST '/session/f1159ae19cd38a284a7ec906ee09453e/execute/sync'
19:24:20.250 [AsyncHttpClient-1-2] DEBUG org.asynchttpclient.netty.handler.HttpHandler - 

Request DefaultHttpRequest(decodeResult: success, version: HTTP/1.1)
POST /session/f1159ae19cd38a284a7ec906ee09453e/execute/sync HTTP/1.1
User-Agent: selenium/4.4.0 (java windows)
Content-Length: 48780
Content-Type: application/json; charset=utf-8
host: localhost:54663
accept: */*

Response DefaultHttpResponse(decodeResult: success, version: HTTP/1.1)
HTTP/1.1 200 OK
Content-Type: application/json; charset=utf-8
cache-control: no-cache
content-length: 14

19:24:20.250 [AsyncHttpClient-1-2] DEBUG org.asynchttpclient.netty.channel.ChannelManager - Adding key: http://localhost:54663 for channel [id: 0xcce9decb, L:/127.0.0.1:61759 - R:localhost/127.0.0.1:54663]
19:24:20.252 [Forwarding getElementTagName on session f1159ae19cd38a284a7ec906ee09453e to remote] DEBUG org.asynchttpclient.netty.request.NettyRequestSender - Using pooled Channel '[id: 0xcce9decb, L:/127.0.0.1:61759 - R:localhost/127.0.0.1:54663]' for 'GET' to 'http://localhost:54663/session/f1159ae19cd38a284a7ec906ee09453e/element/878b8a77-a6f3-4ba3-9866-af1acaa220fe/name'
19:24:20.252 [Forwarding getElementTagName on session f1159ae19cd38a284a7ec906ee09453e to remote] DEBUG org.asynchttpclient.netty.request.NettyRequestSender - Using open Channel [id: 0xcce9decb, L:/127.0.0.1:61759 - R:localhost/127.0.0.1:54663] for GET '/session/f1159ae19cd38a284a7ec906ee09453e/element/878b8a77-a6f3-4ba3-9866-af1acaa220fe/name'
19:24:20.255 [AsyncHttpClient-1-2] DEBUG org.asynchttpclient.netty.handler.HttpHandler - 

Request DefaultFullHttpRequest(decodeResult: success, version: HTTP/1.1, content: EmptyByteBufBE)
GET /session/f1159ae19cd38a284a7ec906ee09453e/element/878b8a77-a6f3-4ba3-9866-af1acaa220fe/name HTTP/1.1
User-Agent: selenium/4.4.0 (java windows)
Cache-Control: no-cache
Content-Type: application/json; charset=utf-8
host: localhost:54663
accept: */*

Response DefaultHttpResponse(decodeResult: success, version: HTTP/1.1)
HTTP/1.1 200 OK
Content-Type: application/json; charset=utf-8
cache-control: no-cache
content-length: 13

19:24:20.256 [AsyncHttpClient-1-2] DEBUG org.asynchttpclient.netty.channel.ChannelManager - Adding key: http://localhost:54663 for channel [id: 0xcce9decb, L:/127.0.0.1:61759 - R:localhost/127.0.0.1:54663]
19:24:20.258 [Forwarding getElementTagName on session f1159ae19cd38a284a7ec906ee09453e to remote] DEBUG org.asynchttpclient.netty.request.NettyRequestSender - Using pooled Channel '[id: 0xcce9decb, L:/127.0.0.1:61759 - R:localhost/127.0.0.1:54663]' for 'GET' to 'http://localhost:54663/session/f1159ae19cd38a284a7ec906ee09453e/element/878b8a77-a6f3-4ba3-9866-af1acaa220fe/name'
19:24:20.258 [Forwarding getElementTagName on session f1159ae19cd38a284a7ec906ee09453e to remote] DEBUG org.asynchttpclient.netty.request.NettyRequestSender - Using open Channel [id: 0xcce9decb, L:/127.0.0.1:61759 - R:localhost/127.0.0.1:54663] for GET '/session/f1159ae19cd38a284a7ec906ee09453e/element/878b8a77-a6f3-4ba3-9866-af1acaa220fe/name'
19:24:20.260 [AsyncHttpClient-1-2] DEBUG org.asynchttpclient.netty.handler.HttpHandler - 

Request DefaultFullHttpRequest(decodeResult: success, version: HTTP/1.1, content: EmptyByteBufBE)
GET /session/f1159ae19cd38a284a7ec906ee09453e/element/878b8a77-a6f3-4ba3-9866-af1acaa220fe/name HTTP/1.1
User-Agent: selenium/4.4.0 (java windows)
Cache-Control: no-cache
Content-Type: application/json; charset=utf-8
host: localhost:54663
accept: */*

Response DefaultHttpResponse(decodeResult: success, version: HTTP/1.1)
HTTP/1.1 200 OK
Content-Type: application/json; charset=utf-8
cache-control: no-cache
content-length: 13

19:24:20.260 [AsyncHttpClient-1-2] DEBUG org.asynchttpclient.netty.channel.ChannelManager - Adding key: http://localhost:54663 for channel [id: 0xcce9decb, L:/127.0.0.1:61759 - R:localhost/127.0.0.1:54663]
19:24:20.263 [Forwarding findElement on session f1159ae19cd38a284a7ec906ee09453e to remote] DEBUG org.asynchttpclient.netty.request.NettyRequestSender - Using pooled Channel '[id: 0xcce9decb, L:/127.0.0.1:61759 - R:localhost/127.0.0.1:54663]' for 'POST' to 'http://localhost:54663/session/f1159ae19cd38a284a7ec906ee09453e/element'
19:24:20.263 [Forwarding findElement on session f1159ae19cd38a284a7ec906ee09453e to remote] DEBUG org.asynchttpclient.netty.request.NettyRequestSender - Using open Channel [id: 0xcce9decb, L:/127.0.0.1:61759 - R:localhost/127.0.0.1:54663] for POST '/session/f1159ae19cd38a284a7ec906ee09453e/element'
19:24:20.269 [AsyncHttpClient-1-2] DEBUG org.asynchttpclient.netty.handler.HttpHandler - 

Request DefaultHttpRequest(decodeResult: success, version: HTTP/1.1)
POST /session/f1159ae19cd38a284a7ec906ee09453e/element HTTP/1.1
User-Agent: selenium/4.4.0 (java windows)
Content-Length: 69
Content-Type: application/json; charset=utf-8
host: localhost:54663
accept: */*

Response DefaultHttpResponse(decodeResult: success, version: HTTP/1.1)
HTTP/1.1 200 OK
Content-Type: application/json; charset=utf-8
cache-control: no-cache
content-length: 88

19:24:20.270 [AsyncHttpClient-1-2] DEBUG org.asynchttpclient.netty.channel.ChannelManager - Adding key: http://localhost:54663 for channel [id: 0xcce9decb, L:/127.0.0.1:61759 - R:localhost/127.0.0.1:54663]
19:24:20.275 [Forwarding isElementDisplayed on session f1159ae19cd38a284a7ec906ee09453e to remote] DEBUG org.asynchttpclient.netty.request.NettyRequestSender - Using pooled Channel '[id: 0xcce9decb, L:/127.0.0.1:61759 - R:localhost/127.0.0.1:54663]' for 'POST' to 'http://localhost:54663/session/f1159ae19cd38a284a7ec906ee09453e/execute/sync'
19:24:20.275 [Forwarding isElementDisplayed on session f1159ae19cd38a284a7ec906ee09453e to remote] DEBUG org.asynchttpclient.netty.request.NettyRequestSender - Using open Channel [id: 0xcce9decb, L:/127.0.0.1:61759 - R:localhost/127.0.0.1:54663] for POST '/session/f1159ae19cd38a284a7ec906ee09453e/execute/sync'
19:24:20.287 [AsyncHttpClient-1-2] DEBUG org.asynchttpclient.netty.handler.HttpHandler - 

Request DefaultHttpRequest(decodeResult: success, version: HTTP/1.1)
POST /session/f1159ae19cd38a284a7ec906ee09453e/execute/sync HTTP/1.1
User-Agent: selenium/4.4.0 (java windows)
Content-Length: 48780
Content-Type: application/json; charset=utf-8
host: localhost:54663
accept: */*

Response DefaultHttpResponse(decodeResult: success, version: HTTP/1.1)
HTTP/1.1 200 OK
Content-Type: application/json; charset=utf-8
cache-control: no-cache
content-length: 14

19:24:20.287 [AsyncHttpClient-1-2] DEBUG org.asynchttpclient.netty.channel.ChannelManager - Adding key: http://localhost:54663 for channel [id: 0xcce9decb, L:/127.0.0.1:61759 - R:localhost/127.0.0.1:54663]
19:24:20.289 [Forwarding clickElement on session f1159ae19cd38a284a7ec906ee09453e to remote] DEBUG org.asynchttpclient.netty.request.NettyRequestSender - Using pooled Channel '[id: 0xcce9decb, L:/127.0.0.1:61759 - R:localhost/127.0.0.1:54663]' for 'POST' to 'http://localhost:54663/session/f1159ae19cd38a284a7ec906ee09453e/element/878b8a77-a6f3-4ba3-9866-af1acaa220fe/click'
19:24:20.289 [Forwarding clickElement on session f1159ae19cd38a284a7ec906ee09453e to remote] DEBUG org.asynchttpclient.netty.request.NettyRequestSender - Using open Channel [id: 0xcce9decb, L:/127.0.0.1:61759 - R:localhost/127.0.0.1:54663] for POST '/session/f1159ae19cd38a284a7ec906ee09453e/element/878b8a77-a6f3-4ba3-9866-af1acaa220fe/click'
19:24:20.645 [AsyncHttpClient-1-2] DEBUG org.asynchttpclient.netty.handler.HttpHandler - 

Request DefaultHttpRequest(decodeResult: success, version: HTTP/1.1)
POST /session/f1159ae19cd38a284a7ec906ee09453e/element/878b8a77-a6f3-4ba3-9866-af1acaa220fe/click HTTP/1.1
User-Agent: selenium/4.4.0 (java windows)
Content-Length: 50
Content-Type: application/json; charset=utf-8
host: localhost:54663
accept: */*

Response DefaultHttpResponse(decodeResult: success, version: HTTP/1.1)
HTTP/1.1 200 OK
Content-Type: application/json; charset=utf-8
cache-control: no-cache
content-length: 14

19:24:20.645 [AsyncHttpClient-1-2] DEBUG org.asynchttpclient.netty.channel.ChannelManager - Adding key: http://localhost:54663 for channel [id: 0xcce9decb, L:/127.0.0.1:61759 - R:localhost/127.0.0.1:54663]
19:24:20.669 [main] DEBUG net.serenitybdd.core.photography.Darkroom - Opening darkroom
19:24:20.670 [Darkroom Processing Line] DEBUG net.serenitybdd.core.photography.DarkroomProcessingLine - Darkroom processing line starting up
19:24:20.671 [Forwarding getCurrentWindowHandle on session f1159ae19cd38a284a7ec906ee09453e to remote] DEBUG org.asynchttpclient.netty.request.NettyRequestSender - Using pooled Channel '[id: 0xcce9decb, L:/127.0.0.1:61759 - R:localhost/127.0.0.1:54663]' for 'GET' to 'http://localhost:54663/session/f1159ae19cd38a284a7ec906ee09453e/window'
19:24:20.671 [Forwarding getCurrentWindowHandle on session f1159ae19cd38a284a7ec906ee09453e to remote] DEBUG org.asynchttpclient.netty.request.NettyRequestSender - Using open Channel [id: 0xcce9decb, L:/127.0.0.1:61759 - R:localhost/127.0.0.1:54663] for GET '/session/f1159ae19cd38a284a7ec906ee09453e/window'
19:24:20.673 [AsyncHttpClient-1-2] DEBUG org.asynchttpclient.netty.handler.HttpHandler - 

Request DefaultFullHttpRequest(decodeResult: success, version: HTTP/1.1, content: EmptyByteBufBE)
GET /session/f1159ae19cd38a284a7ec906ee09453e/window HTTP/1.1
User-Agent: selenium/4.4.0 (java windows)
Cache-Control: no-cache
Content-Type: application/json; charset=utf-8
host: localhost:54663
accept: */*

Response DefaultHttpResponse(decodeResult: success, version: HTTP/1.1)
HTTP/1.1 200 OK
Content-Type: application/json; charset=utf-8
cache-control: no-cache
content-length: 53

19:24:20.673 [AsyncHttpClient-1-2] DEBUG org.asynchttpclient.netty.channel.ChannelManager - Adding key: http://localhost:54663 for channel [id: 0xcce9decb, L:/127.0.0.1:61759 - R:localhost/127.0.0.1:54663]
19:24:20.675 [Forwarding getAlertText on session f1159ae19cd38a284a7ec906ee09453e to remote] DEBUG org.asynchttpclient.netty.request.NettyRequestSender - Using pooled Channel '[id: 0xcce9decb, L:/127.0.0.1:61759 - R:localhost/127.0.0.1:54663]' for 'GET' to 'http://localhost:54663/session/f1159ae19cd38a284a7ec906ee09453e/alert/text'
19:24:20.675 [Forwarding getAlertText on session f1159ae19cd38a284a7ec906ee09453e to remote] DEBUG org.asynchttpclient.netty.request.NettyRequestSender - Using open Channel [id: 0xcce9decb, L:/127.0.0.1:61759 - R:localhost/127.0.0.1:54663] for GET '/session/f1159ae19cd38a284a7ec906ee09453e/alert/text'
19:24:20.681 [AsyncHttpClient-1-2] DEBUG org.asynchttpclient.netty.handler.HttpHandler - 

Request DefaultFullHttpRequest(decodeResult: success, version: HTTP/1.1, content: EmptyByteBufBE)
GET /session/f1159ae19cd38a284a7ec906ee09453e/alert/text HTTP/1.1
User-Agent: selenium/4.4.0 (java windows)
Cache-Control: no-cache
Content-Type: application/json; charset=utf-8
host: localhost:54663
accept: */*

Response DefaultHttpResponse(decodeResult: success, version: HTTP/1.1)
HTTP/1.1 404 Not Found
Content-Type: application/json; charset=utf-8
cache-control: no-cache
content-length: 815

19:24:20.682 [AsyncHttpClient-1-2] DEBUG org.asynchttpclient.netty.channel.ChannelManager - Adding key: http://localhost:54663 for channel [id: 0xcce9decb, L:/127.0.0.1:61759 - R:localhost/127.0.0.1:54663]
19:24:20.690 [Forwarding switchToWindow on session f1159ae19cd38a284a7ec906ee09453e to remote] DEBUG org.asynchttpclient.netty.request.NettyRequestSender - Using pooled Channel '[id: 0xcce9decb, L:/127.0.0.1:61759 - R:localhost/127.0.0.1:54663]' for 'POST' to 'http://localhost:54663/session/f1159ae19cd38a284a7ec906ee09453e/window'
19:24:20.691 [Forwarding switchToWindow on session f1159ae19cd38a284a7ec906ee09453e to remote] DEBUG org.asynchttpclient.netty.request.NettyRequestSender - Using open Channel [id: 0xcce9decb, L:/127.0.0.1:61759 - R:localhost/127.0.0.1:54663] for POST '/session/f1159ae19cd38a284a7ec906ee09453e/window'
19:24:20.695 [AsyncHttpClient-1-2] DEBUG org.asynchttpclient.netty.handler.HttpHandler - 

Request DefaultHttpRequest(decodeResult: success, version: HTTP/1.1)
POST /session/f1159ae19cd38a284a7ec906ee09453e/window HTTP/1.1
User-Agent: selenium/4.4.0 (java windows)
Content-Length: 59
Content-Type: application/json; charset=utf-8
host: localhost:54663
accept: */*

Response DefaultHttpResponse(decodeResult: success, version: HTTP/1.1)
HTTP/1.1 200 OK
Content-Type: application/json; charset=utf-8
cache-control: no-cache
content-length: 14

19:24:20.695 [AsyncHttpClient-1-2] DEBUG org.asynchttpclient.netty.channel.ChannelManager - Adding key: http://localhost:54663 for channel [id: 0xcce9decb, L:/127.0.0.1:61759 - R:localhost/127.0.0.1:54663]
19:24:20.696 [Forwarding getCurrentUrl on session f1159ae19cd38a284a7ec906ee09453e to remote] DEBUG org.asynchttpclient.netty.request.NettyRequestSender - Using pooled Channel '[id: 0xcce9decb, L:/127.0.0.1:61759 - R:localhost/127.0.0.1:54663]' for 'GET' to 'http://localhost:54663/session/f1159ae19cd38a284a7ec906ee09453e/url'
19:24:20.697 [Forwarding getCurrentUrl on session f1159ae19cd38a284a7ec906ee09453e to remote] DEBUG org.asynchttpclient.netty.request.NettyRequestSender - Using open Channel [id: 0xcce9decb, L:/127.0.0.1:61759 - R:localhost/127.0.0.1:54663] for GET '/session/f1159ae19cd38a284a7ec906ee09453e/url'
19:24:20.702 [AsyncHttpClient-1-2] DEBUG org.asynchttpclient.netty.handler.HttpHandler - 

Request DefaultFullHttpRequest(decodeResult: success, version: HTTP/1.1, content: EmptyByteBufBE)
GET /session/f1159ae19cd38a284a7ec906ee09453e/url HTTP/1.1
User-Agent: selenium/4.4.0 (java windows)
Cache-Control: no-cache
Content-Type: application/json; charset=utf-8
host: localhost:54663
accept: */*

Response DefaultHttpResponse(decodeResult: success, version: HTTP/1.1)
HTTP/1.1 200 OK
Content-Type: application/json; charset=utf-8
cache-control: no-cache
content-length: 69

19:24:20.703 [AsyncHttpClient-1-2] DEBUG org.asynchttpclient.netty.channel.ChannelManager - Adding key: http://localhost:54663 for channel [id: 0xcce9decb, L:/127.0.0.1:61759 - R:localhost/127.0.0.1:54663]
19:24:20.705 [Forwarding screenshot on session f1159ae19cd38a284a7ec906ee09453e to remote] DEBUG org.asynchttpclient.netty.request.NettyRequestSender - Using pooled Channel '[id: 0xcce9decb, L:/127.0.0.1:61759 - R:localhost/127.0.0.1:54663]' for 'GET' to 'http://localhost:54663/session/f1159ae19cd38a284a7ec906ee09453e/screenshot'
19:24:20.705 [Forwarding screenshot on session f1159ae19cd38a284a7ec906ee09453e to remote] DEBUG org.asynchttpclient.netty.request.NettyRequestSender - Using open Channel [id: 0xcce9decb, L:/127.0.0.1:61759 - R:localhost/127.0.0.1:54663] for GET '/session/f1159ae19cd38a284a7ec906ee09453e/screenshot'
19:24:20.786 [AsyncHttpClient-1-2] DEBUG org.asynchttpclient.netty.handler.HttpHandler - 

Request DefaultFullHttpRequest(decodeResult: success, version: HTTP/1.1, content: EmptyByteBufBE)
GET /session/f1159ae19cd38a284a7ec906ee09453e/screenshot HTTP/1.1
User-Agent: selenium/4.4.0 (java windows)
Cache-Control: no-cache
Content-Type: application/json; charset=utf-8
host: localhost:54663
accept: */*

Response DefaultHttpResponse(decodeResult: success, version: HTTP/1.1)
HTTP/1.1 200 OK
Content-Type: application/json; charset=utf-8
cache-control: no-cache
content-length: 18920

19:24:20.787 [AsyncHttpClient-1-2] DEBUG org.asynchttpclient.netty.channel.ChannelManager - Adding key: http://localhost:54663 for channel [id: 0xcce9decb, L:/127.0.0.1:61759 - R:localhost/127.0.0.1:54663]
19:24:20.839 [main] DEBUG net.serenitybdd.core.photography.Darkroom - Send negative for processing for target\site\serenity\7737936f643d01dbfb91f381917de47f5499b03a62c50c2f2c8a479c4f2229c3.png
19:24:20.839 [Darkroom Processing Line] DEBUG net.serenitybdd.core.photography.DarkroomProcessingLine - Processing screenshot image in /var/screenshots/screenshot-3093666732456829808
19:24:20.840 [Darkroom Processing Line] DEBUG net.serenitybdd.core.photography.DarkroomProcessingLine - Saving screenshot to target\site\serenity\7737936f643d01dbfb91f381917de47f5499b03a62c50c2f2c8a479c4f2229c3.png
19:24:20.852 [Forwarding getPageSource on session f1159ae19cd38a284a7ec906ee09453e to remote] DEBUG org.asynchttpclient.netty.request.NettyRequestSender - Using pooled Channel '[id: 0xcce9decb, L:/127.0.0.1:61759 - R:localhost/127.0.0.1:54663]' for 'POST' to 'http://localhost:54663/session/f1159ae19cd38a284a7ec906ee09453e/execute/sync'
19:24:20.852 [Forwarding getPageSource on session f1159ae19cd38a284a7ec906ee09453e to remote] DEBUG org.asynchttpclient.netty.request.NettyRequestSender - Using open Channel [id: 0xcce9decb, L:/127.0.0.1:61759 - R:localhost/127.0.0.1:54663] for POST '/session/f1159ae19cd38a284a7ec906ee09453e/execute/sync'
19:24:20.857 [AsyncHttpClient-1-2] DEBUG org.asynchttpclient.netty.handler.HttpHandler - 

Request DefaultHttpRequest(decodeResult: success, version: HTTP/1.1)
POST /session/f1159ae19cd38a284a7ec906ee09453e/execute/sync HTTP/1.1
User-Agent: selenium/4.4.0 (java windows)
Content-Length: 176
Content-Type: application/json; charset=utf-8
host: localhost:54663
accept: */*

Response DefaultHttpResponse(decodeResult: success, version: HTTP/1.1)
HTTP/1.1 200 OK
Content-Type: application/json; charset=utf-8
cache-control: no-cache
content-length: 8792

19:24:20.857 [AsyncHttpClient-1-2] DEBUG org.asynchttpclient.netty.channel.ChannelManager - Adding key: http://localhost:54663 for channel [id: 0xcce9decb, L:/127.0.0.1:61759 - R:localhost/127.0.0.1:54663]
19:24:20.911 [Forwarding getCurrentUrl on session f1159ae19cd38a284a7ec906ee09453e to remote] DEBUG org.asynchttpclient.netty.request.NettyRequestSender - Using pooled Channel '[id: 0xcce9decb, L:/127.0.0.1:61759 - R:localhost/127.0.0.1:54663]' for 'GET' to 'http://localhost:54663/session/f1159ae19cd38a284a7ec906ee09453e/url'
19:24:20.912 [Forwarding getCurrentUrl on session f1159ae19cd38a284a7ec906ee09453e to remote] DEBUG org.asynchttpclient.netty.request.NettyRequestSender - Using open Channel [id: 0xcce9decb, L:/127.0.0.1:61759 - R:localhost/127.0.0.1:54663] for GET '/session/f1159ae19cd38a284a7ec906ee09453e/url'
19:24:20.915 [AsyncHttpClient-1-2] DEBUG org.asynchttpclient.netty.handler.HttpHandler - 

Request DefaultFullHttpRequest(decodeResult: success, version: HTTP/1.1, content: EmptyByteBufBE)
GET /session/f1159ae19cd38a284a7ec906ee09453e/url HTTP/1.1
User-Agent: selenium/4.4.0 (java windows)
Cache-Control: no-cache
Content-Type: application/json; charset=utf-8
host: localhost:54663
accept: */*

Response DefaultHttpResponse(decodeResult: success, version: HTTP/1.1)
HTTP/1.1 200 OK
Content-Type: application/json; charset=utf-8
cache-control: no-cache
content-length: 69

19:24:20.915 [AsyncHttpClient-1-2] DEBUG org.asynchttpclient.netty.channel.ChannelManager - Adding key: http://localhost:54663 for channel [id: 0xcce9decb, L:/127.0.0.1:61759 - R:localhost/127.0.0.1:54663]
19:24:20.935 [Forwarding findElement on session f1159ae19cd38a284a7ec906ee09453e to remote] DEBUG org.asynchttpclient.netty.request.NettyRequestSender - Using pooled Channel '[id: 0xcce9decb, L:/127.0.0.1:61759 - R:localhost/127.0.0.1:54663]' for 'POST' to 'http://localhost:54663/session/f1159ae19cd38a284a7ec906ee09453e/element'
19:24:20.935 [Forwarding findElement on session f1159ae19cd38a284a7ec906ee09453e to remote] DEBUG org.asynchttpclient.netty.request.NettyRequestSender - Using open Channel [id: 0xcce9decb, L:/127.0.0.1:61759 - R:localhost/127.0.0.1:54663] for POST '/session/f1159ae19cd38a284a7ec906ee09453e/element'
19:24:20.943 [AsyncHttpClient-1-2] DEBUG org.asynchttpclient.netty.handler.HttpHandler - 

Request DefaultHttpRequest(decodeResult: success, version: HTTP/1.1)
POST /session/f1159ae19cd38a284a7ec906ee09453e/element HTTP/1.1
User-Agent: selenium/4.4.0 (java windows)
Content-Length: 59
Content-Type: application/json; charset=utf-8
host: localhost:54663
accept: */*

Response DefaultHttpResponse(decodeResult: success, version: HTTP/1.1)
HTTP/1.1 200 OK
Content-Type: application/json; charset=utf-8
cache-control: no-cache
content-length: 88

19:24:20.943 [AsyncHttpClient-1-2] DEBUG org.asynchttpclient.netty.channel.ChannelManager - Adding key: http://localhost:54663 for channel [id: 0xcce9decb, L:/127.0.0.1:61759 - R:localhost/127.0.0.1:54663]
19:24:20.946 [Forwarding isElementDisplayed on session f1159ae19cd38a284a7ec906ee09453e to remote] DEBUG org.asynchttpclient.netty.request.NettyRequestSender - Using pooled Channel '[id: 0xcce9decb, L:/127.0.0.1:61759 - R:localhost/127.0.0.1:54663]' for 'POST' to 'http://localhost:54663/session/f1159ae19cd38a284a7ec906ee09453e/execute/sync'
19:24:20.946 [Forwarding isElementDisplayed on session f1159ae19cd38a284a7ec906ee09453e to remote] DEBUG org.asynchttpclient.netty.request.NettyRequestSender - Using open Channel [id: 0xcce9decb, L:/127.0.0.1:61759 - R:localhost/127.0.0.1:54663] for POST '/session/f1159ae19cd38a284a7ec906ee09453e/execute/sync'
19:24:20.958 [AsyncHttpClient-1-2] DEBUG org.asynchttpclient.netty.handler.HttpHandler - 

Request DefaultHttpRequest(decodeResult: success, version: HTTP/1.1)
POST /session/f1159ae19cd38a284a7ec906ee09453e/execute/sync HTTP/1.1
User-Agent: selenium/4.4.0 (java windows)
Content-Length: 48780
Content-Type: application/json; charset=utf-8
host: localhost:54663
accept: */*

Response DefaultHttpResponse(decodeResult: success, version: HTTP/1.1)
HTTP/1.1 200 OK
Content-Type: application/json; charset=utf-8
cache-control: no-cache
content-length: 14

19:24:20.958 [AsyncHttpClient-1-2] DEBUG org.asynchttpclient.netty.channel.ChannelManager - Adding key: http://localhost:54663 for channel [id: 0xcce9decb, L:/127.0.0.1:61759 - R:localhost/127.0.0.1:54663]
19:24:20.959 [Forwarding clearElement on session f1159ae19cd38a284a7ec906ee09453e to remote] DEBUG org.asynchttpclient.netty.request.NettyRequestSender - Using pooled Channel '[id: 0xcce9decb, L:/127.0.0.1:61759 - R:localhost/127.0.0.1:54663]' for 'POST' to 'http://localhost:54663/session/f1159ae19cd38a284a7ec906ee09453e/element/7d90a964-b7fb-43c3-a375-c7fa1af75275/clear'
19:24:20.959 [Forwarding clearElement on session f1159ae19cd38a284a7ec906ee09453e to remote] DEBUG org.asynchttpclient.netty.request.NettyRequestSender - Using open Channel [id: 0xcce9decb, L:/127.0.0.1:61759 - R:localhost/127.0.0.1:54663] for POST '/session/f1159ae19cd38a284a7ec906ee09453e/element/7d90a964-b7fb-43c3-a375-c7fa1af75275/clear'
19:24:20.980 [AsyncHttpClient-1-2] DEBUG org.asynchttpclient.netty.handler.HttpHandler - 

Request DefaultHttpRequest(decodeResult: success, version: HTTP/1.1)
POST /session/f1159ae19cd38a284a7ec906ee09453e/element/7d90a964-b7fb-43c3-a375-c7fa1af75275/clear HTTP/1.1
User-Agent: selenium/4.4.0 (java windows)
Content-Length: 50
Content-Type: application/json; charset=utf-8
host: localhost:54663
accept: */*

Response DefaultHttpResponse(decodeResult: success, version: HTTP/1.1)
HTTP/1.1 200 OK
Content-Type: application/json; charset=utf-8
cache-control: no-cache
content-length: 14

19:24:20.980 [AsyncHttpClient-1-2] DEBUG org.asynchttpclient.netty.channel.ChannelManager - Adding key: http://localhost:54663 for channel [id: 0xcce9decb, L:/127.0.0.1:61759 - R:localhost/127.0.0.1:54663]
19:24:20.983 [Forwarding sendKeysToElement on session f1159ae19cd38a284a7ec906ee09453e to remote] DEBUG org.asynchttpclient.netty.request.NettyRequestSender - Using pooled Channel '[id: 0xcce9decb, L:/127.0.0.1:61759 - R:localhost/127.0.0.1:54663]' for 'POST' to 'http://localhost:54663/session/f1159ae19cd38a284a7ec906ee09453e/element/7d90a964-b7fb-43c3-a375-c7fa1af75275/value'
19:24:20.983 [Forwarding sendKeysToElement on session f1159ae19cd38a284a7ec906ee09453e to remote] DEBUG org.asynchttpclient.netty.request.NettyRequestSender - Using open Channel [id: 0xcce9decb, L:/127.0.0.1:61759 - R:localhost/127.0.0.1:54663] for POST '/session/f1159ae19cd38a284a7ec906ee09453e/element/7d90a964-b7fb-43c3-a375-c7fa1af75275/value'
19:24:21.017 [AsyncHttpClient-1-2] DEBUG org.asynchttpclient.netty.handler.HttpHandler - 

Request DefaultHttpRequest(decodeResult: success, version: HTTP/1.1)
POST /session/f1159ae19cd38a284a7ec906ee09453e/element/7d90a964-b7fb-43c3-a375-c7fa1af75275/value HTTP/1.1
User-Agent: selenium/4.4.0 (java windows)
Content-Length: 161
Content-Type: application/json; charset=utf-8
host: localhost:54663
accept: */*

Response DefaultHttpResponse(decodeResult: success, version: HTTP/1.1)
HTTP/1.1 200 OK
Content-Type: application/json; charset=utf-8
cache-control: no-cache
content-length: 14

19:24:21.018 [AsyncHttpClient-1-2] DEBUG org.asynchttpclient.netty.channel.ChannelManager - Adding key: http://localhost:54663 for channel [id: 0xcce9decb, L:/127.0.0.1:61759 - R:localhost/127.0.0.1:54663]
19:24:21.025 [Forwarding findElement on session f1159ae19cd38a284a7ec906ee09453e to remote] DEBUG org.asynchttpclient.netty.request.NettyRequestSender - Using pooled Channel '[id: 0xcce9decb, L:/127.0.0.1:61759 - R:localhost/127.0.0.1:54663]' for 'POST' to 'http://localhost:54663/session/f1159ae19cd38a284a7ec906ee09453e/element'
19:24:21.025 [Forwarding findElement on session f1159ae19cd38a284a7ec906ee09453e to remote] DEBUG org.asynchttpclient.netty.request.NettyRequestSender - Using open Channel [id: 0xcce9decb, L:/127.0.0.1:61759 - R:localhost/127.0.0.1:54663] for POST '/session/f1159ae19cd38a284a7ec906ee09453e/element'
19:24:21.034 [AsyncHttpClient-1-2] DEBUG org.asynchttpclient.netty.handler.HttpHandler - 

Request DefaultHttpRequest(decodeResult: success, version: HTTP/1.1)
POST /session/f1159ae19cd38a284a7ec906ee09453e/element HTTP/1.1
User-Agent: selenium/4.4.0 (java windows)
Content-Length: 59
Content-Type: application/json; charset=utf-8
host: localhost:54663
accept: */*

Response DefaultHttpResponse(decodeResult: success, version: HTTP/1.1)
HTTP/1.1 200 OK
Content-Type: application/json; charset=utf-8
cache-control: no-cache
content-length: 88

19:24:21.034 [AsyncHttpClient-1-2] DEBUG org.asynchttpclient.netty.channel.ChannelManager - Adding key: http://localhost:54663 for channel [id: 0xcce9decb, L:/127.0.0.1:61759 - R:localhost/127.0.0.1:54663]
19:24:21.037 [Forwarding isElementDisplayed on session f1159ae19cd38a284a7ec906ee09453e to remote] DEBUG org.asynchttpclient.netty.request.NettyRequestSender - Using pooled Channel '[id: 0xcce9decb, L:/127.0.0.1:61759 - R:localhost/127.0.0.1:54663]' for 'POST' to 'http://localhost:54663/session/f1159ae19cd38a284a7ec906ee09453e/execute/sync'
19:24:21.037 [Forwarding isElementDisplayed on session f1159ae19cd38a284a7ec906ee09453e to remote] DEBUG org.asynchttpclient.netty.request.NettyRequestSender - Using open Channel [id: 0xcce9decb, L:/127.0.0.1:61759 - R:localhost/127.0.0.1:54663] for POST '/session/f1159ae19cd38a284a7ec906ee09453e/execute/sync'
19:24:21.046 [AsyncHttpClient-1-2] DEBUG org.asynchttpclient.netty.handler.HttpHandler - 

Request DefaultHttpRequest(decodeResult: success, version: HTTP/1.1)
POST /session/f1159ae19cd38a284a7ec906ee09453e/execute/sync HTTP/1.1
User-Agent: selenium/4.4.0 (java windows)
Content-Length: 48780
Content-Type: application/json; charset=utf-8
host: localhost:54663
accept: */*

Response DefaultHttpResponse(decodeResult: success, version: HTTP/1.1)
HTTP/1.1 200 OK
Content-Type: application/json; charset=utf-8
cache-control: no-cache
content-length: 14

19:24:21.046 [AsyncHttpClient-1-2] DEBUG org.asynchttpclient.netty.channel.ChannelManager - Adding key: http://localhost:54663 for channel [id: 0xcce9decb, L:/127.0.0.1:61759 - R:localhost/127.0.0.1:54663]
19:24:21.048 [Forwarding clearElement on session f1159ae19cd38a284a7ec906ee09453e to remote] DEBUG org.asynchttpclient.netty.request.NettyRequestSender - Using pooled Channel '[id: 0xcce9decb, L:/127.0.0.1:61759 - R:localhost/127.0.0.1:54663]' for 'POST' to 'http://localhost:54663/session/f1159ae19cd38a284a7ec906ee09453e/element/336474ae-71d2-4a49-9184-215e39e66a67/clear'
19:24:21.048 [Forwarding clearElement on session f1159ae19cd38a284a7ec906ee09453e to remote] DEBUG org.asynchttpclient.netty.request.NettyRequestSender - Using open Channel [id: 0xcce9decb, L:/127.0.0.1:61759 - R:localhost/127.0.0.1:54663] for POST '/session/f1159ae19cd38a284a7ec906ee09453e/element/336474ae-71d2-4a49-9184-215e39e66a67/clear'
19:24:21.074 [AsyncHttpClient-1-2] DEBUG org.asynchttpclient.netty.handler.HttpHandler - 

Request DefaultHttpRequest(decodeResult: success, version: HTTP/1.1)
POST /session/f1159ae19cd38a284a7ec906ee09453e/element/336474ae-71d2-4a49-9184-215e39e66a67/clear HTTP/1.1
User-Agent: selenium/4.4.0 (java windows)
Content-Length: 50
Content-Type: application/json; charset=utf-8
host: localhost:54663
accept: */*

Response DefaultHttpResponse(decodeResult: success, version: HTTP/1.1)
HTTP/1.1 200 OK
Content-Type: application/json; charset=utf-8
cache-control: no-cache
content-length: 14

19:24:21.074 [AsyncHttpClient-1-2] DEBUG org.asynchttpclient.netty.channel.ChannelManager - Adding key: http://localhost:54663 for channel [id: 0xcce9decb, L:/127.0.0.1:61759 - R:localhost/127.0.0.1:54663]
19:24:21.077 [Forwarding sendKeysToElement on session f1159ae19cd38a284a7ec906ee09453e to remote] DEBUG org.asynchttpclient.netty.request.NettyRequestSender - Using pooled Channel '[id: 0xcce9decb, L:/127.0.0.1:61759 - R:localhost/127.0.0.1:54663]' for 'POST' to 'http://localhost:54663/session/f1159ae19cd38a284a7ec906ee09453e/element/336474ae-71d2-4a49-9184-215e39e66a67/value'
19:24:21.077 [Forwarding sendKeysToElement on session f1159ae19cd38a284a7ec906ee09453e to remote] DEBUG org.asynchttpclient.netty.request.NettyRequestSender - Using open Channel [id: 0xcce9decb, L:/127.0.0.1:61759 - R:localhost/127.0.0.1:54663] for POST '/session/f1159ae19cd38a284a7ec906ee09453e/element/336474ae-71d2-4a49-9184-215e39e66a67/value'
19:24:21.114 [AsyncHttpClient-1-2] DEBUG org.asynchttpclient.netty.handler.HttpHandler - 

Request DefaultHttpRequest(decodeResult: success, version: HTTP/1.1)
POST /session/f1159ae19cd38a284a7ec906ee09453e/element/336474ae-71d2-4a49-9184-215e39e66a67/value HTTP/1.1
User-Agent: selenium/4.4.0 (java windows)
Content-Length: 261
Content-Type: application/json; charset=utf-8
host: localhost:54663
accept: */*

Response DefaultHttpResponse(decodeResult: success, version: HTTP/1.1)
HTTP/1.1 200 OK
Content-Type: application/json; charset=utf-8
cache-control: no-cache
content-length: 14

19:24:21.114 [AsyncHttpClient-1-2] DEBUG org.asynchttpclient.netty.channel.ChannelManager - Adding key: http://localhost:54663 for channel [id: 0xcce9decb, L:/127.0.0.1:61759 - R:localhost/127.0.0.1:54663]
19:24:21.119 [Forwarding findElement on session f1159ae19cd38a284a7ec906ee09453e to remote] DEBUG org.asynchttpclient.netty.request.NettyRequestSender - Using pooled Channel '[id: 0xcce9decb, L:/127.0.0.1:61759 - R:localhost/127.0.0.1:54663]' for 'POST' to 'http://localhost:54663/session/f1159ae19cd38a284a7ec906ee09453e/element'
19:24:21.119 [Forwarding findElement on session f1159ae19cd38a284a7ec906ee09453e to remote] DEBUG org.asynchttpclient.netty.request.NettyRequestSender - Using open Channel [id: 0xcce9decb, L:/127.0.0.1:61759 - R:localhost/127.0.0.1:54663] for POST '/session/f1159ae19cd38a284a7ec906ee09453e/element'
19:24:21.126 [AsyncHttpClient-1-2] DEBUG org.asynchttpclient.netty.handler.HttpHandler - 

Request DefaultHttpRequest(decodeResult: success, version: HTTP/1.1)
POST /session/f1159ae19cd38a284a7ec906ee09453e/element HTTP/1.1
User-Agent: selenium/4.4.0 (java windows)
Content-Length: 56
Content-Type: application/json; charset=utf-8
host: localhost:54663
accept: */*

Response DefaultHttpResponse(decodeResult: success, version: HTTP/1.1)
HTTP/1.1 200 OK
Content-Type: application/json; charset=utf-8
cache-control: no-cache
content-length: 88

19:24:21.126 [AsyncHttpClient-1-2] DEBUG org.asynchttpclient.netty.channel.ChannelManager - Adding key: http://localhost:54663 for channel [id: 0xcce9decb, L:/127.0.0.1:61759 - R:localhost/127.0.0.1:54663]
19:24:21.129 [Forwarding isElementDisplayed on session f1159ae19cd38a284a7ec906ee09453e to remote] DEBUG org.asynchttpclient.netty.request.NettyRequestSender - Using pooled Channel '[id: 0xcce9decb, L:/127.0.0.1:61759 - R:localhost/127.0.0.1:54663]' for 'POST' to 'http://localhost:54663/session/f1159ae19cd38a284a7ec906ee09453e/execute/sync'
19:24:21.129 [Forwarding isElementDisplayed on session f1159ae19cd38a284a7ec906ee09453e to remote] DEBUG org.asynchttpclient.netty.request.NettyRequestSender - Using open Channel [id: 0xcce9decb, L:/127.0.0.1:61759 - R:localhost/127.0.0.1:54663] for POST '/session/f1159ae19cd38a284a7ec906ee09453e/execute/sync'
19:24:21.140 [AsyncHttpClient-1-2] DEBUG org.asynchttpclient.netty.handler.HttpHandler - 

Request DefaultHttpRequest(decodeResult: success, version: HTTP/1.1)
POST /session/f1159ae19cd38a284a7ec906ee09453e/execute/sync HTTP/1.1
User-Agent: selenium/4.4.0 (java windows)
Content-Length: 48780
Content-Type: application/json; charset=utf-8
host: localhost:54663
accept: */*

Response DefaultHttpResponse(decodeResult: success, version: HTTP/1.1)
HTTP/1.1 200 OK
Content-Type: application/json; charset=utf-8
cache-control: no-cache
content-length: 14

19:24:21.140 [AsyncHttpClient-1-2] DEBUG org.asynchttpclient.netty.channel.ChannelManager - Adding key: http://localhost:54663 for channel [id: 0xcce9decb, L:/127.0.0.1:61759 - R:localhost/127.0.0.1:54663]
19:24:21.142 [Forwarding getElementTagName on session f1159ae19cd38a284a7ec906ee09453e to remote] DEBUG org.asynchttpclient.netty.request.NettyRequestSender - Using pooled Channel '[id: 0xcce9decb, L:/127.0.0.1:61759 - R:localhost/127.0.0.1:54663]' for 'GET' to 'http://localhost:54663/session/f1159ae19cd38a284a7ec906ee09453e/element/f23e9cd8-757f-4b6d-b5b0-fce2e7147194/name'
19:24:21.142 [Forwarding getElementTagName on session f1159ae19cd38a284a7ec906ee09453e to remote] DEBUG org.asynchttpclient.netty.request.NettyRequestSender - Using open Channel [id: 0xcce9decb, L:/127.0.0.1:61759 - R:localhost/127.0.0.1:54663] for GET '/session/f1159ae19cd38a284a7ec906ee09453e/element/f23e9cd8-757f-4b6d-b5b0-fce2e7147194/name'
19:24:21.145 [AsyncHttpClient-1-2] DEBUG org.asynchttpclient.netty.handler.HttpHandler - 

Request DefaultFullHttpRequest(decodeResult: success, version: HTTP/1.1, content: EmptyByteBufBE)
GET /session/f1159ae19cd38a284a7ec906ee09453e/element/f23e9cd8-757f-4b6d-b5b0-fce2e7147194/name HTTP/1.1
User-Agent: selenium/4.4.0 (java windows)
Cache-Control: no-cache
Content-Type: application/json; charset=utf-8
host: localhost:54663
accept: */*

Response DefaultHttpResponse(decodeResult: success, version: HTTP/1.1)
HTTP/1.1 200 OK
Content-Type: application/json; charset=utf-8
cache-control: no-cache
content-length: 18

19:24:21.146 [AsyncHttpClient-1-2] DEBUG org.asynchttpclient.netty.channel.ChannelManager - Adding key: http://localhost:54663 for channel [id: 0xcce9decb, L:/127.0.0.1:61759 - R:localhost/127.0.0.1:54663]
19:24:21.147 [Forwarding getElementTagName on session f1159ae19cd38a284a7ec906ee09453e to remote] DEBUG org.asynchttpclient.netty.request.NettyRequestSender - Using pooled Channel '[id: 0xcce9decb, L:/127.0.0.1:61759 - R:localhost/127.0.0.1:54663]' for 'GET' to 'http://localhost:54663/session/f1159ae19cd38a284a7ec906ee09453e/element/f23e9cd8-757f-4b6d-b5b0-fce2e7147194/name'
19:24:21.147 [Forwarding getElementTagName on session f1159ae19cd38a284a7ec906ee09453e to remote] DEBUG org.asynchttpclient.netty.request.NettyRequestSender - Using open Channel [id: 0xcce9decb, L:/127.0.0.1:61759 - R:localhost/127.0.0.1:54663] for GET '/session/f1159ae19cd38a284a7ec906ee09453e/element/f23e9cd8-757f-4b6d-b5b0-fce2e7147194/name'
19:24:21.151 [AsyncHttpClient-1-2] DEBUG org.asynchttpclient.netty.handler.HttpHandler - 

Request DefaultFullHttpRequest(decodeResult: success, version: HTTP/1.1, content: EmptyByteBufBE)
GET /session/f1159ae19cd38a284a7ec906ee09453e/element/f23e9cd8-757f-4b6d-b5b0-fce2e7147194/name HTTP/1.1
User-Agent: selenium/4.4.0 (java windows)
Cache-Control: no-cache
Content-Type: application/json; charset=utf-8
host: localhost:54663
accept: */*

Response DefaultHttpResponse(decodeResult: success, version: HTTP/1.1)
HTTP/1.1 200 OK
Content-Type: application/json; charset=utf-8
cache-control: no-cache
content-length: 18

19:24:21.152 [AsyncHttpClient-1-2] DEBUG org.asynchttpclient.netty.channel.ChannelManager - Adding key: http://localhost:54663 for channel [id: 0xcce9decb, L:/127.0.0.1:61759 - R:localhost/127.0.0.1:54663]
19:24:21.154 [Forwarding isElementEnabled on session f1159ae19cd38a284a7ec906ee09453e to remote] DEBUG org.asynchttpclient.netty.request.NettyRequestSender - Using pooled Channel '[id: 0xcce9decb, L:/127.0.0.1:61759 - R:localhost/127.0.0.1:54663]' for 'GET' to 'http://localhost:54663/session/f1159ae19cd38a284a7ec906ee09453e/element/f23e9cd8-757f-4b6d-b5b0-fce2e7147194/enabled'
19:24:21.154 [Forwarding isElementEnabled on session f1159ae19cd38a284a7ec906ee09453e to remote] DEBUG org.asynchttpclient.netty.request.NettyRequestSender - Using open Channel [id: 0xcce9decb, L:/127.0.0.1:61759 - R:localhost/127.0.0.1:54663] for GET '/session/f1159ae19cd38a284a7ec906ee09453e/element/f23e9cd8-757f-4b6d-b5b0-fce2e7147194/enabled'
19:24:21.161 [AsyncHttpClient-1-2] DEBUG org.asynchttpclient.netty.handler.HttpHandler - 

Request DefaultFullHttpRequest(decodeResult: success, version: HTTP/1.1, content: EmptyByteBufBE)
GET /session/f1159ae19cd38a284a7ec906ee09453e/element/f23e9cd8-757f-4b6d-b5b0-fce2e7147194/enabled HTTP/1.1
User-Agent: selenium/4.4.0 (java windows)
Cache-Control: no-cache
Content-Type: application/json; charset=utf-8
host: localhost:54663
accept: */*

Response DefaultHttpResponse(decodeResult: success, version: HTTP/1.1)
HTTP/1.1 200 OK
Content-Type: application/json; charset=utf-8
cache-control: no-cache
content-length: 14

19:24:21.161 [AsyncHttpClient-1-2] DEBUG org.asynchttpclient.netty.channel.ChannelManager - Adding key: http://localhost:54663 for channel [id: 0xcce9decb, L:/127.0.0.1:61759 - R:localhost/127.0.0.1:54663]
19:24:21.163 [Forwarding isElementEnabled on session f1159ae19cd38a284a7ec906ee09453e to remote] DEBUG org.asynchttpclient.netty.request.NettyRequestSender - Using pooled Channel '[id: 0xcce9decb, L:/127.0.0.1:61759 - R:localhost/127.0.0.1:54663]' for 'GET' to 'http://localhost:54663/session/f1159ae19cd38a284a7ec906ee09453e/element/f23e9cd8-757f-4b6d-b5b0-fce2e7147194/enabled'
19:24:21.163 [Forwarding isElementEnabled on session f1159ae19cd38a284a7ec906ee09453e to remote] DEBUG org.asynchttpclient.netty.request.NettyRequestSender - Using open Channel [id: 0xcce9decb, L:/127.0.0.1:61759 - R:localhost/127.0.0.1:54663] for GET '/session/f1159ae19cd38a284a7ec906ee09453e/element/f23e9cd8-757f-4b6d-b5b0-fce2e7147194/enabled'
19:24:21.167 [AsyncHttpClient-1-2] DEBUG org.asynchttpclient.netty.handler.HttpHandler - 

Request DefaultFullHttpRequest(decodeResult: success, version: HTTP/1.1, content: EmptyByteBufBE)
GET /session/f1159ae19cd38a284a7ec906ee09453e/element/f23e9cd8-757f-4b6d-b5b0-fce2e7147194/enabled HTTP/1.1
User-Agent: selenium/4.4.0 (java windows)
Cache-Control: no-cache
Content-Type: application/json; charset=utf-8
host: localhost:54663
accept: */*

Response DefaultHttpResponse(decodeResult: success, version: HTTP/1.1)
HTTP/1.1 200 OK
Content-Type: application/json; charset=utf-8
cache-control: no-cache
content-length: 14

19:24:21.168 [AsyncHttpClient-1-2] DEBUG org.asynchttpclient.netty.channel.ChannelManager - Adding key: http://localhost:54663 for channel [id: 0xcce9decb, L:/127.0.0.1:61759 - R:localhost/127.0.0.1:54663]
19:24:21.171 [Forwarding findElement on session f1159ae19cd38a284a7ec906ee09453e to remote] DEBUG org.asynchttpclient.netty.request.NettyRequestSender - Using pooled Channel '[id: 0xcce9decb, L:/127.0.0.1:61759 - R:localhost/127.0.0.1:54663]' for 'POST' to 'http://localhost:54663/session/f1159ae19cd38a284a7ec906ee09453e/element'
19:24:21.171 [Forwarding findElement on session f1159ae19cd38a284a7ec906ee09453e to remote] DEBUG org.asynchttpclient.netty.request.NettyRequestSender - Using open Channel [id: 0xcce9decb, L:/127.0.0.1:61759 - R:localhost/127.0.0.1:54663] for POST '/session/f1159ae19cd38a284a7ec906ee09453e/element'
19:24:21.175 [AsyncHttpClient-1-2] DEBUG org.asynchttpclient.netty.handler.HttpHandler - 

Request DefaultHttpRequest(decodeResult: success, version: HTTP/1.1)
POST /session/f1159ae19cd38a284a7ec906ee09453e/element HTTP/1.1
User-Agent: selenium/4.4.0 (java windows)
Content-Length: 56
Content-Type: application/json; charset=utf-8
host: localhost:54663
accept: */*

Response DefaultHttpResponse(decodeResult: success, version: HTTP/1.1)
HTTP/1.1 200 OK
Content-Type: application/json; charset=utf-8
cache-control: no-cache
content-length: 88

19:24:21.175 [AsyncHttpClient-1-2] DEBUG org.asynchttpclient.netty.channel.ChannelManager - Adding key: http://localhost:54663 for channel [id: 0xcce9decb, L:/127.0.0.1:61759 - R:localhost/127.0.0.1:54663]
19:24:21.178 [Forwarding isElementDisplayed on session f1159ae19cd38a284a7ec906ee09453e to remote] DEBUG org.asynchttpclient.netty.request.NettyRequestSender - Using pooled Channel '[id: 0xcce9decb, L:/127.0.0.1:61759 - R:localhost/127.0.0.1:54663]' for 'POST' to 'http://localhost:54663/session/f1159ae19cd38a284a7ec906ee09453e/execute/sync'
19:24:21.179 [Forwarding isElementDisplayed on session f1159ae19cd38a284a7ec906ee09453e to remote] DEBUG org.asynchttpclient.netty.request.NettyRequestSender - Using open Channel [id: 0xcce9decb, L:/127.0.0.1:61759 - R:localhost/127.0.0.1:54663] for POST '/session/f1159ae19cd38a284a7ec906ee09453e/execute/sync'
19:24:21.186 [AsyncHttpClient-1-2] DEBUG org.asynchttpclient.netty.handler.HttpHandler - 

Request DefaultHttpRequest(decodeResult: success, version: HTTP/1.1)
POST /session/f1159ae19cd38a284a7ec906ee09453e/execute/sync HTTP/1.1
User-Agent: selenium/4.4.0 (java windows)
Content-Length: 48780
Content-Type: application/json; charset=utf-8
host: localhost:54663
accept: */*

Response DefaultHttpResponse(decodeResult: success, version: HTTP/1.1)
HTTP/1.1 200 OK
Content-Type: application/json; charset=utf-8
cache-control: no-cache
content-length: 14

19:24:21.186 [AsyncHttpClient-1-2] DEBUG org.asynchttpclient.netty.channel.ChannelManager - Adding key: http://localhost:54663 for channel [id: 0xcce9decb, L:/127.0.0.1:61759 - R:localhost/127.0.0.1:54663]
19:24:21.187 [Forwarding clickElement on session f1159ae19cd38a284a7ec906ee09453e to remote] DEBUG org.asynchttpclient.netty.request.NettyRequestSender - Using pooled Channel '[id: 0xcce9decb, L:/127.0.0.1:61759 - R:localhost/127.0.0.1:54663]' for 'POST' to 'http://localhost:54663/session/f1159ae19cd38a284a7ec906ee09453e/element/f23e9cd8-757f-4b6d-b5b0-fce2e7147194/click'
19:24:21.187 [Forwarding clickElement on session f1159ae19cd38a284a7ec906ee09453e to remote] DEBUG org.asynchttpclient.netty.request.NettyRequestSender - Using open Channel [id: 0xcce9decb, L:/127.0.0.1:61759 - R:localhost/127.0.0.1:54663] for POST '/session/f1159ae19cd38a284a7ec906ee09453e/element/f23e9cd8-757f-4b6d-b5b0-fce2e7147194/click'
19:24:21.196 [AsyncHttpClient-1-1] DEBUG org.asynchttpclient.netty.channel.DefaultChannelPool - Entry count for : http://localhost:61760 : 1
19:24:21.541 [AsyncHttpClient-1-2] DEBUG org.asynchttpclient.netty.handler.HttpHandler - 

Request DefaultHttpRequest(decodeResult: success, version: HTTP/1.1)
POST /session/f1159ae19cd38a284a7ec906ee09453e/element/f23e9cd8-757f-4b6d-b5b0-fce2e7147194/click HTTP/1.1
User-Agent: selenium/4.4.0 (java windows)
Content-Length: 50
Content-Type: application/json; charset=utf-8
host: localhost:54663
accept: */*

Response DefaultHttpResponse(decodeResult: success, version: HTTP/1.1)
HTTP/1.1 200 OK
Content-Type: application/json; charset=utf-8
cache-control: no-cache
content-length: 14

19:24:21.541 [AsyncHttpClient-1-2] DEBUG org.asynchttpclient.netty.channel.ChannelManager - Adding key: http://localhost:54663 for channel [id: 0xcce9decb, L:/127.0.0.1:61759 - R:localhost/127.0.0.1:54663]
19:24:21.549 [Forwarding getCurrentWindowHandle on session f1159ae19cd38a284a7ec906ee09453e to remote] DEBUG org.asynchttpclient.netty.request.NettyRequestSender - Using pooled Channel '[id: 0xcce9decb, L:/127.0.0.1:61759 - R:localhost/127.0.0.1:54663]' for 'GET' to 'http://localhost:54663/session/f1159ae19cd38a284a7ec906ee09453e/window'
19:24:21.549 [Forwarding getCurrentWindowHandle on session f1159ae19cd38a284a7ec906ee09453e to remote] DEBUG org.asynchttpclient.netty.request.NettyRequestSender - Using open Channel [id: 0xcce9decb, L:/127.0.0.1:61759 - R:localhost/127.0.0.1:54663] for GET '/session/f1159ae19cd38a284a7ec906ee09453e/window'
19:24:21.550 [AsyncHttpClient-1-2] DEBUG org.asynchttpclient.netty.handler.HttpHandler - 

Request DefaultFullHttpRequest(decodeResult: success, version: HTTP/1.1, content: EmptyByteBufBE)
GET /session/f1159ae19cd38a284a7ec906ee09453e/window HTTP/1.1
User-Agent: selenium/4.4.0 (java windows)
Cache-Control: no-cache
Content-Type: application/json; charset=utf-8
host: localhost:54663
accept: */*

Response DefaultHttpResponse(decodeResult: success, version: HTTP/1.1)
HTTP/1.1 200 OK
Content-Type: application/json; charset=utf-8
cache-control: no-cache
content-length: 53

19:24:21.550 [AsyncHttpClient-1-2] DEBUG org.asynchttpclient.netty.channel.ChannelManager - Adding key: http://localhost:54663 for channel [id: 0xcce9decb, L:/127.0.0.1:61759 - R:localhost/127.0.0.1:54663]
19:24:21.551 [Forwarding getAlertText on session f1159ae19cd38a284a7ec906ee09453e to remote] DEBUG org.asynchttpclient.netty.request.NettyRequestSender - Using pooled Channel '[id: 0xcce9decb, L:/127.0.0.1:61759 - R:localhost/127.0.0.1:54663]' for 'GET' to 'http://localhost:54663/session/f1159ae19cd38a284a7ec906ee09453e/alert/text'
19:24:21.551 [Forwarding getAlertText on session f1159ae19cd38a284a7ec906ee09453e to remote] DEBUG org.asynchttpclient.netty.request.NettyRequestSender - Using open Channel [id: 0xcce9decb, L:/127.0.0.1:61759 - R:localhost/127.0.0.1:54663] for GET '/session/f1159ae19cd38a284a7ec906ee09453e/alert/text'
19:24:21.575 [AsyncHttpClient-1-2] DEBUG org.asynchttpclient.netty.handler.HttpHandler - 

Request DefaultFullHttpRequest(decodeResult: success, version: HTTP/1.1, content: EmptyByteBufBE)
GET /session/f1159ae19cd38a284a7ec906ee09453e/alert/text HTTP/1.1
User-Agent: selenium/4.4.0 (java windows)
Cache-Control: no-cache
Content-Type: application/json; charset=utf-8
host: localhost:54663
accept: */*

Response DefaultHttpResponse(decodeResult: success, version: HTTP/1.1)
HTTP/1.1 404 Not Found
Content-Type: application/json; charset=utf-8
cache-control: no-cache
content-length: 815

19:24:21.575 [AsyncHttpClient-1-2] DEBUG org.asynchttpclient.netty.channel.ChannelManager - Adding key: http://localhost:54663 for channel [id: 0xcce9decb, L:/127.0.0.1:61759 - R:localhost/127.0.0.1:54663]
19:24:21.577 [Forwarding switchToWindow on session f1159ae19cd38a284a7ec906ee09453e to remote] DEBUG org.asynchttpclient.netty.request.NettyRequestSender - Using pooled Channel '[id: 0xcce9decb, L:/127.0.0.1:61759 - R:localhost/127.0.0.1:54663]' for 'POST' to 'http://localhost:54663/session/f1159ae19cd38a284a7ec906ee09453e/window'
19:24:21.577 [Forwarding switchToWindow on session f1159ae19cd38a284a7ec906ee09453e to remote] DEBUG org.asynchttpclient.netty.request.NettyRequestSender - Using open Channel [id: 0xcce9decb, L:/127.0.0.1:61759 - R:localhost/127.0.0.1:54663] for POST '/session/f1159ae19cd38a284a7ec906ee09453e/window'
19:24:21.579 [AsyncHttpClient-1-2] DEBUG org.asynchttpclient.netty.handler.HttpHandler - 

Request DefaultHttpRequest(decodeResult: success, version: HTTP/1.1)
POST /session/f1159ae19cd38a284a7ec906ee09453e/window HTTP/1.1
User-Agent: selenium/4.4.0 (java windows)
Content-Length: 59
Content-Type: application/json; charset=utf-8
host: localhost:54663
accept: */*

Response DefaultHttpResponse(decodeResult: success, version: HTTP/1.1)
HTTP/1.1 200 OK
Content-Type: application/json; charset=utf-8
cache-control: no-cache
content-length: 14

19:24:21.580 [AsyncHttpClient-1-2] DEBUG org.asynchttpclient.netty.channel.ChannelManager - Adding key: http://localhost:54663 for channel [id: 0xcce9decb, L:/127.0.0.1:61759 - R:localhost/127.0.0.1:54663]
19:24:21.581 [Forwarding getCurrentUrl on session f1159ae19cd38a284a7ec906ee09453e to remote] DEBUG org.asynchttpclient.netty.request.NettyRequestSender - Using pooled Channel '[id: 0xcce9decb, L:/127.0.0.1:61759 - R:localhost/127.0.0.1:54663]' for 'GET' to 'http://localhost:54663/session/f1159ae19cd38a284a7ec906ee09453e/url'
19:24:21.581 [Forwarding getCurrentUrl on session f1159ae19cd38a284a7ec906ee09453e to remote] DEBUG org.asynchttpclient.netty.request.NettyRequestSender - Using open Channel [id: 0xcce9decb, L:/127.0.0.1:61759 - R:localhost/127.0.0.1:54663] for GET '/session/f1159ae19cd38a284a7ec906ee09453e/url'
19:24:21.585 [AsyncHttpClient-1-2] DEBUG org.asynchttpclient.netty.handler.HttpHandler - 

Request DefaultFullHttpRequest(decodeResult: success, version: HTTP/1.1, content: EmptyByteBufBE)
GET /session/f1159ae19cd38a284a7ec906ee09453e/url HTTP/1.1
User-Agent: selenium/4.4.0 (java windows)
Cache-Control: no-cache
Content-Type: application/json; charset=utf-8
host: localhost:54663
accept: */*

Response DefaultHttpResponse(decodeResult: success, version: HTTP/1.1)
HTTP/1.1 200 OK
Content-Type: application/json; charset=utf-8
cache-control: no-cache
content-length: 64

19:24:21.585 [AsyncHttpClient-1-2] DEBUG org.asynchttpclient.netty.channel.ChannelManager - Adding key: http://localhost:54663 for channel [id: 0xcce9decb, L:/127.0.0.1:61759 - R:localhost/127.0.0.1:54663]
19:24:21.587 [Forwarding screenshot on session f1159ae19cd38a284a7ec906ee09453e to remote] DEBUG org.asynchttpclient.netty.request.NettyRequestSender - Using pooled Channel '[id: 0xcce9decb, L:/127.0.0.1:61759 - R:localhost/127.0.0.1:54663]' for 'GET' to 'http://localhost:54663/session/f1159ae19cd38a284a7ec906ee09453e/screenshot'
19:24:21.587 [Forwarding screenshot on session f1159ae19cd38a284a7ec906ee09453e to remote] DEBUG org.asynchttpclient.netty.request.NettyRequestSender - Using open Channel [id: 0xcce9decb, L:/127.0.0.1:61759 - R:localhost/127.0.0.1:54663] for GET '/session/f1159ae19cd38a284a7ec906ee09453e/screenshot'
19:24:21.846 [AsyncHttpClient-1-2] DEBUG org.asynchttpclient.netty.handler.HttpHandler - 

Request DefaultFullHttpRequest(decodeResult: success, version: HTTP/1.1, content: EmptyByteBufBE)
GET /session/f1159ae19cd38a284a7ec906ee09453e/screenshot HTTP/1.1
User-Agent: selenium/4.4.0 (java windows)
Cache-Control: no-cache
Content-Type: application/json; charset=utf-8
host: localhost:54663
accept: */*

Response DefaultHttpResponse(decodeResult: success, version: HTTP/1.1)
HTTP/1.1 200 OK
Content-Type: application/json; charset=utf-8
cache-control: no-cache
content-length: 19916

19:24:21.846 [AsyncHttpClient-1-2] DEBUG org.asynchttpclient.netty.channel.ChannelManager - Adding key: http://localhost:54663 for channel [id: 0xcce9decb, L:/127.0.0.1:61759 - R:localhost/127.0.0.1:54663]
19:24:21.848 [main] DEBUG net.serenitybdd.core.photography.Darkroom - Send negative for processing for target\site\serenity\da2119d1ba7c8d2ee0a0d3f58d9f6d5698532d7faddb81715d798777f7a5beb8.png
19:24:21.849 [Darkroom Processing Line] DEBUG net.serenitybdd.core.photography.DarkroomProcessingLine - Processing screenshot image in /var/screenshots/screenshot-12655508435454710382
19:24:21.849 [Darkroom Processing Line] DEBUG net.serenitybdd.core.photography.DarkroomProcessingLine - Saving screenshot to target\site\serenity\da2119d1ba7c8d2ee0a0d3f58d9f6d5698532d7faddb81715d798777f7a5beb8.png
19:24:21.854 [Forwarding getPageSource on session f1159ae19cd38a284a7ec906ee09453e to remote] DEBUG org.asynchttpclient.netty.request.NettyRequestSender - Using pooled Channel '[id: 0xcce9decb, L:/127.0.0.1:61759 - R:localhost/127.0.0.1:54663]' for 'POST' to 'http://localhost:54663/session/f1159ae19cd38a284a7ec906ee09453e/execute/sync'
19:24:21.854 [Forwarding getPageSource on session f1159ae19cd38a284a7ec906ee09453e to remote] DEBUG org.asynchttpclient.netty.request.NettyRequestSender - Using open Channel [id: 0xcce9decb, L:/127.0.0.1:61759 - R:localhost/127.0.0.1:54663] for POST '/session/f1159ae19cd38a284a7ec906ee09453e/execute/sync'
19:24:21.858 [AsyncHttpClient-1-2] DEBUG org.asynchttpclient.netty.handler.HttpHandler - 

Request DefaultHttpRequest(decodeResult: success, version: HTTP/1.1)
POST /session/f1159ae19cd38a284a7ec906ee09453e/execute/sync HTTP/1.1
User-Agent: selenium/4.4.0 (java windows)
Content-Length: 176
Content-Type: application/json; charset=utf-8
host: localhost:54663
accept: */*

Response DefaultHttpResponse(decodeResult: success, version: HTTP/1.1)
HTTP/1.1 200 OK
Content-Type: application/json; charset=utf-8
cache-control: no-cache
content-length: 9968

19:24:21.858 [AsyncHttpClient-1-2] DEBUG org.asynchttpclient.netty.channel.ChannelManager - Adding key: http://localhost:54663 for channel [id: 0xcce9decb, L:/127.0.0.1:61759 - R:localhost/127.0.0.1:54663]
[...]

Request DefaultFullHttpRequest(decodeResult: success, version: HTTP/1.1, content: EmptyByteBufBE)
GET /session/78bf451c51b0e8a23bb44aac8f05b4df/element/6ee8a12a-dd38-4e5d-876c-1ec55e456359/text HTTP/1.1
User-Agent: selenium/4.4.0 (java windows)
Cache-Control: no-cache
Content-Type: application/json; charset=utf-8
host: localhost:53409
accept: */*

Response DefaultHttpResponse(decodeResult: success, version: HTTP/1.1)
HTTP/1.1 200 OK
Content-Type: application/json; charset=utf-8
cache-control: no-cache
content-length: 20

19:24:28.866 [AsyncHttpClient-1-5] DEBUG org.asynchttpclient.netty.channel.ChannelManager - Adding key: http://localhost:53409 for channel [id: 0x5031eeb7, L:/127.0.0.1:61801 - R:localhost/127.0.0.1:53409]
19:24:28.878 [Forwarding getCurrentWindowHandle on session 78bf451c51b0e8a23bb44aac8f05b4df to remote] DEBUG org.asynchttpclient.netty.request.NettyRequestSender - Using pooled Channel '[id: 0x5031eeb7, L:/127.0.0.1:61801 - R:localhost/127.0.0.1:53409]' for 'GET' to 'http://localhost:53409/session/78bf451c51b0e8a23bb44aac8f05b4df/window'
19:24:28.879 [Forwarding getCurrentWindowHandle on session 78bf451c51b0e8a23bb44aac8f05b4df to remote] DEBUG org.asynchttpclient.netty.request.NettyRequestSender - Using open Channel [id: 0x5031eeb7, L:/127.0.0.1:61801 - R:localhost/127.0.0.1:53409] for GET '/session/78bf451c51b0e8a23bb44aac8f05b4df/window'
19:24:28.879 [AsyncHttpClient-1-5] DEBUG org.asynchttpclient.netty.handler.HttpHandler - 

Request DefaultFullHttpRequest(decodeResult: success, version: HTTP/1.1, content: EmptyByteBufBE)
GET /session/78bf451c51b0e8a23bb44aac8f05b4df/window HTTP/1.1
User-Agent: selenium/4.4.0 (java windows)
Cache-Control: no-cache
Content-Type: application/json; charset=utf-8
host: localhost:53409
accept: */*

Response DefaultHttpResponse(decodeResult: success, version: HTTP/1.1)
HTTP/1.1 200 OK
Content-Type: application/json; charset=utf-8
cache-control: no-cache
content-length: 53

19:24:28.879 [AsyncHttpClient-1-5] DEBUG org.asynchttpclient.netty.channel.ChannelManager - Adding key: http://localhost:53409 for channel [id: 0x5031eeb7, L:/127.0.0.1:61801 - R:localhost/127.0.0.1:53409]
19:24:28.880 [Forwarding getAlertText on session 78bf451c51b0e8a23bb44aac8f05b4df to remote] DEBUG org.asynchttpclient.netty.request.NettyRequestSender - Using pooled Channel '[id: 0x5031eeb7, L:/127.0.0.1:61801 - R:localhost/127.0.0.1:53409]' for 'GET' to 'http://localhost:53409/session/78bf451c51b0e8a23bb44aac8f05b4df/alert/text'
19:24:28.880 [Forwarding getAlertText on session 78bf451c51b0e8a23bb44aac8f05b4df to remote] DEBUG org.asynchttpclient.netty.request.NettyRequestSender - Using open Channel [id: 0x5031eeb7, L:/127.0.0.1:61801 - R:localhost/127.0.0.1:53409] for GET '/session/78bf451c51b0e8a23bb44aac8f05b4df/alert/text'
19:24:28.881 [AsyncHttpClient-1-5] DEBUG org.asynchttpclient.netty.handler.HttpHandler - 

Request DefaultFullHttpRequest(decodeResult: success, version: HTTP/1.1, content: EmptyByteBufBE)
GET /session/78bf451c51b0e8a23bb44aac8f05b4df/alert/text HTTP/1.1
User-Agent: selenium/4.4.0 (java windows)
Cache-Control: no-cache
Content-Type: application/json; charset=utf-8
host: localhost:53409
accept: */*

Response DefaultHttpResponse(decodeResult: success, version: HTTP/1.1)
HTTP/1.1 404 Not Found
Content-Type: application/json; charset=utf-8
cache-control: no-cache
content-length: 815

19:24:28.881 [AsyncHttpClient-1-5] DEBUG org.asynchttpclient.netty.channel.ChannelManager - Adding key: http://localhost:53409 for channel [id: 0x5031eeb7, L:/127.0.0.1:61801 - R:localhost/127.0.0.1:53409]
19:24:28.883 [Forwarding switchToWindow on session 78bf451c51b0e8a23bb44aac8f05b4df to remote] DEBUG org.asynchttpclient.netty.request.NettyRequestSender - Using pooled Channel '[id: 0x5031eeb7, L:/127.0.0.1:61801 - R:localhost/127.0.0.1:53409]' for 'POST' to 'http://localhost:53409/session/78bf451c51b0e8a23bb44aac8f05b4df/window'
19:24:28.883 [Forwarding switchToWindow on session 78bf451c51b0e8a23bb44aac8f05b4df to remote] DEBUG org.asynchttpclient.netty.request.NettyRequestSender - Using open Channel [id: 0x5031eeb7, L:/127.0.0.1:61801 - R:localhost/127.0.0.1:53409] for POST '/session/78bf451c51b0e8a23bb44aac8f05b4df/window'
19:24:28.885 [AsyncHttpClient-1-5] DEBUG org.asynchttpclient.netty.handler.HttpHandler - 

Request DefaultHttpRequest(decodeResult: success, version: HTTP/1.1)
POST /session/78bf451c51b0e8a23bb44aac8f05b4df/window HTTP/1.1
User-Agent: selenium/4.4.0 (java windows)
Content-Length: 59
Content-Type: application/json; charset=utf-8
host: localhost:53409
accept: */*

Response DefaultHttpResponse(decodeResult: success, version: HTTP/1.1)
HTTP/1.1 200 OK
Content-Type: application/json; charset=utf-8
cache-control: no-cache
content-length: 14

19:24:28.885 [AsyncHttpClient-1-5] DEBUG org.asynchttpclient.netty.channel.ChannelManager - Adding key: http://localhost:53409 for channel [id: 0x5031eeb7, L:/127.0.0.1:61801 - R:localhost/127.0.0.1:53409]
19:24:28.886 [Forwarding getCurrentUrl on session 78bf451c51b0e8a23bb44aac8f05b4df to remote] DEBUG org.asynchttpclient.netty.request.NettyRequestSender - Using pooled Channel '[id: 0x5031eeb7, L:/127.0.0.1:61801 - R:localhost/127.0.0.1:53409]' for 'GET' to 'http://localhost:53409/session/78bf451c51b0e8a23bb44aac8f05b4df/url'
19:24:28.886 [Forwarding getCurrentUrl on session 78bf451c51b0e8a23bb44aac8f05b4df to remote] DEBUG org.asynchttpclient.netty.request.NettyRequestSender - Using open Channel [id: 0x5031eeb7, L:/127.0.0.1:61801 - R:localhost/127.0.0.1:53409] for GET '/session/78bf451c51b0e8a23bb44aac8f05b4df/url'
19:24:28.888 [AsyncHttpClient-1-5] DEBUG org.asynchttpclient.netty.handler.HttpHandler - 

Request DefaultFullHttpRequest(decodeResult: success, version: HTTP/1.1, content: EmptyByteBufBE)
GET /session/78bf451c51b0e8a23bb44aac8f05b4df/url HTTP/1.1
User-Agent: selenium/4.4.0 (java windows)
Cache-Control: no-cache
Content-Type: application/json; charset=utf-8
host: localhost:53409
accept: */*

Response DefaultHttpResponse(decodeResult: success, version: HTTP/1.1)
HTTP/1.1 200 OK
Content-Type: application/json; charset=utf-8
cache-control: no-cache
content-length: 75

19:24:28.888 [AsyncHttpClient-1-5] DEBUG org.asynchttpclient.netty.channel.ChannelManager - Adding key: http://localhost:53409 for channel [id: 0x5031eeb7, L:/127.0.0.1:61801 - R:localhost/127.0.0.1:53409]
19:24:28.889 [Forwarding screenshot on session 78bf451c51b0e8a23bb44aac8f05b4df to remote] DEBUG org.asynchttpclient.netty.request.NettyRequestSender - Using pooled Channel '[id: 0x5031eeb7, L:/127.0.0.1:61801 - R:localhost/127.0.0.1:53409]' for 'GET' to 'http://localhost:53409/session/78bf451c51b0e8a23bb44aac8f05b4df/screenshot'
19:24:28.889 [Forwarding screenshot on session 78bf451c51b0e8a23bb44aac8f05b4df to remote] DEBUG org.asynchttpclient.netty.request.NettyRequestSender - Using open Channel [id: 0x5031eeb7, L:/127.0.0.1:61801 - R:localhost/127.0.0.1:53409] for GET '/session/78bf451c51b0e8a23bb44aac8f05b4df/screenshot'
19:24:28.903 [AsyncHttpClient-1-1] DEBUG org.asynchttpclient.netty.channel.DefaultChannelPool - Entry count for : http://localhost:61802 : 1
19:24:28.963 [AsyncHttpClient-1-5] DEBUG org.asynchttpclient.netty.handler.HttpHandler - 

Request DefaultFullHttpRequest(decodeResult: success, version: HTTP/1.1, content: EmptyByteBufBE)
GET /session/78bf451c51b0e8a23bb44aac8f05b4df/screenshot HTTP/1.1
User-Agent: selenium/4.4.0 (java windows)
Cache-Control: no-cache
Content-Type: application/json; charset=utf-8
host: localhost:53409
accept: */*

Response DefaultHttpResponse(decodeResult: success, version: HTTP/1.1)
HTTP/1.1 200 OK
Content-Type: application/json; charset=utf-8
cache-control: no-cache
content-length: 21016

19:24:28.964 [AsyncHttpClient-1-5] DEBUG org.asynchttpclient.netty.channel.ChannelManager - Adding key: http://localhost:53409 for channel [id: 0x5031eeb7, L:/127.0.0.1:61801 - R:localhost/127.0.0.1:53409]
19:24:28.965 [main] DEBUG net.serenitybdd.core.photography.Darkroom - Send negative for processing for target\site\serenity\78aa8f7c085df4cfbf23718925d3b26381df13c35a4771b96c6deb5430198959.png
19:24:28.965 [Darkroom Processing Line] DEBUG net.serenitybdd.core.photography.DarkroomProcessingLine - Processing screenshot image in /var/screenshots/screenshot-1282278317667149909
19:24:28.965 [Darkroom Processing Line] DEBUG net.serenitybdd.core.photography.DarkroomProcessingLine - Saving screenshot to target\site\serenity\78aa8f7c085df4cfbf23718925d3b26381df13c35a4771b96c6deb5430198959.png
19:24:28.967 [Forwarding getPageSource on session 78bf451c51b0e8a23bb44aac8f05b4df to remote] DEBUG org.asynchttpclient.netty.request.NettyRequestSender - Using pooled Channel '[id: 0x5031eeb7, L:/127.0.0.1:61801 - R:localhost/127.0.0.1:53409]' for 'POST' to 'http://localhost:53409/session/78bf451c51b0e8a23bb44aac8f05b4df/execute/sync'
19:24:28.967 [Forwarding getPageSource on session 78bf451c51b0e8a23bb44aac8f05b4df to remote] DEBUG org.asynchttpclient.netty.request.NettyRequestSender - Using open Channel [id: 0x5031eeb7, L:/127.0.0.1:61801 - R:localhost/127.0.0.1:53409] for POST '/session/78bf451c51b0e8a23bb44aac8f05b4df/execute/sync'
19:24:28.971 [AsyncHttpClient-1-5] DEBUG org.asynchttpclient.netty.handler.HttpHandler - 

Request DefaultHttpRequest(decodeResult: success, version: HTTP/1.1)
POST /session/78bf451c51b0e8a23bb44aac8f05b4df/execute/sync HTTP/1.1
User-Agent: selenium/4.4.0 (java windows)
Content-Length: 176
Content-Type: application/json; charset=utf-8
host: localhost:53409
accept: */*

Response DefaultHttpResponse(decodeResult: success, version: HTTP/1.1)
HTTP/1.1 200 OK
Content-Type: application/json; charset=utf-8
cache-control: no-cache
content-length: 8111

19:24:28.971 [AsyncHttpClient-1-5] DEBUG org.asynchttpclient.netty.channel.ChannelManager - Adding key: http://localhost:53409 for channel [id: 0x5031eeb7, L:/127.0.0.1:61801 - R:localhost/127.0.0.1:53409]
19:24:28.974 [Forwarding getCurrentUrl on session 78bf451c51b0e8a23bb44aac8f05b4df to remote] DEBUG org.asynchttpclient.netty.request.NettyRequestSender - Using pooled Channel '[id: 0x5031eeb7, L:/127.0.0.1:61801 - R:localhost/127.0.0.1:53409]' for 'GET' to 'http://localhost:53409/session/78bf451c51b0e8a23bb44aac8f05b4df/url'
19:24:28.974 [Forwarding getCurrentUrl on session 78bf451c51b0e8a23bb44aac8f05b4df to remote] DEBUG org.asynchttpclient.netty.request.NettyRequestSender - Using open Channel [id: 0x5031eeb7, L:/127.0.0.1:61801 - R:localhost/127.0.0.1:53409] for GET '/session/78bf451c51b0e8a23bb44aac8f05b4df/url'
19:24:28.976 [AsyncHttpClient-1-5] DEBUG org.asynchttpclient.netty.handler.HttpHandler - 

Request DefaultFullHttpRequest(decodeResult: success, version: HTTP/1.1, content: EmptyByteBufBE)
GET /session/78bf451c51b0e8a23bb44aac8f05b4df/url HTTP/1.1
User-Agent: selenium/4.4.0 (java windows)
Cache-Control: no-cache
Content-Type: application/json; charset=utf-8
host: localhost:53409
accept: */*

Response DefaultHttpResponse(decodeResult: success, version: HTTP/1.1)
HTTP/1.1 200 OK
Content-Type: application/json; charset=utf-8
cache-control: no-cache
content-length: 75

19:24:28.976 [AsyncHttpClient-1-5] DEBUG org.asynchttpclient.netty.channel.ChannelManager - Adding key: http://localhost:53409 for channel [id: 0x5031eeb7, L:/127.0.0.1:61801 - R:localhost/127.0.0.1:53409]
19:24:28.984 [Forwarding getPageSource on session 78bf451c51b0e8a23bb44aac8f05b4df to remote] DEBUG org.asynchttpclient.netty.request.NettyRequestSender - Using pooled Channel '[id: 0x5031eeb7, L:/127.0.0.1:61801 - R:localhost/127.0.0.1:53409]' for 'POST' to 'http://localhost:53409/session/78bf451c51b0e8a23bb44aac8f05b4df/execute/sync'
19:24:28.984 [Forwarding getPageSource on session 78bf451c51b0e8a23bb44aac8f05b4df to remote] DEBUG org.asynchttpclient.netty.request.NettyRequestSender - Using open Channel [id: 0x5031eeb7, L:/127.0.0.1:61801 - R:localhost/127.0.0.1:53409] for POST '/session/78bf451c51b0e8a23bb44aac8f05b4df/execute/sync'
19:24:28.987 [AsyncHttpClient-1-5] DEBUG org.asynchttpclient.netty.handler.HttpHandler - 

Request DefaultHttpRequest(decodeResult: success, version: HTTP/1.1)
POST /session/78bf451c51b0e8a23bb44aac8f05b4df/execute/sync HTTP/1.1
User-Agent: selenium/4.4.0 (java windows)
Content-Length: 176
Content-Type: application/json; charset=utf-8
host: localhost:53409
accept: */*

Response DefaultHttpResponse(decodeResult: success, version: HTTP/1.1)
HTTP/1.1 200 OK
Content-Type: application/json; charset=utf-8
cache-control: no-cache
content-length: 8111

19:24:28.987 [AsyncHttpClient-1-5] DEBUG org.asynchttpclient.netty.channel.ChannelManager - Adding key: http://localhost:53409 for channel [id: 0x5031eeb7, L:/127.0.0.1:61801 - R:localhost/127.0.0.1:53409]
19:24:28.990 [Forwarding getCurrentUrl on session 78bf451c51b0e8a23bb44aac8f05b4df to remote] DEBUG org.asynchttpclient.netty.request.NettyRequestSender - Using pooled Channel '[id: 0x5031eeb7, L:/127.0.0.1:61801 - R:localhost/127.0.0.1:53409]' for 'GET' to 'http://localhost:53409/session/78bf451c51b0e8a23bb44aac8f05b4df/url'
19:24:28.990 [Forwarding getCurrentUrl on session 78bf451c51b0e8a23bb44aac8f05b4df to remote] DEBUG org.asynchttpclient.netty.request.NettyRequestSender - Using open Channel [id: 0x5031eeb7, L:/127.0.0.1:61801 - R:localhost/127.0.0.1:53409] for GET '/session/78bf451c51b0e8a23bb44aac8f05b4df/url'
19:24:28.993 [AsyncHttpClient-1-5] DEBUG org.asynchttpclient.netty.handler.HttpHandler - 

Request DefaultFullHttpRequest(decodeResult: success, version: HTTP/1.1, content: EmptyByteBufBE)
GET /session/78bf451c51b0e8a23bb44aac8f05b4df/url HTTP/1.1
User-Agent: selenium/4.4.0 (java windows)
Cache-Control: no-cache
Content-Type: application/json; charset=utf-8
host: localhost:53409
accept: */*

Response DefaultHttpResponse(decodeResult: success, version: HTTP/1.1)
HTTP/1.1 200 OK
Content-Type: application/json; charset=utf-8
cache-control: no-cache
content-length: 75

19:24:28.993 [AsyncHttpClient-1-5] DEBUG org.asynchttpclient.netty.channel.ChannelManager - Adding key: http://localhost:53409 for channel [id: 0x5031eeb7, L:/127.0.0.1:61801 - R:localhost/127.0.0.1:53409]
19:24:29.017 [AsyncHttpClient-1-7] DEBUG org.asynchttpclient.netty.handler.WebSocketHandler - Channel Closed: [id: 0x70b69372, L:/127.0.0.1:61809 ! R:localhost/127.0.0.1:61802] with attribute NettyResponseFuture{currentRetry=0,
	isDone=1,
	isCancelled=0,
	asyncHandler=org.asynchttpclient.ws.WebSocketUpgradeHandler@56e53722,
	nettyRequest=org.asynchttpclient.netty.request.NettyRequest@13e7b39a,
	future=java.util.concurrent.CompletableFuture@252e8278[Completed normally],
	uri=ws://localhost:61802/devtools/browser/2cc3c12c-1174-497e-a60d-f3c959097391,
	keepAlive=true,
	redirectCount=0,
	timeoutsHolder=null,
	inAuth=0,
	touch=1673483064694}
19:24:29.018 [Driver Command Executor] DEBUG org.asynchttpclient.netty.request.NettyRequestSender - Using pooled Channel '[id: 0x5031eeb7, L:/127.0.0.1:61801 - R:localhost/127.0.0.1:53409]' for 'DELETE' to 'http://localhost:53409/session/78bf451c51b0e8a23bb44aac8f05b4df'
19:24:29.018 [AsyncHttpClient-1-7] DEBUG org.asynchttpclient.netty.channel.ChannelManager - Closing Channel [id: 0x70b69372, L:/127.0.0.1:61809 ! R:localhost/127.0.0.1:61802] 
19:24:29.018 [Driver Command Executor] DEBUG org.asynchttpclient.netty.request.NettyRequestSender - Using open Channel [id: 0x5031eeb7, L:/127.0.0.1:61801 - R:localhost/127.0.0.1:53409] for DELETE '/session/78bf451c51b0e8a23bb44aac8f05b4df'
19:24:29.047 [AsyncHttpClient-1-6] DEBUG org.asynchttpclient.netty.handler.HttpHandler - Unexpected I/O exception on channel [id: 0x6eeeb0dc, L:/127.0.0.1:61808 - R:localhost/127.0.0.1:61802]
java.io.IOException: Se ha forzado la interrupción de una conexión existente por el host remoto
	at java.base/sun.nio.ch.SocketDispatcher.read0(Native Method)
	at java.base/sun.nio.ch.SocketDispatcher.read(SocketDispatcher.java:43)
	at java.base/sun.nio.ch.IOUtil.readIntoNativeBuffer(IOUtil.java:276)
	at java.base/sun.nio.ch.IOUtil.read(IOUtil.java:233)
	at java.base/sun.nio.ch.IOUtil.read(IOUtil.java:223)
	at java.base/sun.nio.ch.SocketChannelImpl.read(SocketChannelImpl.java:358)
	at io.netty.buffer.PooledByteBuf.setBytes(PooledByteBuf.java:258)
	at io.netty.buffer.AbstractByteBuf.writeBytes(AbstractByteBuf.java:1132)
	at io.netty.channel.socket.nio.NioSocketChannel.doReadBytes(NioSocketChannel.java:357)
	at io.netty.channel.nio.AbstractNioByteChannel$NioByteUnsafe.read(AbstractNioByteChannel.java:151)
	at io.netty.channel.nio.NioEventLoop.processSelectedKey(NioEventLoop.java:722)
	at io.netty.channel.nio.NioEventLoop.processSelectedKeysOptimized(NioEventLoop.java:658)
	at io.netty.channel.nio.NioEventLoop.processSelectedKeys(NioEventLoop.java:584)
	at io.netty.channel.nio.NioEventLoop.run(NioEventLoop.java:496)
	at io.netty.util.concurrent.SingleThreadEventExecutor$4.run(SingleThreadEventExecutor.java:997)
	at io.netty.util.internal.ThreadExecutorMap$2.run(ThreadExecutorMap.java:74)
	at io.netty.util.concurrent.FastThreadLocalRunnable.run(FastThreadLocalRunnable.java:30)
	at java.base/java.lang.Thread.run(Thread.java:834)
19:24:29.047 [AsyncHttpClient-1-6] DEBUG org.asynchttpclient.netty.channel.ChannelManager - Closing Channel [id: 0x6eeeb0dc, L:/127.0.0.1:61808 - R:localhost/127.0.0.1:61802] 
19:24:29.048 [AsyncHttpClient-1-6] DEBUG org.asynchttpclient.netty.handler.HttpHandler - Channel Closed: [id: 0x6eeeb0dc, L:/127.0.0.1:61808 ! R:localhost/127.0.0.1:61802] with attribute DISCARD
19:24:29.063 [AsyncHttpClient-1-5] DEBUG org.asynchttpclient.netty.handler.HttpHandler - 

Request DefaultFullHttpRequest(decodeResult: success, version: HTTP/1.1, content: EmptyByteBufBE)
DELETE /session/78bf451c51b0e8a23bb44aac8f05b4df HTTP/1.1
User-Agent: selenium/4.4.0 (java windows)
Content-Type: application/json; charset=utf-8
host: localhost:53409
accept: */*

Response DefaultHttpResponse(decodeResult: success, version: HTTP/1.1)
HTTP/1.1 200 OK
Content-Type: application/json; charset=utf-8
cache-control: no-cache
content-length: 14

19:24:29.064 [AsyncHttpClient-1-5] DEBUG org.asynchttpclient.netty.channel.ChannelManager - Adding key: http://localhost:53409 for channel [id: 0x5031eeb7, L:/127.0.0.1:61801 - R:localhost/127.0.0.1:53409]
19:24:29.103 [AsyncHttpClient-1-5] DEBUG org.asynchttpclient.netty.handler.HttpHandler - Channel Closed: [id: 0x5031eeb7, L:/127.0.0.1:61801 ! R:localhost/127.0.0.1:53409] with attribute DISCARD
19:24:29.632 [main] ERROR  - 
  _____   ___   ___   _____     ___     _     ___   _      ___   ___  
 |_   _| | __| / __| |_   _|   | __|   /_\   |_ _| | |    | __| |   \ 
   | |   | _|  \__ \   | |     | _|   / _ \   | |  | |__  | _|  | |) |
   |_|   |___| |___/   |_|     |_|   /_/ \_\ |___| |____| |___| |___/ 

Validar que make appointment fue exitosa
-----------------------------------------------------------------------
19:24:29.633 [main] DEBUG  - RELATED ISSUES: 
19:24:29.634 [main] ERROR  -     Test failed at step: Validate data appointment: Hongkong CURA Healthcare Center, Nod, Medicare, 13/01/2023, cucumber
19:24:29.634 [main] ERROR  -     expected:<No[]> but was:<No[d]>
]]></system-out>
    <system-err><![CDATA[Starting ChromeDriver 108.0.5359.71 (1e0e3868ee06e91ad636a874420e3ca3ae3756ac-refs/branch-heads/5359@{#1016}) on port 53409
Only local connections are allowed.
Please see https://chromedriver.chromium.org/security-considerations for suggestions on keeping ChromeDriver safe.
ChromeDriver was started successfully.
ene. 11, 2023 7:24:24 P. M. org.openqa.selenium.remote.ProtocolHandshake createSession
INFO: Detected upstream dialect: W3C
ene. 11, 2023 7:24:24 P. M. org.openqa.selenium.devtools.CdpVersionFinder findNearestMatch
WARNING: Unable to find an exact match for CDP version 108, so returning the closest version found: 104
ene. 11, 2023 7:24:24 P. M. org.openqa.selenium.devtools.CdpVersionFinder findNearestMatch
INFO: Found CDP implementation for version 108 of 104
]]></system-err>
  </testcase>
</testsuite>